[0.710s] Invoking command in '/home/thanhtan/ros_ws/build/serial_motor_demo': PYTHONPATH=/home/thanhtan/ros_ws/build/serial_motor_demo/prefix_override:/usr/lib/python3/dist-packages/colcon_core/task/python/colcon_distutils_commands:/home/thanhtan/ros_ws/install/serial_motor_demo/lib/python3.8/site-packages:/home/thanhtan/ros_ws/install/serial_motor_demo_msgs/lib/python3.8/site-packages:/home/thanhtan/ros_ws/install/serial_motor_demo/lib/python3.8/site-packages:/opt/ros/foxy/lib/python3.8/site-packages /usr/bin/python3 -W ignore:setup.py install is deprecated setup.py develop --editable --build-directory /home/thanhtan/ros_ws/build/serial_motor_demo/build --no-deps symlink_data
[0.947s] running develop
[0.947s] /home/thanhtan/.local/lib/python3.8/site-packages/setuptools/command/easy_install.py:144: EasyInstallDeprecationWarning: easy_install command is deprecated. Use build and pip and other standards-based tools.
[0.947s]   warnings.warn(
[1.094s] running egg_info
[1.105s] writing serial_motor_demo.egg-info/PKG-INFO
[1.106s] writing dependency_links to serial_motor_demo.egg-info/dependency_links.txt
[1.106s] writing entry points to serial_motor_demo.egg-info/entry_points.txt
[1.106s] writing requirements to serial_motor_demo.egg-info/requires.txt
[1.106s] writing top-level names to serial_motor_demo.egg-info/top_level.txt
[1.126s] reading manifest file 'serial_motor_demo.egg-info/SOURCES.txt'
[1.127s] writing manifest file 'serial_motor_demo.egg-info/SOURCES.txt'
[1.169s] running build_ext
[1.169s] Creating /home/thanhtan/ros_ws/install/serial_motor_demo/lib/python3.8/site-packages/serial-motor-demo.egg-link (link to .)
[1.170s] Installing driver script to /home/thanhtan/ros_ws/install/serial_motor_demo/lib/serial_motor_demo
[1.170s] Installing gui script to /home/thanhtan/ros_ws/install/serial_motor_demo/lib/serial_motor_demo
[1.170s] 
[1.171s] Installed /home/thanhtan/ros_ws/build/serial_motor_demo
[1.171s] running symlink_data
[1.205s] Invoked command in '/home/thanhtan/ros_ws/build/serial_motor_demo' returned '0': PYTHONPATH=/home/thanhtan/ros_ws/build/serial_motor_demo/prefix_override:/usr/lib/python3/dist-packages/colcon_core/task/python/colcon_distutils_commands:/home/thanhtan/ros_ws/install/serial_motor_demo/lib/python3.8/site-packages:/home/thanhtan/ros_ws/install/serial_motor_demo_msgs/lib/python3.8/site-packages:/home/thanhtan/ros_ws/install/serial_motor_demo/lib/python3.8/site-packages:/opt/ros/foxy/lib/python3.8/site-packages /usr/bin/python3 -W ignore:setup.py install is deprecated setup.py develop --editable --build-directory /home/thanhtan/ros_ws/build/serial_motor_demo/build --no-deps symlink_data
