[0.015s] Invoking command in '/home/thanhtan/ros_ws/build/serial_motor_demo_msgs': CMAKE_PREFIX_PATH=${CMAKE_PREFIX_PATH}:/opt/ros/foxy PS1=\[\e]0;\u@\h: \w\a\]${debian_chroot:+($debian_chroot)}\[\033[01;32m\]\u@\h\[\033[00m\]:\[\033[01;34m\]\w\[\033[00m\]\$ /usr/bin/cmake /home/thanhtan/ros_ws/src/serial_motor_demo/serial_motor_demo_msgs -DCMAKE_INSTALL_PREFIX=/home/thanhtan/ros_ws/install/serial_motor_demo_msgs
[0.068s] -- The C compiler identification is GNU 9.4.0
[0.115s] -- The CXX compiler identification is GNU 9.4.0
[0.120s] -- Check for working C compiler: /usr/bin/cc
[0.203s] -- Check for working C compiler: /usr/bin/cc -- works
[0.204s] -- Detecting C compiler ABI info
[0.269s] -- Detecting C compiler ABI info - done
[0.285s] -- Detecting C compile features
[0.285s] -- Detecting C compile features - done
[0.287s] -- Check for working CXX compiler: /usr/bin/c++
[0.363s] -- Check for working CXX compiler: /usr/bin/c++ -- works
[0.364s] -- Detecting CXX compiler ABI info
[0.449s] -- Detecting CXX compiler ABI info - done
[0.457s] -- Detecting CXX compile features
[0.457s] -- Detecting CXX compile features - done
[0.460s] -- Found ament_cmake: 0.9.12 (/opt/ros/foxy/share/ament_cmake/cmake)
[0.484s] -- Found PythonInterp: /usr/bin/python3 (found suitable version "3.8.10", minimum required is "3") 
[0.484s] -- Using PYTHON_EXECUTABLE: /usr/bin/python3
[0.681s] -- Found ament_lint_auto: 0.9.8 (/opt/ros/foxy/share/ament_lint_auto/cmake)
[0.749s] -- Found rosidl_default_generators: 1.0.1 (/opt/ros/foxy/share/rosidl_default_generators/cmake)
[0.751s] -- Using all available rosidl_typesupport_c: rosidl_typesupport_fastrtps_c;rosidl_typesupport_introspection_c
[0.758s] -- Found rosidl_adapter: 1.3.1 (/opt/ros/foxy/share/rosidl_adapter/cmake)
[0.870s] -- Found OpenSSL: /usr/lib/x86_64-linux-gnu/libcrypto.so (found version "1.1.1f")  
[0.897s] -- Found FastRTPS: /opt/ros/foxy/include  
[0.977s] -- Using all available rosidl_typesupport_cpp: rosidl_typesupport_fastrtps_cpp;rosidl_typesupport_introspection_cpp
[1.023s] -- Found PythonInterp: /usr/bin/python3 (found version "3.8.10") 
[1.088s] -- Found ament_cmake_ros: 0.9.2 (/opt/ros/foxy/share/ament_cmake_ros/cmake)
[1.187s] -- Using all available rosidl_typesupport_c: rosidl_typesupport_fastrtps_c;rosidl_typesupport_introspection_c
[1.194s] -- Using all available rosidl_typesupport_cpp: rosidl_typesupport_fastrtps_cpp;rosidl_typesupport_introspection_cpp
[1.219s] -- Found PythonInterp: /usr/bin/python3 (found suitable version "3.8.10", minimum required is "3.5") 
[1.224s] -- Found python_cmake_module: 0.8.1 (/opt/ros/foxy/share/python_cmake_module/cmake)
[1.254s] -- Found PythonLibs: /usr/lib/x86_64-linux-gnu/libpython3.8.so (found suitable version "3.8.10", minimum required is "3.5") 
[1.254s] -- Using PYTHON_EXECUTABLE: /usr/bin/python3
[1.254s] -- Using PYTHON_INCLUDE_DIRS: /usr/include/python3.8
[1.254s] -- Using PYTHON_LIBRARIES: /usr/lib/x86_64-linux-gnu/libpython3.8.so
[1.282s] -- Found PythonExtra: .so  
[1.428s] -- Added test 'copyright' to check source files copyright and LICENSE
[1.430s] -- Added test 'lint_cmake' to check CMake code style
[1.430s] -- Added test 'xmllint' to check XML markup files
[1.440s] -- Configuring done
[1.482s] -- Generating done
[1.485s] -- Build files have been written to: /home/thanhtan/ros_ws/build/serial_motor_demo_msgs
[1.492s] Invoked command in '/home/thanhtan/ros_ws/build/serial_motor_demo_msgs' returned '0': CMAKE_PREFIX_PATH=${CMAKE_PREFIX_PATH}:/opt/ros/foxy PS1=\[\e]0;\u@\h: \w\a\]${debian_chroot:+($debian_chroot)}\[\033[01;32m\]\u@\h\[\033[00m\]:\[\033[01;34m\]\w\[\033[00m\]\$ /usr/bin/cmake /home/thanhtan/ros_ws/src/serial_motor_demo/serial_motor_demo_msgs -DCMAKE_INSTALL_PREFIX=/home/thanhtan/ros_ws/install/serial_motor_demo_msgs
[1.495s] Invoking command in '/home/thanhtan/ros_ws/build/serial_motor_demo_msgs': CMAKE_PREFIX_PATH=${CMAKE_PREFIX_PATH}:/opt/ros/foxy PS1=\[\e]0;\u@\h: \w\a\]${debian_chroot:+($debian_chroot)}\[\033[01;32m\]\u@\h\[\033[00m\]:\[\033[01;34m\]\w\[\033[00m\]\$ /usr/bin/cmake --build /home/thanhtan/ros_ws/build/serial_motor_demo_msgs -- -j12 -l12
[1.544s] [  2%] [34m[1mGenerating C code for ROS interfaces[0m
[1.544s] [35m[1mScanning dependencies of target serial_motor_demo_msgs__cpp[0m
[1.555s] [  4%] [34m[1mGenerating C++ code for ROS interfaces[0m
[1.820s] [  4%] Built target serial_motor_demo_msgs__cpp
[1.832s] [  6%] [34m[1mGenerating C++ type support dispatch for ROS interfaces[0m
[1.832s] [  8%] [34m[1mGenerating C++ type support for eProsima Fast-RTPS[0m
[1.834s] [ 10%] [34m[1mGenerating C++ introspection for ROS interfaces[0m
[1.839s] [35m[1mScanning dependencies of target serial_motor_demo_msgs__rosidl_generator_c[0m
[1.854s] [ 12%] [32mBuilding C object CMakeFiles/serial_motor_demo_msgs__rosidl_generator_c.dir/rosidl_generator_c/serial_motor_demo_msgs/msg/detail/motor_command__functions.c.o[0m
[1.856s] [ 17%] [32mBuilding C object CMakeFiles/serial_motor_demo_msgs__rosidl_generator_c.dir/rosidl_generator_c/serial_motor_demo_msgs/msg/detail/motor_vels__functions.c.o[0m
[1.857s] [ 17%] [32mBuilding C object CMakeFiles/serial_motor_demo_msgs__rosidl_generator_c.dir/rosidl_generator_c/serial_motor_demo_msgs/msg/detail/encoder_vals__functions.c.o[0m
[1.918s] [ 19%] [32m[1mLinking C shared library libserial_motor_demo_msgs__rosidl_generator_c.so[0m
[1.960s] [ 19%] Built target serial_motor_demo_msgs__rosidl_generator_c
[1.973s] [ 23%] [34m[1mGenerating C introspection for ROS interfaces[0m
[1.974s] [ 23%] [34m[1mGenerating C type support dispatch for ROS interfaces[0m
[2.070s] [35m[1mScanning dependencies of target serial_motor_demo_msgs__rosidl_typesupport_cpp[0m
[2.085s] [ 25%] [32mBuilding CXX object CMakeFiles/serial_motor_demo_msgs__rosidl_typesupport_cpp.dir/rosidl_typesupport_cpp/serial_motor_demo_msgs/msg/motor_vels__type_support.cpp.o[0m
[2.086s] [ 27%] [32mBuilding CXX object CMakeFiles/serial_motor_demo_msgs__rosidl_typesupport_cpp.dir/rosidl_typesupport_cpp/serial_motor_demo_msgs/msg/encoder_vals__type_support.cpp.o[0m
[2.086s] [ 29%] [32mBuilding CXX object CMakeFiles/serial_motor_demo_msgs__rosidl_typesupport_cpp.dir/rosidl_typesupport_cpp/serial_motor_demo_msgs/msg/motor_command__type_support.cpp.o[0m
[2.222s] [35m[1mScanning dependencies of target serial_motor_demo_msgs__rosidl_typesupport_introspection_cpp[0m
[2.245s] [ 31%] [32mBuilding CXX object CMakeFiles/serial_motor_demo_msgs__rosidl_typesupport_introspection_cpp.dir/rosidl_typesupport_introspection_cpp/serial_motor_demo_msgs/msg/detail/motor_command__type_support.cpp.o[0m
[2.250s] [ 34%] [32mBuilding CXX object CMakeFiles/serial_motor_demo_msgs__rosidl_typesupport_introspection_cpp.dir/rosidl_typesupport_introspection_cpp/serial_motor_demo_msgs/msg/detail/motor_vels__type_support.cpp.o[0m
[2.258s] [ 36%] [32mBuilding CXX object CMakeFiles/serial_motor_demo_msgs__rosidl_typesupport_introspection_cpp.dir/rosidl_typesupport_introspection_cpp/serial_motor_demo_msgs/msg/detail/encoder_vals__type_support.cpp.o[0m
[2.264s] [35m[1mScanning dependencies of target serial_motor_demo_msgs__rosidl_typesupport_fastrtps_cpp[0m
[2.289s] [ 38%] [32mBuilding CXX object CMakeFiles/serial_motor_demo_msgs__rosidl_typesupport_fastrtps_cpp.dir/rosidl_typesupport_fastrtps_cpp/serial_motor_demo_msgs/msg/detail/dds_fastrtps/motor_command__type_support.cpp.o[0m
[2.291s] [ 40%] [32mBuilding CXX object CMakeFiles/serial_motor_demo_msgs__rosidl_typesupport_fastrtps_cpp.dir/rosidl_typesupport_fastrtps_cpp/serial_motor_demo_msgs/msg/detail/dds_fastrtps/motor_vels__type_support.cpp.o[0m
[2.294s] [35m[1mScanning dependencies of target serial_motor_demo_msgs__rosidl_typesupport_introspection_c[0m
[2.311s] [ 42%] [32mBuilding CXX object CMakeFiles/serial_motor_demo_msgs__rosidl_typesupport_fastrtps_cpp.dir/rosidl_typesupport_fastrtps_cpp/serial_motor_demo_msgs/msg/detail/dds_fastrtps/encoder_vals__type_support.cpp.o[0m
[2.314s] [35m[1mScanning dependencies of target serial_motor_demo_msgs__rosidl_typesupport_c[0m
[2.331s] [ 44%] [32mBuilding C object CMakeFiles/serial_motor_demo_msgs__rosidl_typesupport_introspection_c.dir/rosidl_typesupport_introspection_c/serial_motor_demo_msgs/msg/detail/motor_vels__type_support.c.o[0m
[2.346s] [ 46%] [32mBuilding C object CMakeFiles/serial_motor_demo_msgs__rosidl_typesupport_introspection_c.dir/rosidl_typesupport_introspection_c/serial_motor_demo_msgs/msg/detail/motor_command__type_support.c.o[0m
[2.363s] [ 48%] [32mBuilding CXX object CMakeFiles/serial_motor_demo_msgs__rosidl_typesupport_c.dir/rosidl_typesupport_c/serial_motor_demo_msgs/msg/motor_command__type_support.cpp.o[0m
[2.419s] [ 51%] [32mBuilding C object CMakeFiles/serial_motor_demo_msgs__rosidl_typesupport_introspection_c.dir/rosidl_typesupport_introspection_c/serial_motor_demo_msgs/msg/detail/encoder_vals__type_support.c.o[0m
[2.421s] [ 53%] [32mBuilding CXX object CMakeFiles/serial_motor_demo_msgs__rosidl_typesupport_c.dir/rosidl_typesupport_c/serial_motor_demo_msgs/msg/motor_vels__type_support.cpp.o[0m
[2.455s] [ 55%] [32mBuilding CXX object CMakeFiles/serial_motor_demo_msgs__rosidl_typesupport_c.dir/rosidl_typesupport_c/serial_motor_demo_msgs/msg/encoder_vals__type_support.cpp.o[0m
[2.486s] [ 57%] [32m[1mLinking C shared library libserial_motor_demo_msgs__rosidl_typesupport_introspection_c.so[0m
[2.502s] [ 59%] [32m[1mLinking CXX shared library libserial_motor_demo_msgs__rosidl_typesupport_c.so[0m
[2.517s] [ 61%] [32m[1mLinking CXX shared library libserial_motor_demo_msgs__rosidl_typesupport_cpp.so[0m
[2.531s] [ 61%] Built target serial_motor_demo_msgs__rosidl_typesupport_introspection_c
[2.565s] [ 61%] Built target serial_motor_demo_msgs__rosidl_typesupport_c
[2.572s] [ 61%] Built target serial_motor_demo_msgs__rosidl_typesupport_cpp
[2.656s] [ 63%] [32m[1mLinking CXX shared library libserial_motor_demo_msgs__rosidl_typesupport_introspection_cpp.so[0m
[2.699s] [ 63%] Built target serial_motor_demo_msgs__rosidl_typesupport_introspection_cpp
[2.776s] [ 65%] [32m[1mLinking CXX shared library libserial_motor_demo_msgs__rosidl_typesupport_fastrtps_cpp.so[0m
[2.857s] [ 65%] Built target serial_motor_demo_msgs__rosidl_typesupport_fastrtps_cpp
[2.871s] [ 68%] [34m[1mGenerating C type support for eProsima Fast-RTPS[0m
[3.087s] [35m[1mScanning dependencies of target serial_motor_demo_msgs__rosidl_typesupport_fastrtps_c[0m
[3.104s] [ 72%] [32mBuilding CXX object CMakeFiles/serial_motor_demo_msgs__rosidl_typesupport_fastrtps_c.dir/rosidl_typesupport_fastrtps_c/serial_motor_demo_msgs/msg/detail/motor_command__type_support_c.cpp.o[0m
[3.104s] [ 72%] [32mBuilding CXX object CMakeFiles/serial_motor_demo_msgs__rosidl_typesupport_fastrtps_c.dir/rosidl_typesupport_fastrtps_c/serial_motor_demo_msgs/msg/detail/motor_vels__type_support_c.cpp.o[0m
[3.104s] [ 74%] [32mBuilding CXX object CMakeFiles/serial_motor_demo_msgs__rosidl_typesupport_fastrtps_c.dir/rosidl_typesupport_fastrtps_c/serial_motor_demo_msgs/msg/detail/encoder_vals__type_support_c.cpp.o[0m
[3.400s] [ 76%] [32m[1mLinking CXX shared library libserial_motor_demo_msgs__rosidl_typesupport_fastrtps_c.so[0m
[3.494s] [ 76%] Built target serial_motor_demo_msgs__rosidl_typesupport_fastrtps_c
[3.507s] [35m[1mScanning dependencies of target serial_motor_demo_msgs[0m
[3.518s] [ 76%] Built target serial_motor_demo_msgs
[3.531s] [35m[1mScanning dependencies of target serial_motor_demo_msgs__py[0m
[3.548s] [ 78%] [34m[1mGenerating Python code for ROS interfaces[0m
[3.973s] [ 78%] Built target serial_motor_demo_msgs__py
[3.987s] [35m[1mScanning dependencies of target serial_motor_demo_msgs__python[0m
[4.009s] [ 85%] [32mBuilding C object CMakeFiles/serial_motor_demo_msgs__python.dir/rosidl_generator_py/serial_motor_demo_msgs/msg/_motor_vels_s.c.o[0m
[4.009s] [ 85%] [32mBuilding C object CMakeFiles/serial_motor_demo_msgs__python.dir/rosidl_generator_py/serial_motor_demo_msgs/msg/_encoder_vals_s.c.o[0m
[4.009s] [ 85%] [32mBuilding C object CMakeFiles/serial_motor_demo_msgs__python.dir/rosidl_generator_py/serial_motor_demo_msgs/msg/_motor_command_s.c.o[0m
[4.088s] [ 87%] [32m[1mLinking C shared library rosidl_generator_py/serial_motor_demo_msgs/libserial_motor_demo_msgs__python.so[0m
[4.148s] [ 87%] Built target serial_motor_demo_msgs__python
[4.159s] [35m[1mScanning dependencies of target serial_motor_demo_msgs__rosidl_typesupport_introspection_c__pyext[0m
[4.160s] [35m[1mScanning dependencies of target serial_motor_demo_msgs__rosidl_typesupport_fastrtps_c__pyext[0m
[4.160s] [35m[1mScanning dependencies of target serial_motor_demo_msgs__rosidl_typesupport_c__pyext[0m
[4.176s] [ 91%] [32mBuilding C object CMakeFiles/serial_motor_demo_msgs__rosidl_typesupport_c__pyext.dir/rosidl_generator_py/serial_motor_demo_msgs/_serial_motor_demo_msgs_s.ep.rosidl_typesupport_c.c.o[0m
[4.176s] [ 91%] [32mBuilding C object CMakeFiles/serial_motor_demo_msgs__rosidl_typesupport_introspection_c__pyext.dir/rosidl_generator_py/serial_motor_demo_msgs/_serial_motor_demo_msgs_s.ep.rosidl_typesupport_introspection_c.c.o[0m
[4.179s] [ 93%] [32mBuilding C object CMakeFiles/serial_motor_demo_msgs__rosidl_typesupport_fastrtps_c__pyext.dir/rosidl_generator_py/serial_motor_demo_msgs/_serial_motor_demo_msgs_s.ep.rosidl_typesupport_fastrtps_c.c.o[0m
[4.254s] [ 95%] [32m[1mLinking C shared library rosidl_generator_py/serial_motor_demo_msgs/serial_motor_demo_msgs_s__rosidl_typesupport_introspection_c.cpython-38-x86_64-linux-gnu.so[0m
[4.255s] [ 97%] [32m[1mLinking C shared library rosidl_generator_py/serial_motor_demo_msgs/serial_motor_demo_msgs_s__rosidl_typesupport_c.cpython-38-x86_64-linux-gnu.so[0m
[4.260s] [100%] [32m[1mLinking CXX shared library rosidl_generator_py/serial_motor_demo_msgs/serial_motor_demo_msgs_s__rosidl_typesupport_fastrtps_c.cpython-38-x86_64-linux-gnu.so[0m
[4.290s] [100%] Built target serial_motor_demo_msgs__rosidl_typesupport_introspection_c__pyext
[4.290s] [100%] Built target serial_motor_demo_msgs__rosidl_typesupport_c__pyext
[4.323s] [100%] Built target serial_motor_demo_msgs__rosidl_typesupport_fastrtps_c__pyext
[4.336s] Invoked command in '/home/thanhtan/ros_ws/build/serial_motor_demo_msgs' returned '0': CMAKE_PREFIX_PATH=${CMAKE_PREFIX_PATH}:/opt/ros/foxy PS1=\[\e]0;\u@\h: \w\a\]${debian_chroot:+($debian_chroot)}\[\033[01;32m\]\u@\h\[\033[00m\]:\[\033[01;34m\]\w\[\033[00m\]\$ /usr/bin/cmake --build /home/thanhtan/ros_ws/build/serial_motor_demo_msgs -- -j12 -l12
[4.425s] Invoking command in '/home/thanhtan/ros_ws/build/serial_motor_demo_msgs': CMAKE_PREFIX_PATH=${CMAKE_PREFIX_PATH}:/opt/ros/foxy PS1=\[\e]0;\u@\h: \w\a\]${debian_chroot:+($debian_chroot)}\[\033[01;32m\]\u@\h\[\033[00m\]:\[\033[01;34m\]\w\[\033[00m\]\$ /usr/bin/cmake --install /home/thanhtan/ros_ws/build/serial_motor_demo_msgs
[4.433s] -- Install configuration: ""
[4.433s] -- Up-to-date: /home/thanhtan/ros_ws/install/serial_motor_demo_msgs/include/serial_motor_demo_msgs
[4.433s] -- Up-to-date: /home/thanhtan/ros_ws/install/serial_motor_demo_msgs/include/serial_motor_demo_msgs/msg
[4.433s] -- Up-to-date: /home/thanhtan/ros_ws/install/serial_motor_demo_msgs/include/serial_motor_demo_msgs/msg/detail
[4.433s] -- Installing: /home/thanhtan/ros_ws/install/serial_motor_demo_msgs/include/serial_motor_demo_msgs/msg/detail/encoder_vals__functions.c
[4.433s] -- Installing: /home/thanhtan/ros_ws/install/serial_motor_demo_msgs/include/serial_motor_demo_msgs/msg/detail/motor_vels__functions.c
[4.433s] -- Installing: /home/thanhtan/ros_ws/install/serial_motor_demo_msgs/include/serial_motor_demo_msgs/msg/detail/motor_command__functions.c
[4.434s] -- Installing: /home/thanhtan/ros_ws/install/serial_motor_demo_msgs/lib/libserial_motor_demo_msgs__rosidl_generator_c.so
[4.434s] -- Set runtime path of "/home/thanhtan/ros_ws/install/serial_motor_demo_msgs/lib/libserial_motor_demo_msgs__rosidl_generator_c.so" to ""
[4.434s] -- Up-to-date: /home/thanhtan/ros_ws/install/serial_motor_demo_msgs/include/serial_motor_demo_msgs
[4.434s] -- Up-to-date: /home/thanhtan/ros_ws/install/serial_motor_demo_msgs/include/serial_motor_demo_msgs/msg
[4.434s] -- Up-to-date: /home/thanhtan/ros_ws/install/serial_motor_demo_msgs/include/serial_motor_demo_msgs/msg/detail
[4.435s] -- Up-to-date: /home/thanhtan/ros_ws/install/serial_motor_demo_msgs/include/serial_motor_demo_msgs
[4.435s] -- Up-to-date: /home/thanhtan/ros_ws/install/serial_motor_demo_msgs/include/serial_motor_demo_msgs/msg
[4.435s] -- Up-to-date: /home/thanhtan/ros_ws/install/serial_motor_demo_msgs/include/serial_motor_demo_msgs/msg/detail
[4.435s] -- Installing: /home/thanhtan/ros_ws/install/serial_motor_demo_msgs/include/serial_motor_demo_msgs/msg/detail/dds_fastrtps
[4.435s] -- Up-to-date: /home/thanhtan/ros_ws/install/serial_motor_demo_msgs/include/serial_motor_demo_msgs
[4.435s] -- Up-to-date: /home/thanhtan/ros_ws/install/serial_motor_demo_msgs/include/serial_motor_demo_msgs/msg
[4.435s] -- Up-to-date: /home/thanhtan/ros_ws/install/serial_motor_demo_msgs/include/serial_motor_demo_msgs/msg/detail
[4.435s] -- Installing: /home/thanhtan/ros_ws/install/serial_motor_demo_msgs/include/serial_motor_demo_msgs/msg/detail/motor_command__type_support.c
[4.435s] -- Installing: /home/thanhtan/ros_ws/install/serial_motor_demo_msgs/include/serial_motor_demo_msgs/msg/detail/motor_vels__type_support.c
[4.435s] -- Installing: /home/thanhtan/ros_ws/install/serial_motor_demo_msgs/include/serial_motor_demo_msgs/msg/detail/encoder_vals__type_support.c
[4.436s] -- Installing: /home/thanhtan/ros_ws/install/serial_motor_demo_msgs/lib/libserial_motor_demo_msgs__rosidl_typesupport_introspection_c.so
[4.436s] -- Set runtime path of "/home/thanhtan/ros_ws/install/serial_motor_demo_msgs/lib/libserial_motor_demo_msgs__rosidl_typesupport_introspection_c.so" to ""
[4.436s] -- Installing: /home/thanhtan/ros_ws/install/serial_motor_demo_msgs/lib/libserial_motor_demo_msgs__rosidl_typesupport_c.so
[4.437s] -- Set runtime path of "/home/thanhtan/ros_ws/install/serial_motor_demo_msgs/lib/libserial_motor_demo_msgs__rosidl_typesupport_c.so" to ""
[4.437s] -- Up-to-date: /home/thanhtan/ros_ws/install/serial_motor_demo_msgs/include/serial_motor_demo_msgs
[4.437s] -- Up-to-date: /home/thanhtan/ros_ws/install/serial_motor_demo_msgs/include/serial_motor_demo_msgs/msg
[4.437s] -- Up-to-date: /home/thanhtan/ros_ws/install/serial_motor_demo_msgs/include/serial_motor_demo_msgs/msg/detail
[4.437s] -- Up-to-date: /home/thanhtan/ros_ws/install/serial_motor_demo_msgs/include/serial_motor_demo_msgs
[4.437s] -- Up-to-date: /home/thanhtan/ros_ws/install/serial_motor_demo_msgs/include/serial_motor_demo_msgs/msg
[4.437s] -- Up-to-date: /home/thanhtan/ros_ws/install/serial_motor_demo_msgs/include/serial_motor_demo_msgs/msg/detail
[4.437s] -- Installing: /home/thanhtan/ros_ws/install/serial_motor_demo_msgs/include/serial_motor_demo_msgs/msg/detail/motor_vels__type_support.cpp
[4.437s] -- Installing: /home/thanhtan/ros_ws/install/serial_motor_demo_msgs/include/serial_motor_demo_msgs/msg/detail/motor_command__type_support.cpp
[4.437s] -- Installing: /home/thanhtan/ros_ws/install/serial_motor_demo_msgs/include/serial_motor_demo_msgs/msg/detail/encoder_vals__type_support.cpp
[4.438s] -- Installing: /home/thanhtan/ros_ws/install/serial_motor_demo_msgs/lib/libserial_motor_demo_msgs__rosidl_typesupport_introspection_cpp.so
[4.438s] -- Set runtime path of "/home/thanhtan/ros_ws/install/serial_motor_demo_msgs/lib/libserial_motor_demo_msgs__rosidl_typesupport_introspection_cpp.so" to ""
[4.438s] -- Installing: /home/thanhtan/ros_ws/install/serial_motor_demo_msgs/lib/libserial_motor_demo_msgs__rosidl_typesupport_cpp.so
[4.439s] -- Set runtime path of "/home/thanhtan/ros_ws/install/serial_motor_demo_msgs/lib/libserial_motor_demo_msgs__rosidl_typesupport_cpp.so" to ""
[4.467s] Compiling '/home/thanhtan/ros_ws/install/serial_motor_demo_msgs/lib/python3.8/site-packages/serial_motor_demo_msgs/__init__.py'...
[4.470s] -- Up-to-date: /home/thanhtan/ros_ws/install/serial_motor_demo_msgs/lib/python3.8/site-packages/serial_motor_demo_msgs/msg
[4.470s] -- Installing: /home/thanhtan/ros_ws/install/serial_motor_demo_msgs/lib/python3.8/site-packages/serial_motor_demo_msgs/msg/_motor_command_s.c
[4.470s] -- Installing: /home/thanhtan/ros_ws/install/serial_motor_demo_msgs/lib/python3.8/site-packages/serial_motor_demo_msgs/msg/_encoder_vals_s.c
[4.470s] -- Installing: /home/thanhtan/ros_ws/install/serial_motor_demo_msgs/lib/python3.8/site-packages/serial_motor_demo_msgs/msg/_motor_vels_s.c
[4.476s] -- Installing: /home/thanhtan/ros_ws/install/serial_motor_demo_msgs/share/serial_motor_demo_msgs/package.dsv
[4.478s] -- Installing: /home/thanhtan/ros_ws/install/serial_motor_demo_msgs/share/serial_motor_demo_msgs/cmake/serial_motor_demo_msgs__rosidl_generator_cExport.cmake
[4.478s] -- Installing: /home/thanhtan/ros_ws/install/serial_motor_demo_msgs/share/serial_motor_demo_msgs/cmake/serial_motor_demo_msgs__rosidl_generator_cExport-noconfig.cmake
[4.479s] -- Installing: /home/thanhtan/ros_ws/install/serial_motor_demo_msgs/share/serial_motor_demo_msgs/cmake/serial_motor_demo_msgs__rosidl_typesupport_introspection_cExport.cmake
[4.479s] -- Installing: /home/thanhtan/ros_ws/install/serial_motor_demo_msgs/share/serial_motor_demo_msgs/cmake/serial_motor_demo_msgs__rosidl_typesupport_introspection_cExport-noconfig.cmake
[4.480s] -- Installing: /home/thanhtan/ros_ws/install/serial_motor_demo_msgs/share/serial_motor_demo_msgs/cmake/serial_motor_demo_msgs__rosidl_typesupport_cExport.cmake
[4.480s] -- Installing: /home/thanhtan/ros_ws/install/serial_motor_demo_msgs/share/serial_motor_demo_msgs/cmake/serial_motor_demo_msgs__rosidl_typesupport_cExport-noconfig.cmake
[4.480s] -- Installing: /home/thanhtan/ros_ws/install/serial_motor_demo_msgs/share/serial_motor_demo_msgs/cmake/serial_motor_demo_msgs__rosidl_generator_cppExport.cmake
[4.480s] -- Installing: /home/thanhtan/ros_ws/install/serial_motor_demo_msgs/share/serial_motor_demo_msgs/cmake/serial_motor_demo_msgs__rosidl_typesupport_introspection_cppExport.cmake
[4.480s] -- Installing: /home/thanhtan/ros_ws/install/serial_motor_demo_msgs/share/serial_motor_demo_msgs/cmake/serial_motor_demo_msgs__rosidl_typesupport_introspection_cppExport-noconfig.cmake
[4.481s] -- Installing: /home/thanhtan/ros_ws/install/serial_motor_demo_msgs/share/serial_motor_demo_msgs/cmake/serial_motor_demo_msgs__rosidl_typesupport_cppExport.cmake
[4.481s] -- Installing: /home/thanhtan/ros_ws/install/serial_motor_demo_msgs/share/serial_motor_demo_msgs/cmake/serial_motor_demo_msgs__rosidl_typesupport_cppExport-noconfig.cmake
[4.484s] Invoked command in '/home/thanhtan/ros_ws/build/serial_motor_demo_msgs' returned '0': CMAKE_PREFIX_PATH=${CMAKE_PREFIX_PATH}:/opt/ros/foxy PS1=\[\e]0;\u@\h: \w\a\]${debian_chroot:+($debian_chroot)}\[\033[01;32m\]\u@\h\[\033[00m\]:\[\033[01;34m\]\w\[\033[00m\]\$ /usr/bin/cmake --install /home/thanhtan/ros_ws/build/serial_motor_demo_msgs
