[0.024s] Invoking command in '/home/thanhtan/ros_ws/build/my_bot': CMAKE_PREFIX_PATH=${CMAKE_PREFIX_PATH}:/home/thanhtan/ros_ws/install/serial_motor_demo:/opt/ros/foxy /usr/bin/cmake --build /home/thanhtan/ros_ws/build/my_bot -- -j12 -l12
[0.065s] Invoked command in '/home/thanhtan/ros_ws/build/my_bot' returned '0': CMAKE_PREFIX_PATH=${CMAKE_PREFIX_PATH}:/home/thanhtan/ros_ws/install/serial_motor_demo:/opt/ros/foxy /usr/bin/cmake --build /home/thanhtan/ros_ws/build/my_bot -- -j12 -l12
[0.108s] Invoking command in '/home/thanhtan/ros_ws/build/my_bot': CMAKE_PREFIX_PATH=${CMAKE_PREFIX_PATH}:/home/thanhtan/ros_ws/install/serial_motor_demo:/opt/ros/foxy /usr/bin/cmake --install /home/thanhtan/ros_ws/build/my_bot
[0.117s] -- Install configuration: ""
[0.117s] -- Execute custom install script
[0.118s] -- Up-to-date symlink: /home/thanhtan/ros_ws/install/my_bot/share/my_bot/config/empty.yaml
[0.118s] -- Up-to-date symlink: /home/thanhtan/ros_ws/install/my_bot/share/my_bot/config/my_controllers.yaml
[0.118s] -- Up-to-date symlink: /home/thanhtan/ros_ws/install/my_bot/share/my_bot/config/view_robot_rviz.rviz
[0.118s] -- Up-to-date symlink: /home/thanhtan/ros_ws/install/my_bot/share/my_bot/description/camera.xacro
[0.118s] -- Up-to-date symlink: /home/thanhtan/ros_ws/install/my_bot/share/my_bot/description/gazebo_control.xacro
[0.119s] -- Up-to-date symlink: /home/thanhtan/ros_ws/install/my_bot/share/my_bot/description/inertial_macros.xacro
[0.119s] -- Up-to-date symlink: /home/thanhtan/ros_ws/install/my_bot/share/my_bot/description/lidar.xacro
[0.119s] -- Up-to-date symlink: /home/thanhtan/ros_ws/install/my_bot/share/my_bot/description/robot.urdf.xacro
[0.119s] -- Up-to-date symlink: /home/thanhtan/ros_ws/install/my_bot/share/my_bot/description/robot_core.xacro
[0.119s] -- Up-to-date symlink: /home/thanhtan/ros_ws/install/my_bot/share/my_bot/description/ros2_control.xacro
[0.119s] -- Symlinking: /home/thanhtan/ros_ws/install/my_bot/share/my_bot/launch/launch_robot.launch.py
[0.131s] -- Up-to-date symlink: /home/thanhtan/ros_ws/install/my_bot/share/my_bot/launch/launch_sim.launch.py
[0.131s] -- Up-to-date symlink: /home/thanhtan/ros_ws/install/my_bot/share/my_bot/launch/listener.launch.py
[0.132s] -- Up-to-date symlink: /home/thanhtan/ros_ws/install/my_bot/share/my_bot/launch/rsp.launch.py
[0.132s] -- Up-to-date symlink: /home/thanhtan/ros_ws/install/my_bot/share/my_bot/launch/talker.launch.py
[0.132s] -- Up-to-date symlink: /home/thanhtan/ros_ws/install/my_bot/share/my_bot/worlds/empty.world
[0.132s] -- Up-to-date symlink: /home/thanhtan/ros_ws/install/my_bot/share/my_bot/worlds/world_1
[0.133s] -- Up-to-date symlink: /home/thanhtan/ros_ws/install/my_bot/share/ament_index/resource_index/package_run_dependencies/my_bot
[0.133s] -- Up-to-date symlink: /home/thanhtan/ros_ws/install/my_bot/share/ament_index/resource_index/parent_prefix_path/my_bot
[0.133s] -- Up-to-date symlink: /home/thanhtan/ros_ws/install/my_bot/share/my_bot/environment/ament_prefix_path.sh
[0.134s] -- Up-to-date symlink: /home/thanhtan/ros_ws/install/my_bot/share/my_bot/environment/ament_prefix_path.dsv
[0.134s] -- Up-to-date symlink: /home/thanhtan/ros_ws/install/my_bot/share/my_bot/environment/path.sh
[0.134s] -- Up-to-date symlink: /home/thanhtan/ros_ws/install/my_bot/share/my_bot/environment/path.dsv
[0.134s] -- Up-to-date symlink: /home/thanhtan/ros_ws/install/my_bot/share/my_bot/local_setup.bash
[0.135s] -- Up-to-date symlink: /home/thanhtan/ros_ws/install/my_bot/share/my_bot/local_setup.sh
[0.135s] -- Up-to-date symlink: /home/thanhtan/ros_ws/install/my_bot/share/my_bot/local_setup.zsh
[0.135s] -- Up-to-date symlink: /home/thanhtan/ros_ws/install/my_bot/share/my_bot/local_setup.dsv
[0.135s] -- Symlinking: /home/thanhtan/ros_ws/install/my_bot/share/my_bot/package.dsv
[0.144s] -- Up-to-date symlink: /home/thanhtan/ros_ws/install/my_bot/share/ament_index/resource_index/packages/my_bot
[0.145s] -- Up-to-date symlink: /home/thanhtan/ros_ws/install/my_bot/share/my_bot/cmake/my_botConfig.cmake
[0.145s] -- Up-to-date symlink: /home/thanhtan/ros_ws/install/my_bot/share/my_bot/cmake/my_botConfig-version.cmake
[0.146s] -- Up-to-date symlink: /home/thanhtan/ros_ws/install/my_bot/share/my_bot/package.xml
[0.150s] Invoked command in '/home/thanhtan/ros_ws/build/my_bot' returned '0': CMAKE_PREFIX_PATH=${CMAKE_PREFIX_PATH}:/home/thanhtan/ros_ws/install/serial_motor_demo:/opt/ros/foxy /usr/bin/cmake --install /home/thanhtan/ros_ws/build/my_bot
