[0.255s] DEBUG:colcon:Command line arguments: ['/usr/bin/colcon', 'build', '--symlink-install']
[0.255s] DEBUG:colcon:Parsed command line arguments: Namespace(allow_overriding=[], ament_cmake_args=None, base_paths=['.'], build_base='build', catkin_cmake_args=None, catkin_skip_building_tests=False, cmake_args=None, cmake_clean_cache=False, cmake_clean_first=False, cmake_force_configure=False, cmake_target=None, cmake_target_skip_unavailable=False, continue_on_error=False, event_handlers=None, executor='parallel', ignore_user_meta=False, install_base='install', log_base=None, log_level=None, main=<bound method BuildVerb.main of <colcon_core.verb.build.BuildVerb object at 0x7f51133a1d30>>, merge_install=False, metas=['./colcon.meta'], mixin=None, mixin_files=None, mixin_verb=('build',), packages_above=None, packages_above_and_dependencies=None, packages_above_depth=None, packages_end=None, packages_ignore=None, packages_ignore_regex=None, packages_select=None, packages_select_build_failed=False, packages_select_by_dep=None, packages_select_regex=None, packages_select_test_failures=False, packages_skip=None, packages_skip_build_finished=False, packages_skip_by_dep=None, packages_skip_regex=None, packages_skip_test_passed=False, packages_skip_up_to=None, packages_start=None, packages_up_to=None, packages_up_to_regex=None, parallel_workers=12, paths=None, symlink_install=True, test_result_base=None, verb_extension=<colcon_core.verb.build.BuildVerb object at 0x7f51133a1d30>, verb_name='build', verb_parser=<colcon_mixin.mixin.mixin_argument.MixinArgumentDecorator object at 0x7f51133af250>)
[0.386s] Level 1:colcon.colcon_core.package_discovery:discover_packages(colcon_meta) check parameters
[0.386s] Level 1:colcon.colcon_core.package_discovery:discover_packages(recursive) check parameters
[0.386s] Level 1:colcon.colcon_core.package_discovery:discover_packages(ignore) check parameters
[0.386s] Level 1:colcon.colcon_core.package_discovery:discover_packages(path) check parameters
[0.386s] Level 1:colcon.colcon_core.package_discovery:discover_packages(colcon_meta) discover
[0.386s] Level 1:colcon.colcon_core.package_discovery:discover_packages(recursive) discover
[0.386s] INFO:colcon.colcon_core.package_discovery:Crawling recursively for packages in '/home/thanhtan/ros_ws'
[0.386s] Level 1:colcon.colcon_core.package_identification:_identify(.) by extensions ['ignore', 'ignore_ament_install']
[0.387s] Level 1:colcon.colcon_core.package_identification:_identify(.) by extension 'ignore'
[0.387s] Level 1:colcon.colcon_core.package_identification:_identify(.) by extension 'ignore_ament_install'
[0.387s] Level 1:colcon.colcon_core.package_identification:_identify(.) by extensions ['colcon_pkg']
[0.387s] Level 1:colcon.colcon_core.package_identification:_identify(.) by extension 'colcon_pkg'
[0.387s] Level 1:colcon.colcon_core.package_identification:_identify(.) by extensions ['colcon_meta']
[0.387s] Level 1:colcon.colcon_core.package_identification:_identify(.) by extension 'colcon_meta'
[0.387s] Level 1:colcon.colcon_core.package_identification:_identify(.) by extensions ['ros']
[0.387s] Level 1:colcon.colcon_core.package_identification:_identify(.) by extension 'ros'
[0.399s] Level 1:colcon.colcon_core.package_identification:_identify(.) by extensions ['cmake', 'python']
[0.399s] Level 1:colcon.colcon_core.package_identification:_identify(.) by extension 'cmake'
[0.399s] Level 1:colcon.colcon_core.package_identification:_identify(.) by extension 'python'
[0.399s] Level 1:colcon.colcon_core.package_identification:_identify(.) by extensions ['python_setup_py']
[0.399s] Level 1:colcon.colcon_core.package_identification:_identify(.) by extension 'python_setup_py'
[0.399s] Level 1:colcon.colcon_core.package_identification:_identify(build) by extensions ['ignore', 'ignore_ament_install']
[0.399s] Level 1:colcon.colcon_core.package_identification:_identify(build) by extension 'ignore'
[0.399s] Level 1:colcon.colcon_core.package_identification:_identify(build) ignored
[0.400s] Level 1:colcon.colcon_core.package_identification:_identify(install) by extensions ['ignore', 'ignore_ament_install']
[0.400s] Level 1:colcon.colcon_core.package_identification:_identify(install) by extension 'ignore'
[0.400s] Level 1:colcon.colcon_core.package_identification:_identify(install) ignored
[0.400s] Level 1:colcon.colcon_core.package_identification:_identify(log) by extensions ['ignore', 'ignore_ament_install']
[0.400s] Level 1:colcon.colcon_core.package_identification:_identify(log) by extension 'ignore'
[0.400s] Level 1:colcon.colcon_core.package_identification:_identify(log) ignored
[0.400s] Level 1:colcon.colcon_core.package_identification:_identify(src) by extensions ['ignore', 'ignore_ament_install']
[0.400s] Level 1:colcon.colcon_core.package_identification:_identify(src) by extension 'ignore'
[0.400s] Level 1:colcon.colcon_core.package_identification:_identify(src) by extension 'ignore_ament_install'
[0.400s] Level 1:colcon.colcon_core.package_identification:_identify(src) by extensions ['colcon_pkg']
[0.400s] Level 1:colcon.colcon_core.package_identification:_identify(src) by extension 'colcon_pkg'
[0.400s] Level 1:colcon.colcon_core.package_identification:_identify(src) by extensions ['colcon_meta']
[0.400s] Level 1:colcon.colcon_core.package_identification:_identify(src) by extension 'colcon_meta'
[0.400s] Level 1:colcon.colcon_core.package_identification:_identify(src) by extensions ['ros']
[0.400s] Level 1:colcon.colcon_core.package_identification:_identify(src) by extension 'ros'
[0.400s] Level 1:colcon.colcon_core.package_identification:_identify(src) by extensions ['cmake', 'python']
[0.400s] Level 1:colcon.colcon_core.package_identification:_identify(src) by extension 'cmake'
[0.400s] Level 1:colcon.colcon_core.package_identification:_identify(src) by extension 'python'
[0.400s] Level 1:colcon.colcon_core.package_identification:_identify(src) by extensions ['python_setup_py']
[0.400s] Level 1:colcon.colcon_core.package_identification:_identify(src) by extension 'python_setup_py'
[0.400s] Level 1:colcon.colcon_core.package_identification:_identify(src/my_bot) by extensions ['ignore', 'ignore_ament_install']
[0.401s] Level 1:colcon.colcon_core.package_identification:_identify(src/my_bot) by extension 'ignore'
[0.401s] Level 1:colcon.colcon_core.package_identification:_identify(src/my_bot) by extension 'ignore_ament_install'
[0.401s] Level 1:colcon.colcon_core.package_identification:_identify(src/my_bot) by extensions ['colcon_pkg']
[0.401s] Level 1:colcon.colcon_core.package_identification:_identify(src/my_bot) by extension 'colcon_pkg'
[0.401s] Level 1:colcon.colcon_core.package_identification:_identify(src/my_bot) by extensions ['colcon_meta']
[0.401s] Level 1:colcon.colcon_core.package_identification:_identify(src/my_bot) by extension 'colcon_meta'
[0.401s] Level 1:colcon.colcon_core.package_identification:_identify(src/my_bot) by extensions ['ros']
[0.401s] Level 1:colcon.colcon_core.package_identification:_identify(src/my_bot) by extension 'ros'
[0.403s] DEBUG:colcon.colcon_core.package_identification:Package 'src/my_bot' with type 'ros.ament_cmake' and name 'my_bot'
[0.403s] Level 1:colcon.colcon_core.package_identification:_identify(src/serial_motor_demo) by extensions ['ignore', 'ignore_ament_install']
[0.403s] Level 1:colcon.colcon_core.package_identification:_identify(src/serial_motor_demo) by extension 'ignore'
[0.403s] Level 1:colcon.colcon_core.package_identification:_identify(src/serial_motor_demo) by extension 'ignore_ament_install'
[0.403s] Level 1:colcon.colcon_core.package_identification:_identify(src/serial_motor_demo) by extensions ['colcon_pkg']
[0.403s] Level 1:colcon.colcon_core.package_identification:_identify(src/serial_motor_demo) by extension 'colcon_pkg'
[0.403s] Level 1:colcon.colcon_core.package_identification:_identify(src/serial_motor_demo) by extensions ['colcon_meta']
[0.403s] Level 1:colcon.colcon_core.package_identification:_identify(src/serial_motor_demo) by extension 'colcon_meta'
[0.403s] Level 1:colcon.colcon_core.package_identification:_identify(src/serial_motor_demo) by extensions ['ros']
[0.403s] Level 1:colcon.colcon_core.package_identification:_identify(src/serial_motor_demo) by extension 'ros'
[0.404s] Level 1:colcon.colcon_core.package_identification:_identify(src/serial_motor_demo) by extensions ['cmake', 'python']
[0.404s] Level 1:colcon.colcon_core.package_identification:_identify(src/serial_motor_demo) by extension 'cmake'
[0.404s] Level 1:colcon.colcon_core.package_identification:_identify(src/serial_motor_demo) by extension 'python'
[0.404s] Level 1:colcon.colcon_core.package_identification:_identify(src/serial_motor_demo) by extensions ['python_setup_py']
[0.404s] Level 1:colcon.colcon_core.package_identification:_identify(src/serial_motor_demo) by extension 'python_setup_py'
[0.404s] Level 1:colcon.colcon_core.package_identification:_identify(src/serial_motor_demo/serial_motor_demo) by extensions ['ignore', 'ignore_ament_install']
[0.404s] Level 1:colcon.colcon_core.package_identification:_identify(src/serial_motor_demo/serial_motor_demo) by extension 'ignore'
[0.404s] Level 1:colcon.colcon_core.package_identification:_identify(src/serial_motor_demo/serial_motor_demo) by extension 'ignore_ament_install'
[0.404s] Level 1:colcon.colcon_core.package_identification:_identify(src/serial_motor_demo/serial_motor_demo) by extensions ['colcon_pkg']
[0.404s] Level 1:colcon.colcon_core.package_identification:_identify(src/serial_motor_demo/serial_motor_demo) by extension 'colcon_pkg'
[0.404s] Level 1:colcon.colcon_core.package_identification:_identify(src/serial_motor_demo/serial_motor_demo) by extensions ['colcon_meta']
[0.404s] Level 1:colcon.colcon_core.package_identification:_identify(src/serial_motor_demo/serial_motor_demo) by extension 'colcon_meta'
[0.404s] Level 1:colcon.colcon_core.package_identification:_identify(src/serial_motor_demo/serial_motor_demo) by extensions ['ros']
[0.404s] Level 1:colcon.colcon_core.package_identification:_identify(src/serial_motor_demo/serial_motor_demo) by extension 'ros'
[0.405s] DEBUG:colcon.colcon_core.package_identification:Package 'src/serial_motor_demo/serial_motor_demo' with type 'ros.ament_python' and name 'serial_motor_demo'
[0.405s] Level 1:colcon.colcon_core.package_identification:_identify(src/serial_motor_demo/serial_motor_demo_msgs) by extensions ['ignore', 'ignore_ament_install']
[0.405s] Level 1:colcon.colcon_core.package_identification:_identify(src/serial_motor_demo/serial_motor_demo_msgs) by extension 'ignore'
[0.405s] Level 1:colcon.colcon_core.package_identification:_identify(src/serial_motor_demo/serial_motor_demo_msgs) by extension 'ignore_ament_install'
[0.405s] Level 1:colcon.colcon_core.package_identification:_identify(src/serial_motor_demo/serial_motor_demo_msgs) by extensions ['colcon_pkg']
[0.405s] Level 1:colcon.colcon_core.package_identification:_identify(src/serial_motor_demo/serial_motor_demo_msgs) by extension 'colcon_pkg'
[0.405s] Level 1:colcon.colcon_core.package_identification:_identify(src/serial_motor_demo/serial_motor_demo_msgs) by extensions ['colcon_meta']
[0.405s] Level 1:colcon.colcon_core.package_identification:_identify(src/serial_motor_demo/serial_motor_demo_msgs) by extension 'colcon_meta'
[0.405s] Level 1:colcon.colcon_core.package_identification:_identify(src/serial_motor_demo/serial_motor_demo_msgs) by extensions ['ros']
[0.405s] Level 1:colcon.colcon_core.package_identification:_identify(src/serial_motor_demo/serial_motor_demo_msgs) by extension 'ros'
[0.406s] DEBUG:colcon.colcon_core.package_identification:Package 'src/serial_motor_demo/serial_motor_demo_msgs' with type 'ros.ament_cmake' and name 'serial_motor_demo_msgs'
[0.406s] Level 1:colcon.colcon_core.package_discovery:discover_packages(recursive) using defaults
[0.406s] Level 1:colcon.colcon_core.package_discovery:discover_packages(ignore) discover
[0.406s] Level 1:colcon.colcon_core.package_discovery:discover_packages(ignore) using defaults
[0.406s] Level 1:colcon.colcon_core.package_discovery:discover_packages(path) discover
[0.406s] Level 1:colcon.colcon_core.package_discovery:discover_packages(path) using defaults
[0.425s] Level 1:colcon.colcon_core.package_discovery:discover_packages(prefix_path) check parameters
[0.426s] Level 1:colcon.colcon_core.package_discovery:discover_packages(prefix_path) discover
[0.428s] DEBUG:colcon.colcon_installed_package_information.package_discovery:Found 3 installed packages in /home/thanhtan/ros_ws/install
[0.429s] DEBUG:colcon.colcon_installed_package_information.package_discovery:Found 293 installed packages in /opt/ros/foxy
[0.430s] Level 1:colcon.colcon_core.package_discovery:discover_packages(prefix_path) using defaults
[0.496s] Level 5:colcon.colcon_core.verb:set package 'my_bot' build argument 'cmake_args' from command line to 'None'
[0.496s] Level 5:colcon.colcon_core.verb:set package 'my_bot' build argument 'cmake_target' from command line to 'None'
[0.496s] Level 5:colcon.colcon_core.verb:set package 'my_bot' build argument 'cmake_target_skip_unavailable' from command line to 'False'
[0.496s] Level 5:colcon.colcon_core.verb:set package 'my_bot' build argument 'cmake_clean_cache' from command line to 'False'
[0.496s] Level 5:colcon.colcon_core.verb:set package 'my_bot' build argument 'cmake_clean_first' from command line to 'False'
[0.496s] Level 5:colcon.colcon_core.verb:set package 'my_bot' build argument 'cmake_force_configure' from command line to 'False'
[0.496s] Level 5:colcon.colcon_core.verb:set package 'my_bot' build argument 'ament_cmake_args' from command line to 'None'
[0.496s] Level 5:colcon.colcon_core.verb:set package 'my_bot' build argument 'catkin_cmake_args' from command line to 'None'
[0.496s] Level 5:colcon.colcon_core.verb:set package 'my_bot' build argument 'catkin_skip_building_tests' from command line to 'False'
[0.496s] DEBUG:colcon.colcon_core.verb:Building package 'my_bot' with the following arguments: {'ament_cmake_args': None, 'build_base': '/home/thanhtan/ros_ws/build/my_bot', 'catkin_cmake_args': None, 'catkin_skip_building_tests': False, 'cmake_args': None, 'cmake_clean_cache': False, 'cmake_clean_first': False, 'cmake_force_configure': False, 'cmake_target': None, 'cmake_target_skip_unavailable': False, 'install_base': '/home/thanhtan/ros_ws/install/my_bot', 'merge_install': False, 'path': '/home/thanhtan/ros_ws/src/my_bot', 'symlink_install': True, 'test_result_base': None}
[0.497s] Level 5:colcon.colcon_core.verb:set package 'serial_motor_demo_msgs' build argument 'cmake_args' from command line to 'None'
[0.497s] Level 5:colcon.colcon_core.verb:set package 'serial_motor_demo_msgs' build argument 'cmake_target' from command line to 'None'
[0.497s] Level 5:colcon.colcon_core.verb:set package 'serial_motor_demo_msgs' build argument 'cmake_target_skip_unavailable' from command line to 'False'
[0.497s] Level 5:colcon.colcon_core.verb:set package 'serial_motor_demo_msgs' build argument 'cmake_clean_cache' from command line to 'False'
[0.497s] Level 5:colcon.colcon_core.verb:set package 'serial_motor_demo_msgs' build argument 'cmake_clean_first' from command line to 'False'
[0.497s] Level 5:colcon.colcon_core.verb:set package 'serial_motor_demo_msgs' build argument 'cmake_force_configure' from command line to 'False'
[0.497s] Level 5:colcon.colcon_core.verb:set package 'serial_motor_demo_msgs' build argument 'ament_cmake_args' from command line to 'None'
[0.497s] Level 5:colcon.colcon_core.verb:set package 'serial_motor_demo_msgs' build argument 'catkin_cmake_args' from command line to 'None'
[0.497s] Level 5:colcon.colcon_core.verb:set package 'serial_motor_demo_msgs' build argument 'catkin_skip_building_tests' from command line to 'False'
[0.497s] DEBUG:colcon.colcon_core.verb:Building package 'serial_motor_demo_msgs' with the following arguments: {'ament_cmake_args': None, 'build_base': '/home/thanhtan/ros_ws/build/serial_motor_demo_msgs', 'catkin_cmake_args': None, 'catkin_skip_building_tests': False, 'cmake_args': None, 'cmake_clean_cache': False, 'cmake_clean_first': False, 'cmake_force_configure': False, 'cmake_target': None, 'cmake_target_skip_unavailable': False, 'install_base': '/home/thanhtan/ros_ws/install/serial_motor_demo_msgs', 'merge_install': False, 'path': '/home/thanhtan/ros_ws/src/serial_motor_demo/serial_motor_demo_msgs', 'symlink_install': True, 'test_result_base': None}
[0.497s] Level 5:colcon.colcon_core.verb:set package 'serial_motor_demo' build argument 'cmake_args' from command line to 'None'
[0.497s] Level 5:colcon.colcon_core.verb:set package 'serial_motor_demo' build argument 'cmake_target' from command line to 'None'
[0.497s] Level 5:colcon.colcon_core.verb:set package 'serial_motor_demo' build argument 'cmake_target_skip_unavailable' from command line to 'False'
[0.497s] Level 5:colcon.colcon_core.verb:set package 'serial_motor_demo' build argument 'cmake_clean_cache' from command line to 'False'
[0.497s] Level 5:colcon.colcon_core.verb:set package 'serial_motor_demo' build argument 'cmake_clean_first' from command line to 'False'
[0.497s] Level 5:colcon.colcon_core.verb:set package 'serial_motor_demo' build argument 'cmake_force_configure' from command line to 'False'
[0.497s] Level 5:colcon.colcon_core.verb:set package 'serial_motor_demo' build argument 'ament_cmake_args' from command line to 'None'
[0.497s] Level 5:colcon.colcon_core.verb:set package 'serial_motor_demo' build argument 'catkin_cmake_args' from command line to 'None'
[0.497s] Level 5:colcon.colcon_core.verb:set package 'serial_motor_demo' build argument 'catkin_skip_building_tests' from command line to 'False'
[0.497s] DEBUG:colcon.colcon_core.verb:Building package 'serial_motor_demo' with the following arguments: {'ament_cmake_args': None, 'build_base': '/home/thanhtan/ros_ws/build/serial_motor_demo', 'catkin_cmake_args': None, 'catkin_skip_building_tests': False, 'cmake_args': None, 'cmake_clean_cache': False, 'cmake_clean_first': False, 'cmake_force_configure': False, 'cmake_target': None, 'cmake_target_skip_unavailable': False, 'install_base': '/home/thanhtan/ros_ws/install/serial_motor_demo', 'merge_install': False, 'path': '/home/thanhtan/ros_ws/src/serial_motor_demo/serial_motor_demo', 'symlink_install': True, 'test_result_base': None}
[0.497s] INFO:colcon.colcon_core.executor:Executing jobs using 'parallel' executor
[0.498s] DEBUG:colcon.colcon_parallel_executor.executor.parallel:run_until_complete
[0.499s] INFO:colcon.colcon_ros.task.ament_cmake.build:Building ROS package in '/home/thanhtan/ros_ws/src/serial_motor_demo/serial_motor_demo_msgs' with build type 'ament_cmake'
[0.499s] INFO:colcon.colcon_cmake.task.cmake.build:Building CMake package in '/home/thanhtan/ros_ws/src/serial_motor_demo/serial_motor_demo_msgs'
[0.502s] INFO:colcon.colcon_core.plugin_system:Skipping extension 'colcon_core.shell.bat': Not used on non-Windows systems
[0.503s] INFO:colcon.colcon_core.shell:Skip shell extension 'powershell' for command environment: Not usable outside of PowerShell
[0.503s] DEBUG:colcon.colcon_core.shell:Skip shell extension 'dsv' for command environment
[0.507s] INFO:colcon.colcon_ros.task.ament_cmake.build:Building ROS package in '/home/thanhtan/ros_ws/src/my_bot' with build type 'ament_cmake'
[0.507s] INFO:colcon.colcon_cmake.task.cmake.build:Building CMake package in '/home/thanhtan/ros_ws/src/my_bot'
[0.508s] INFO:colcon.colcon_core.shell:Skip shell extension 'powershell' for command environment: Not usable outside of PowerShell
[0.508s] DEBUG:colcon.colcon_core.shell:Skip shell extension 'dsv' for command environment
[0.517s] DEBUG:colcon.colcon_core.event_handler.log_command:Invoking command in '/home/thanhtan/ros_ws/build/serial_motor_demo_msgs': CMAKE_PREFIX_PATH=${CMAKE_PREFIX_PATH}:/home/thanhtan/ros_ws/install/serial_motor_demo:/opt/ros/foxy /usr/bin/cmake /home/thanhtan/ros_ws/src/serial_motor_demo/serial_motor_demo_msgs -DAMENT_CMAKE_SYMLINK_INSTALL=1 -DCMAKE_INSTALL_PREFIX=/home/thanhtan/ros_ws/install/serial_motor_demo_msgs
[0.527s] DEBUG:colcon.colcon_core.event_handler.log_command:Invoking command in '/home/thanhtan/ros_ws/build/my_bot': CMAKE_PREFIX_PATH=${CMAKE_PREFIX_PATH}:/home/thanhtan/ros_ws/install/serial_motor_demo:/opt/ros/foxy /usr/bin/cmake /home/thanhtan/ros_ws/src/my_bot -DAMENT_CMAKE_SYMLINK_INSTALL=1 -DCMAKE_INSTALL_PREFIX=/home/thanhtan/ros_ws/install/my_bot
[0.827s] DEBUG:colcon.colcon_core.event_handler.log_command:Invoked command in '/home/thanhtan/ros_ws/build/my_bot' returned '0': CMAKE_PREFIX_PATH=${CMAKE_PREFIX_PATH}:/home/thanhtan/ros_ws/install/serial_motor_demo:/opt/ros/foxy /usr/bin/cmake /home/thanhtan/ros_ws/src/my_bot -DAMENT_CMAKE_SYMLINK_INSTALL=1 -DCMAKE_INSTALL_PREFIX=/home/thanhtan/ros_ws/install/my_bot
[0.830s] DEBUG:colcon.colcon_core.event_handler.log_command:Invoking command in '/home/thanhtan/ros_ws/build/my_bot': CMAKE_PREFIX_PATH=${CMAKE_PREFIX_PATH}:/home/thanhtan/ros_ws/install/serial_motor_demo:/opt/ros/foxy /usr/bin/cmake --build /home/thanhtan/ros_ws/build/my_bot -- -j12 -l12
[0.868s] DEBUG:colcon.colcon_core.event_handler.log_command:Invoked command in '/home/thanhtan/ros_ws/build/my_bot' returned '0': CMAKE_PREFIX_PATH=${CMAKE_PREFIX_PATH}:/home/thanhtan/ros_ws/install/serial_motor_demo:/opt/ros/foxy /usr/bin/cmake --build /home/thanhtan/ros_ws/build/my_bot -- -j12 -l12
[0.905s] DEBUG:colcon.colcon_core.event_handler.log_command:Invoking command in '/home/thanhtan/ros_ws/build/my_bot': CMAKE_PREFIX_PATH=${CMAKE_PREFIX_PATH}:/home/thanhtan/ros_ws/install/serial_motor_demo:/opt/ros/foxy /usr/bin/cmake --install /home/thanhtan/ros_ws/build/my_bot
[0.931s] Level 1:colcon.colcon_core.environment:create_environment_scripts_only(my_bot)
[0.931s] DEBUG:colcon.colcon_core.event_handler.log_command:Invoked command in '/home/thanhtan/ros_ws/build/my_bot' returned '0': CMAKE_PREFIX_PATH=${CMAKE_PREFIX_PATH}:/home/thanhtan/ros_ws/install/serial_motor_demo:/opt/ros/foxy /usr/bin/cmake --install /home/thanhtan/ros_ws/build/my_bot
[0.937s] Level 1:colcon.colcon_core.environment:checking '/home/thanhtan/ros_ws/install/my_bot' for CMake module files
[0.938s] Level 1:colcon.colcon_core.environment:checking '/home/thanhtan/ros_ws/install/my_bot' for CMake config files
[0.938s] Level 1:colcon.colcon_core.shell:create_environment_hook('my_bot', 'cmake_prefix_path')
[0.938s] INFO:colcon.colcon_core.shell:Creating environment hook '/home/thanhtan/ros_ws/install/my_bot/share/my_bot/hook/cmake_prefix_path.ps1'
[0.939s] INFO:colcon.colcon_core.shell:Creating environment descriptor '/home/thanhtan/ros_ws/install/my_bot/share/my_bot/hook/cmake_prefix_path.dsv'
[0.940s] INFO:colcon.colcon_core.shell:Creating environment hook '/home/thanhtan/ros_ws/install/my_bot/share/my_bot/hook/cmake_prefix_path.sh'
[0.941s] Level 1:colcon.colcon_core.environment:checking '/home/thanhtan/ros_ws/install/my_bot/bin'
[0.941s] Level 1:colcon.colcon_core.environment:checking '/home/thanhtan/ros_ws/install/my_bot/lib/pkgconfig/my_bot.pc'
[0.941s] Level 1:colcon.colcon_core.environment:checking '/home/thanhtan/ros_ws/install/my_bot/lib/python3.8/site-packages'
[0.941s] Level 1:colcon.colcon_core.environment:checking '/home/thanhtan/ros_ws/install/my_bot/bin'
[0.942s] INFO:colcon.colcon_core.shell:Creating package script '/home/thanhtan/ros_ws/install/my_bot/share/my_bot/package.ps1'
[0.943s] INFO:colcon.colcon_core.shell:Creating package descriptor '/home/thanhtan/ros_ws/install/my_bot/share/my_bot/package.dsv'
[0.943s] INFO:colcon.colcon_core.shell:Creating package script '/home/thanhtan/ros_ws/install/my_bot/share/my_bot/package.sh'
[0.944s] INFO:colcon.colcon_core.shell:Creating package script '/home/thanhtan/ros_ws/install/my_bot/share/my_bot/package.bash'
[0.945s] INFO:colcon.colcon_core.shell:Creating package script '/home/thanhtan/ros_ws/install/my_bot/share/my_bot/package.zsh'
[0.946s] Level 1:colcon.colcon_core.environment:create_file_with_runtime_dependencies(/home/thanhtan/ros_ws/install/my_bot/share/colcon-core/packages/my_bot)
[0.971s] Level 1:colcon.colcon_core.environment:create_environment_scripts_only(my_bot)
[0.972s] Level 1:colcon.colcon_core.environment:checking '/home/thanhtan/ros_ws/install/my_bot' for CMake module files
[0.972s] Level 1:colcon.colcon_core.environment:checking '/home/thanhtan/ros_ws/install/my_bot' for CMake config files
[0.972s] Level 1:colcon.colcon_core.shell:create_environment_hook('my_bot', 'cmake_prefix_path')
[0.972s] INFO:colcon.colcon_core.shell:Creating environment hook '/home/thanhtan/ros_ws/install/my_bot/share/my_bot/hook/cmake_prefix_path.ps1'
[0.973s] INFO:colcon.colcon_core.shell:Creating environment descriptor '/home/thanhtan/ros_ws/install/my_bot/share/my_bot/hook/cmake_prefix_path.dsv'
[0.973s] INFO:colcon.colcon_core.shell:Creating environment hook '/home/thanhtan/ros_ws/install/my_bot/share/my_bot/hook/cmake_prefix_path.sh'
[0.974s] Level 1:colcon.colcon_core.environment:checking '/home/thanhtan/ros_ws/install/my_bot/bin'
[0.974s] Level 1:colcon.colcon_core.environment:checking '/home/thanhtan/ros_ws/install/my_bot/lib/pkgconfig/my_bot.pc'
[0.974s] Level 1:colcon.colcon_core.environment:checking '/home/thanhtan/ros_ws/install/my_bot/lib/python3.8/site-packages'
[0.974s] Level 1:colcon.colcon_core.environment:checking '/home/thanhtan/ros_ws/install/my_bot/bin'
[0.974s] INFO:colcon.colcon_core.shell:Creating package script '/home/thanhtan/ros_ws/install/my_bot/share/my_bot/package.ps1'
[0.975s] INFO:colcon.colcon_core.shell:Creating package descriptor '/home/thanhtan/ros_ws/install/my_bot/share/my_bot/package.dsv'
[0.975s] INFO:colcon.colcon_core.shell:Creating package script '/home/thanhtan/ros_ws/install/my_bot/share/my_bot/package.sh'
[0.976s] INFO:colcon.colcon_core.shell:Creating package script '/home/thanhtan/ros_ws/install/my_bot/share/my_bot/package.bash'
[0.976s] INFO:colcon.colcon_core.shell:Creating package script '/home/thanhtan/ros_ws/install/my_bot/share/my_bot/package.zsh'
[0.976s] Level 1:colcon.colcon_core.environment:create_file_with_runtime_dependencies(/home/thanhtan/ros_ws/install/my_bot/share/colcon-core/packages/my_bot)
[1.332s] DEBUG:colcon.colcon_core.event_handler.log_command:Invoked command in '/home/thanhtan/ros_ws/build/serial_motor_demo_msgs' returned '0': CMAKE_PREFIX_PATH=${CMAKE_PREFIX_PATH}:/home/thanhtan/ros_ws/install/serial_motor_demo:/opt/ros/foxy /usr/bin/cmake /home/thanhtan/ros_ws/src/serial_motor_demo/serial_motor_demo_msgs -DAMENT_CMAKE_SYMLINK_INSTALL=1 -DCMAKE_INSTALL_PREFIX=/home/thanhtan/ros_ws/install/serial_motor_demo_msgs
[1.335s] DEBUG:colcon.colcon_core.event_handler.log_command:Invoking command in '/home/thanhtan/ros_ws/build/serial_motor_demo_msgs': CMAKE_PREFIX_PATH=${CMAKE_PREFIX_PATH}:/home/thanhtan/ros_ws/install/serial_motor_demo:/opt/ros/foxy /usr/bin/cmake --build /home/thanhtan/ros_ws/build/serial_motor_demo_msgs -- -j12 -l12
[1.930s] DEBUG:colcon.colcon_core.event_handler.log_command:Invoked command in '/home/thanhtan/ros_ws/build/serial_motor_demo_msgs' returned '0': CMAKE_PREFIX_PATH=${CMAKE_PREFIX_PATH}:/home/thanhtan/ros_ws/install/serial_motor_demo:/opt/ros/foxy /usr/bin/cmake --build /home/thanhtan/ros_ws/build/serial_motor_demo_msgs -- -j12 -l12
[2.024s] DEBUG:colcon.colcon_core.event_handler.log_command:Invoking command in '/home/thanhtan/ros_ws/build/serial_motor_demo_msgs': CMAKE_PREFIX_PATH=${CMAKE_PREFIX_PATH}:/home/thanhtan/ros_ws/install/serial_motor_demo:/opt/ros/foxy /usr/bin/cmake --install /home/thanhtan/ros_ws/build/serial_motor_demo_msgs
[2.144s] Level 1:colcon.colcon_core.environment:create_environment_scripts_only(serial_motor_demo_msgs)
[2.145s] Level 1:colcon.colcon_core.environment:checking '/home/thanhtan/ros_ws/install/serial_motor_demo_msgs' for CMake module files
[2.145s] DEBUG:colcon.colcon_core.event_handler.log_command:Invoked command in '/home/thanhtan/ros_ws/build/serial_motor_demo_msgs' returned '0': CMAKE_PREFIX_PATH=${CMAKE_PREFIX_PATH}:/home/thanhtan/ros_ws/install/serial_motor_demo:/opt/ros/foxy /usr/bin/cmake --install /home/thanhtan/ros_ws/build/serial_motor_demo_msgs
[2.146s] Level 1:colcon.colcon_core.environment:checking '/home/thanhtan/ros_ws/install/serial_motor_demo_msgs' for CMake config files
[2.147s] Level 1:colcon.colcon_core.shell:create_environment_hook('serial_motor_demo_msgs', 'cmake_prefix_path')
[2.147s] INFO:colcon.colcon_core.shell:Creating environment hook '/home/thanhtan/ros_ws/install/serial_motor_demo_msgs/share/serial_motor_demo_msgs/hook/cmake_prefix_path.ps1'
[2.148s] INFO:colcon.colcon_core.shell:Creating environment descriptor '/home/thanhtan/ros_ws/install/serial_motor_demo_msgs/share/serial_motor_demo_msgs/hook/cmake_prefix_path.dsv'
[2.148s] INFO:colcon.colcon_core.shell:Creating environment hook '/home/thanhtan/ros_ws/install/serial_motor_demo_msgs/share/serial_motor_demo_msgs/hook/cmake_prefix_path.sh'
[2.149s] Level 1:colcon.colcon_core.environment:checking '/home/thanhtan/ros_ws/install/serial_motor_demo_msgs/lib'
[2.149s] Level 1:colcon.colcon_core.shell:create_environment_hook('serial_motor_demo_msgs', 'ld_library_path_lib')
[2.149s] INFO:colcon.colcon_core.shell:Creating environment hook '/home/thanhtan/ros_ws/install/serial_motor_demo_msgs/share/serial_motor_demo_msgs/hook/ld_library_path_lib.ps1'
[2.150s] INFO:colcon.colcon_core.shell:Creating environment descriptor '/home/thanhtan/ros_ws/install/serial_motor_demo_msgs/share/serial_motor_demo_msgs/hook/ld_library_path_lib.dsv'
[2.150s] INFO:colcon.colcon_core.shell:Creating environment hook '/home/thanhtan/ros_ws/install/serial_motor_demo_msgs/share/serial_motor_demo_msgs/hook/ld_library_path_lib.sh'
[2.151s] Level 1:colcon.colcon_core.environment:checking '/home/thanhtan/ros_ws/install/serial_motor_demo_msgs/bin'
[2.151s] Level 1:colcon.colcon_core.environment:checking '/home/thanhtan/ros_ws/install/serial_motor_demo_msgs/lib/pkgconfig/serial_motor_demo_msgs.pc'
[2.151s] Level 1:colcon.colcon_core.environment:checking '/home/thanhtan/ros_ws/install/serial_motor_demo_msgs/lib/python3.8/site-packages'
[2.152s] Level 1:colcon.colcon_core.shell:create_environment_hook('serial_motor_demo_msgs', 'pythonpath')
[2.152s] INFO:colcon.colcon_core.shell:Creating environment hook '/home/thanhtan/ros_ws/install/serial_motor_demo_msgs/share/serial_motor_demo_msgs/hook/pythonpath.ps1'
[2.152s] INFO:colcon.colcon_core.shell:Creating environment descriptor '/home/thanhtan/ros_ws/install/serial_motor_demo_msgs/share/serial_motor_demo_msgs/hook/pythonpath.dsv'
[2.153s] INFO:colcon.colcon_core.shell:Creating environment hook '/home/thanhtan/ros_ws/install/serial_motor_demo_msgs/share/serial_motor_demo_msgs/hook/pythonpath.sh'
[2.153s] Level 1:colcon.colcon_core.environment:checking '/home/thanhtan/ros_ws/install/serial_motor_demo_msgs/bin'
[2.154s] INFO:colcon.colcon_core.shell:Creating package script '/home/thanhtan/ros_ws/install/serial_motor_demo_msgs/share/serial_motor_demo_msgs/package.ps1'
[2.155s] INFO:colcon.colcon_core.shell:Creating package descriptor '/home/thanhtan/ros_ws/install/serial_motor_demo_msgs/share/serial_motor_demo_msgs/package.dsv'
[2.155s] INFO:colcon.colcon_core.shell:Creating package script '/home/thanhtan/ros_ws/install/serial_motor_demo_msgs/share/serial_motor_demo_msgs/package.sh'
[2.155s] INFO:colcon.colcon_core.shell:Creating package script '/home/thanhtan/ros_ws/install/serial_motor_demo_msgs/share/serial_motor_demo_msgs/package.bash'
[2.156s] INFO:colcon.colcon_core.shell:Creating package script '/home/thanhtan/ros_ws/install/serial_motor_demo_msgs/share/serial_motor_demo_msgs/package.zsh'
[2.156s] Level 1:colcon.colcon_core.environment:create_file_with_runtime_dependencies(/home/thanhtan/ros_ws/install/serial_motor_demo_msgs/share/colcon-core/packages/serial_motor_demo_msgs)
[2.248s] Level 1:colcon.colcon_core.environment:create_environment_scripts_only(serial_motor_demo_msgs)
[2.249s] Level 1:colcon.colcon_core.environment:checking '/home/thanhtan/ros_ws/install/serial_motor_demo_msgs' for CMake module files
[2.250s] Level 1:colcon.colcon_core.environment:checking '/home/thanhtan/ros_ws/install/serial_motor_demo_msgs' for CMake config files
[2.252s] Level 1:colcon.colcon_core.shell:create_environment_hook('serial_motor_demo_msgs', 'cmake_prefix_path')
[2.252s] INFO:colcon.colcon_core.shell:Creating environment hook '/home/thanhtan/ros_ws/install/serial_motor_demo_msgs/share/serial_motor_demo_msgs/hook/cmake_prefix_path.ps1'
[2.253s] INFO:colcon.colcon_core.shell:Creating environment descriptor '/home/thanhtan/ros_ws/install/serial_motor_demo_msgs/share/serial_motor_demo_msgs/hook/cmake_prefix_path.dsv'
[2.254s] INFO:colcon.colcon_core.shell:Creating environment hook '/home/thanhtan/ros_ws/install/serial_motor_demo_msgs/share/serial_motor_demo_msgs/hook/cmake_prefix_path.sh'
[2.256s] Level 1:colcon.colcon_core.environment:checking '/home/thanhtan/ros_ws/install/serial_motor_demo_msgs/lib'
[2.256s] Level 1:colcon.colcon_core.shell:create_environment_hook('serial_motor_demo_msgs', 'ld_library_path_lib')
[2.256s] INFO:colcon.colcon_core.shell:Creating environment hook '/home/thanhtan/ros_ws/install/serial_motor_demo_msgs/share/serial_motor_demo_msgs/hook/ld_library_path_lib.ps1'
[2.257s] INFO:colcon.colcon_core.shell:Creating environment descriptor '/home/thanhtan/ros_ws/install/serial_motor_demo_msgs/share/serial_motor_demo_msgs/hook/ld_library_path_lib.dsv'
[2.258s] INFO:colcon.colcon_core.shell:Creating environment hook '/home/thanhtan/ros_ws/install/serial_motor_demo_msgs/share/serial_motor_demo_msgs/hook/ld_library_path_lib.sh'
[2.259s] Level 1:colcon.colcon_core.environment:checking '/home/thanhtan/ros_ws/install/serial_motor_demo_msgs/bin'
[2.259s] Level 1:colcon.colcon_core.environment:checking '/home/thanhtan/ros_ws/install/serial_motor_demo_msgs/lib/pkgconfig/serial_motor_demo_msgs.pc'
[2.259s] Level 1:colcon.colcon_core.environment:checking '/home/thanhtan/ros_ws/install/serial_motor_demo_msgs/lib/python3.8/site-packages'
[2.260s] Level 1:colcon.colcon_core.shell:create_environment_hook('serial_motor_demo_msgs', 'pythonpath')
[2.260s] INFO:colcon.colcon_core.shell:Creating environment hook '/home/thanhtan/ros_ws/install/serial_motor_demo_msgs/share/serial_motor_demo_msgs/hook/pythonpath.ps1'
[2.261s] INFO:colcon.colcon_core.shell:Creating environment descriptor '/home/thanhtan/ros_ws/install/serial_motor_demo_msgs/share/serial_motor_demo_msgs/hook/pythonpath.dsv'
[2.261s] INFO:colcon.colcon_core.shell:Creating environment hook '/home/thanhtan/ros_ws/install/serial_motor_demo_msgs/share/serial_motor_demo_msgs/hook/pythonpath.sh'
[2.263s] Level 1:colcon.colcon_core.environment:checking '/home/thanhtan/ros_ws/install/serial_motor_demo_msgs/bin'
[2.263s] INFO:colcon.colcon_core.shell:Creating package script '/home/thanhtan/ros_ws/install/serial_motor_demo_msgs/share/serial_motor_demo_msgs/package.ps1'
[2.263s] INFO:colcon.colcon_core.shell:Creating package descriptor '/home/thanhtan/ros_ws/install/serial_motor_demo_msgs/share/serial_motor_demo_msgs/package.dsv'
[2.264s] INFO:colcon.colcon_core.shell:Creating package script '/home/thanhtan/ros_ws/install/serial_motor_demo_msgs/share/serial_motor_demo_msgs/package.sh'
[2.264s] INFO:colcon.colcon_core.shell:Creating package script '/home/thanhtan/ros_ws/install/serial_motor_demo_msgs/share/serial_motor_demo_msgs/package.bash'
[2.265s] INFO:colcon.colcon_core.shell:Creating package script '/home/thanhtan/ros_ws/install/serial_motor_demo_msgs/share/serial_motor_demo_msgs/package.zsh'
[2.265s] Level 1:colcon.colcon_core.environment:create_file_with_runtime_dependencies(/home/thanhtan/ros_ws/install/serial_motor_demo_msgs/share/colcon-core/packages/serial_motor_demo_msgs)
[2.265s] INFO:colcon.colcon_ros.task.ament_python.build:Building ROS package in '/home/thanhtan/ros_ws/src/serial_motor_demo/serial_motor_demo' with build type 'ament_python'
[2.265s] Level 1:colcon.colcon_core.shell:create_environment_hook('serial_motor_demo', 'ament_prefix_path')
[2.265s] INFO:colcon.colcon_core.shell:Creating environment hook '/home/thanhtan/ros_ws/install/serial_motor_demo/share/serial_motor_demo/hook/ament_prefix_path.ps1'
[2.266s] INFO:colcon.colcon_core.shell:Creating environment descriptor '/home/thanhtan/ros_ws/install/serial_motor_demo/share/serial_motor_demo/hook/ament_prefix_path.dsv'
[2.266s] INFO:colcon.colcon_core.shell:Creating environment hook '/home/thanhtan/ros_ws/install/serial_motor_demo/share/serial_motor_demo/hook/ament_prefix_path.sh'
[2.267s] INFO:colcon.colcon_core.shell:Skip shell extension 'powershell' for command environment: Not usable outside of PowerShell
[2.267s] DEBUG:colcon.colcon_core.shell:Skip shell extension 'dsv' for command environment
[2.501s] INFO:colcon.colcon_core.task.python.build:Building Python package in '/home/thanhtan/ros_ws/src/serial_motor_demo/serial_motor_demo'
[2.502s] INFO:colcon.colcon_core.shell:Skip shell extension 'powershell' for command environment: Not usable outside of PowerShell
[2.502s] DEBUG:colcon.colcon_core.shell:Skip shell extension 'dsv' for command environment
[2.992s] DEBUG:colcon.colcon_core.task.python.build:While undoing a previous installation files outside the Python library path are being ignored: /home/thanhtan/ros_ws/install/serial_motor_demo/share/ament_index/resource_index/packages/serial_motor_demo
[2.993s] DEBUG:colcon.colcon_core.task.python.build:While undoing a previous installation files outside the Python library path are being ignored: /home/thanhtan/ros_ws/install/serial_motor_demo/share/serial_motor_demo/package.xml
[2.993s] DEBUG:colcon.colcon_core.task.python.build:While undoing a previous installation files outside the Python library path are being ignored: /home/thanhtan/ros_ws/install/serial_motor_demo/lib/serial_motor_demo/driver
[2.994s] DEBUG:colcon.colcon_core.task.python.build:While undoing a previous installation files outside the Python library path are being ignored: /home/thanhtan/ros_ws/install/serial_motor_demo/lib/serial_motor_demo/gui
[2.999s] DEBUG:colcon.colcon_core.event_handler.log_command:Invoking command in '/home/thanhtan/ros_ws/build/serial_motor_demo': PYTHONPATH=/home/thanhtan/ros_ws/build/serial_motor_demo/prefix_override:/usr/lib/python3/dist-packages/colcon_core/task/python/colcon_distutils_commands:/home/thanhtan/ros_ws/install/serial_motor_demo/lib/python3.8/site-packages:/home/thanhtan/ros_ws/install/serial_motor_demo_msgs/lib/python3.8/site-packages:/home/thanhtan/ros_ws/install/serial_motor_demo/lib/python3.8/site-packages:/opt/ros/foxy/lib/python3.8/site-packages /usr/bin/python3 -W ignore:setup.py install is deprecated setup.py develop --editable --build-directory /home/thanhtan/ros_ws/build/serial_motor_demo/build --no-deps symlink_data --force
[3.482s] Level 1:colcon.colcon_core.shell:create_environment_hook('serial_motor_demo', 'pythonpath_develop')
[3.483s] INFO:colcon.colcon_core.shell:Creating environment hook '/home/thanhtan/ros_ws/build/serial_motor_demo/share/serial_motor_demo/hook/pythonpath_develop.ps1'
[3.484s] DEBUG:colcon.colcon_core.event_handler.log_command:Invoked command in '/home/thanhtan/ros_ws/build/serial_motor_demo' returned '0': PYTHONPATH=/home/thanhtan/ros_ws/build/serial_motor_demo/prefix_override:/usr/lib/python3/dist-packages/colcon_core/task/python/colcon_distutils_commands:/home/thanhtan/ros_ws/install/serial_motor_demo/lib/python3.8/site-packages:/home/thanhtan/ros_ws/install/serial_motor_demo_msgs/lib/python3.8/site-packages:/home/thanhtan/ros_ws/install/serial_motor_demo/lib/python3.8/site-packages:/opt/ros/foxy/lib/python3.8/site-packages /usr/bin/python3 -W ignore:setup.py install is deprecated setup.py develop --editable --build-directory /home/thanhtan/ros_ws/build/serial_motor_demo/build --no-deps symlink_data --force
[3.485s] INFO:colcon.colcon_core.shell:Creating environment descriptor '/home/thanhtan/ros_ws/build/serial_motor_demo/share/serial_motor_demo/hook/pythonpath_develop.dsv'
[3.486s] INFO:colcon.colcon_core.shell:Creating environment hook '/home/thanhtan/ros_ws/build/serial_motor_demo/share/serial_motor_demo/hook/pythonpath_develop.sh'
[3.487s] Level 1:colcon.colcon_core.environment:checking '/home/thanhtan/ros_ws/install/serial_motor_demo' for CMake module files
[3.488s] Level 1:colcon.colcon_core.environment:checking '/home/thanhtan/ros_ws/install/serial_motor_demo' for CMake config files
[3.490s] Level 1:colcon.colcon_core.environment:checking '/home/thanhtan/ros_ws/install/serial_motor_demo/lib'
[3.490s] Level 1:colcon.colcon_core.environment:checking '/home/thanhtan/ros_ws/install/serial_motor_demo/bin'
[3.490s] Level 1:colcon.colcon_core.environment:checking '/home/thanhtan/ros_ws/install/serial_motor_demo/lib/pkgconfig/serial_motor_demo.pc'
[3.491s] Level 1:colcon.colcon_core.environment:checking '/home/thanhtan/ros_ws/install/serial_motor_demo/lib/python3.8/site-packages'
[3.491s] Level 1:colcon.colcon_core.shell:create_environment_hook('serial_motor_demo', 'pythonpath')
[3.491s] INFO:colcon.colcon_core.shell:Creating environment hook '/home/thanhtan/ros_ws/install/serial_motor_demo/share/serial_motor_demo/hook/pythonpath.ps1'
[3.492s] INFO:colcon.colcon_core.shell:Creating environment descriptor '/home/thanhtan/ros_ws/install/serial_motor_demo/share/serial_motor_demo/hook/pythonpath.dsv'
[3.492s] INFO:colcon.colcon_core.shell:Creating environment hook '/home/thanhtan/ros_ws/install/serial_motor_demo/share/serial_motor_demo/hook/pythonpath.sh'
[3.492s] Level 1:colcon.colcon_core.environment:checking '/home/thanhtan/ros_ws/install/serial_motor_demo/bin'
[3.492s] Level 1:colcon.colcon_core.environment:create_environment_scripts_only(serial_motor_demo)
[3.492s] INFO:colcon.colcon_core.shell:Creating package script '/home/thanhtan/ros_ws/install/serial_motor_demo/share/serial_motor_demo/package.ps1'
[3.493s] INFO:colcon.colcon_core.shell:Creating package descriptor '/home/thanhtan/ros_ws/install/serial_motor_demo/share/serial_motor_demo/package.dsv'
[3.493s] INFO:colcon.colcon_core.shell:Creating package script '/home/thanhtan/ros_ws/install/serial_motor_demo/share/serial_motor_demo/package.sh'
[3.493s] INFO:colcon.colcon_core.shell:Creating package script '/home/thanhtan/ros_ws/install/serial_motor_demo/share/serial_motor_demo/package.bash'
[3.494s] INFO:colcon.colcon_core.shell:Creating package script '/home/thanhtan/ros_ws/install/serial_motor_demo/share/serial_motor_demo/package.zsh'
[3.494s] Level 1:colcon.colcon_core.environment:create_file_with_runtime_dependencies(/home/thanhtan/ros_ws/install/serial_motor_demo/share/colcon-core/packages/serial_motor_demo)
[3.494s] DEBUG:colcon.colcon_parallel_executor.executor.parallel:closing loop
[3.494s] DEBUG:colcon.colcon_parallel_executor.executor.parallel:loop closed
[3.494s] DEBUG:colcon.colcon_parallel_executor.executor.parallel:run_until_complete finished with '0'
[3.494s] DEBUG:colcon.colcon_core.event_reactor:joining thread
[3.503s] INFO:colcon.colcon_core.plugin_system:Skipping extension 'colcon_notification.desktop_notification.terminal_notifier': Not used on non-Darwin systems
[3.503s] INFO:colcon.colcon_core.plugin_system:Skipping extension 'colcon_notification.desktop_notification.win32': Not used on non-Windows systems
[3.503s] INFO:colcon.colcon_notification.desktop_notification:Sending desktop notification using 'notify2'
[3.523s] DEBUG:colcon.colcon_core.event_reactor:joined thread
[3.523s] INFO:colcon.colcon_core.shell:Creating prefix script '/home/thanhtan/ros_ws/install/local_setup.ps1'
[3.524s] INFO:colcon.colcon_core.shell:Creating prefix util module '/home/thanhtan/ros_ws/install/_local_setup_util_ps1.py'
[3.525s] INFO:colcon.colcon_core.shell:Creating prefix chain script '/home/thanhtan/ros_ws/install/setup.ps1'
[3.526s] INFO:colcon.colcon_core.shell:Creating prefix script '/home/thanhtan/ros_ws/install/local_setup.sh'
[3.527s] INFO:colcon.colcon_core.shell:Creating prefix util module '/home/thanhtan/ros_ws/install/_local_setup_util_sh.py'
[3.527s] INFO:colcon.colcon_core.shell:Creating prefix chain script '/home/thanhtan/ros_ws/install/setup.sh'
[3.529s] INFO:colcon.colcon_core.shell:Creating prefix script '/home/thanhtan/ros_ws/install/local_setup.bash'
[3.529s] INFO:colcon.colcon_core.shell:Creating prefix chain script '/home/thanhtan/ros_ws/install/setup.bash'
[3.530s] INFO:colcon.colcon_core.shell:Creating prefix script '/home/thanhtan/ros_ws/install/local_setup.zsh'
[3.531s] INFO:colcon.colcon_core.shell:Creating prefix chain script '/home/thanhtan/ros_ws/install/setup.zsh'
