[0.659s] Invoking command in '/home/thanhtan/ros_ws/src/serial_motor_demo/serial_motor_demo': PS1=\[\e]0;\u@\h: \w\a\]${debian_chroot:+($debian_chroot)}\[\033[01;32m\]\u@\h\[\033[00m\]:\[\033[01;34m\]\w\[\033[00m\]\$ PYTHONPATH=/home/thanhtan/ros_ws/build/serial_motor_demo/prefix_override:/usr/lib/python3/dist-packages/colcon_core/task/python/colcon_distutils_commands:/home/thanhtan/ros_ws/install/serial_motor_demo/lib/python3.8/site-packages:${PYTHONPATH} /usr/bin/python3 -W ignore:setup.py install is deprecated setup.py egg_info --egg-base ../../../build/serial_motor_demo build --build-base /home/thanhtan/ros_ws/build/serial_motor_demo/build install --record /home/thanhtan/ros_ws/build/serial_motor_demo/install.log --install-scripts $base/lib/serial_motor_demo --single-version-externally-managed install_data
[0.774s] /home/thanhtan/.local/lib/python3.8/site-packages/setuptools/dist.py:447: SetuptoolsDeprecationWarning: Invalid dash-separated options
[0.774s] !!
[0.774s] 
[0.774s]         ********************************************************************************
[0.774s]         Usage of dash-separated 'script-dir' will not be supported in future
[0.774s]         versions. Please use the underscore name 'script_dir' instead.
[0.775s] 
[0.775s]         By 2024-Sep-26, you need to update your project and remove deprecated calls
[0.775s]         or your builds will no longer be supported.
[0.775s] 
[0.775s]         See https://setuptools.pypa.io/en/latest/userguide/declarative_config.html for details.
[0.775s]         ********************************************************************************
[0.775s] 
[0.775s] !!
[0.775s]   opt = self.warn_dash_deprecation(opt, section)
[0.786s] /home/thanhtan/.local/lib/python3.8/site-packages/setuptools/_distutils/dist.py:268: UserWarning: Unknown distribution option: 'tests_require'
[0.786s]   warnings.warn(msg)
[0.853s] running egg_info
[0.853s] creating ../../../build/serial_motor_demo/serial_motor_demo.egg-info
[0.864s] writing ../../../build/serial_motor_demo/serial_motor_demo.egg-info/PKG-INFO
[0.864s] writing dependency_links to ../../../build/serial_motor_demo/serial_motor_demo.egg-info/dependency_links.txt
[0.864s] writing entry points to ../../../build/serial_motor_demo/serial_motor_demo.egg-info/entry_points.txt
[0.864s] writing requirements to ../../../build/serial_motor_demo/serial_motor_demo.egg-info/requires.txt
[0.864s] writing top-level names to ../../../build/serial_motor_demo/serial_motor_demo.egg-info/top_level.txt
[0.925s] writing manifest file '../../../build/serial_motor_demo/serial_motor_demo.egg-info/SOURCES.txt'
[0.947s] reading manifest file '../../../build/serial_motor_demo/serial_motor_demo.egg-info/SOURCES.txt'
[0.948s] Traceback (most recent call last):
[0.948s]   File "setup.py", line 5, in <module>
[0.948s]     setup(
[0.948s]   File "/home/thanhtan/.local/lib/python3.8/site-packages/setuptools/__init__.py", line 108, in setup
[0.948s]     return distutils.core.setup(**attrs)
[0.948s]   File "/home/thanhtan/.local/lib/python3.8/site-packages/setuptools/_distutils/core.py", line 184, in setup
[0.948s]     return run_commands(dist)
[0.948s]   File "/home/thanhtan/.local/lib/python3.8/site-packages/setuptools/_distutils/core.py", line 200, in run_commands
[0.948s]     dist.run_commands()
[0.948s]   File "/home/thanhtan/.local/lib/python3.8/site-packages/setuptools/_distutils/dist.py", line 964, in run_commands
[0.948s]     self.run_command(cmd)
[0.948s]   File "/home/thanhtan/.local/lib/python3.8/site-packages/setuptools/dist.py", line 945, in run_command
[0.949s]     super().run_command(command)
[0.949s]   File "/home/thanhtan/.local/lib/python3.8/site-packages/setuptools/_distutils/dist.py", line 983, in run_command
[0.949s]     cmd_obj.run()
[0.949s]   File "/home/thanhtan/.local/lib/python3.8/site-packages/setuptools/command/egg_info.py", line 310, in run
[0.949s]     self.find_sources()
[0.949s]   File "/home/thanhtan/.local/lib/python3.8/site-packages/setuptools/command/egg_info.py", line 318, in find_sources
[0.949s]     mm.run()
[0.949s]   File "/home/thanhtan/.local/lib/python3.8/site-packages/setuptools/command/egg_info.py", line 544, in run
[0.949s]     self.prune_file_list()
[0.949s]   File "/home/thanhtan/.local/lib/python3.8/site-packages/setuptools/command/egg_info.py", line 610, in prune_file_list
[0.949s]     base_dir = self.distribution.get_fullname()
[0.949s]   File "/home/thanhtan/.local/lib/python3.8/site-packages/setuptools/_core_metadata.py", line 266, in get_fullname
[0.949s]     return _distribution_fullname(self.get_name(), self.get_version())
[0.949s]   File "/home/thanhtan/.local/lib/python3.8/site-packages/setuptools/_core_metadata.py", line 284, in _distribution_fullname
[0.949s]     canonicalize_version(version, strip_trailing_zero=False),
[0.949s] TypeError: canonicalize_version() got an unexpected keyword argument 'strip_trailing_zero'
[0.972s] Invoked command in '/home/thanhtan/ros_ws/src/serial_motor_demo/serial_motor_demo' returned '1': PS1=\[\e]0;\u@\h: \w\a\]${debian_chroot:+($debian_chroot)}\[\033[01;32m\]\u@\h\[\033[00m\]:\[\033[01;34m\]\w\[\033[00m\]\$ PYTHONPATH=/home/thanhtan/ros_ws/build/serial_motor_demo/prefix_override:/usr/lib/python3/dist-packages/colcon_core/task/python/colcon_distutils_commands:/home/thanhtan/ros_ws/install/serial_motor_demo/lib/python3.8/site-packages:${PYTHONPATH} /usr/bin/python3 -W ignore:setup.py install is deprecated setup.py egg_info --egg-base ../../../build/serial_motor_demo build --build-base /home/thanhtan/ros_ws/build/serial_motor_demo/build install --record /home/thanhtan/ros_ws/build/serial_motor_demo/install.log --install-scripts $base/lib/serial_motor_demo --single-version-externally-managed install_data
