[0.012s] Invoking command in '/home/thanhtan/ros_ws/build/diffdrive_arduino': CMAKE_PREFIX_PATH=/home/thanhtan/ros_ws/install/serial:/home/thanhtan/ros_ws/install/diffdrive_arduino:/home/thanhtan/ros_ws/install/serial_motor_demo_msgs:/home/thanhtan/ros_ws/install/my_bot:/home/thanhtan/ros_ws/install/serial_motor_demo:/opt/ros/foxy /usr/bin/cmake --build /home/thanhtan/ros_ws/build/diffdrive_arduino -- -j12 -l12
[0.080s] [ 42%] Built target fake_robot
[0.080s] [100%] Built target diffdrive_arduino
[0.095s] Invoked command in '/home/thanhtan/ros_ws/build/diffdrive_arduino' returned '0': CMAKE_PREFIX_PATH=/home/thanhtan/ros_ws/install/serial:/home/thanhtan/ros_ws/install/diffdrive_arduino:/home/thanhtan/ros_ws/install/serial_motor_demo_msgs:/home/thanhtan/ros_ws/install/my_bot:/home/thanhtan/ros_ws/install/serial_motor_demo:/opt/ros/foxy /usr/bin/cmake --build /home/thanhtan/ros_ws/build/diffdrive_arduino -- -j12 -l12
[0.132s] Invoking command in '/home/thanhtan/ros_ws/build/diffdrive_arduino': CMAKE_PREFIX_PATH=/home/thanhtan/ros_ws/install/serial:/home/thanhtan/ros_ws/install/diffdrive_arduino:/home/thanhtan/ros_ws/install/serial_motor_demo_msgs:/home/thanhtan/ros_ws/install/my_bot:/home/thanhtan/ros_ws/install/serial_motor_demo:/opt/ros/foxy /usr/bin/cmake --install /home/thanhtan/ros_ws/build/diffdrive_arduino
[0.141s] -- Install configuration: ""
[0.141s] -- Execute custom install script
[0.141s] -- Up-to-date symlink: /home/thanhtan/ros_ws/install/diffdrive_arduino/share/diffdrive_arduino//robot_hardware.xml
[0.142s] -- Up-to-date symlink: /home/thanhtan/ros_ws/install/diffdrive_arduino/share/diffdrive_arduino//fake_robot_hardware.xml
[0.142s] -- Up-to-date symlink: /home/thanhtan/ros_ws/install/diffdrive_arduino/lib/libdiffdrive_arduino.so
[0.142s] -- Up-to-date symlink: /home/thanhtan/ros_ws/install/diffdrive_arduino/lib/libfake_robot.so
[0.143s] -- Up-to-date symlink: /home/thanhtan/ros_ws/install/diffdrive_arduino/share/diffdrive_arduino/controllers/robot_controller_example.yaml
[0.143s] -- Up-to-date symlink: /home/thanhtan/ros_ws/install/diffdrive_arduino/share/diffdrive_arduino/fake_robot.launch.py
[0.143s] -- Up-to-date symlink: /home/thanhtan/ros_ws/install/diffdrive_arduino/share/diffdrive_arduino/test_robot.launch.py
[0.144s] -- Up-to-date symlink: /home/thanhtan/ros_ws/install/diffdrive_arduino/share/diffdrive_arduino/environment/library_path.sh
[0.144s] -- Up-to-date symlink: /home/thanhtan/ros_ws/install/diffdrive_arduino/share/diffdrive_arduino/environment/library_path.dsv
[0.144s] -- Up-to-date symlink: /home/thanhtan/ros_ws/install/diffdrive_arduino/share/ament_index/resource_index/package_run_dependencies/diffdrive_arduino
[0.145s] -- Up-to-date symlink: /home/thanhtan/ros_ws/install/diffdrive_arduino/share/ament_index/resource_index/parent_prefix_path/diffdrive_arduino
[0.145s] -- Up-to-date symlink: /home/thanhtan/ros_ws/install/diffdrive_arduino/share/diffdrive_arduino/environment/ament_prefix_path.sh
[0.145s] -- Up-to-date symlink: /home/thanhtan/ros_ws/install/diffdrive_arduino/share/diffdrive_arduino/environment/ament_prefix_path.dsv
[0.145s] -- Up-to-date symlink: /home/thanhtan/ros_ws/install/diffdrive_arduino/share/diffdrive_arduino/environment/path.sh
[0.145s] -- Up-to-date symlink: /home/thanhtan/ros_ws/install/diffdrive_arduino/share/diffdrive_arduino/environment/path.dsv
[0.146s] -- Up-to-date symlink: /home/thanhtan/ros_ws/install/diffdrive_arduino/share/diffdrive_arduino/local_setup.bash
[0.146s] -- Up-to-date symlink: /home/thanhtan/ros_ws/install/diffdrive_arduino/share/diffdrive_arduino/local_setup.sh
[0.146s] -- Up-to-date symlink: /home/thanhtan/ros_ws/install/diffdrive_arduino/share/diffdrive_arduino/local_setup.zsh
[0.146s] -- Up-to-date symlink: /home/thanhtan/ros_ws/install/diffdrive_arduino/share/diffdrive_arduino/local_setup.dsv
[0.146s] -- Symlinking: /home/thanhtan/ros_ws/install/diffdrive_arduino/share/diffdrive_arduino/package.dsv
[0.157s] -- Up-to-date symlink: /home/thanhtan/ros_ws/install/diffdrive_arduino/share/ament_index/resource_index/packages/diffdrive_arduino
[0.157s] -- Up-to-date symlink: /home/thanhtan/ros_ws/install/diffdrive_arduino/share/ament_index/resource_index/hardware_interface__pluginlib__plugin/diffdrive_arduino
[0.158s] -- Up-to-date symlink: /home/thanhtan/ros_ws/install/diffdrive_arduino/share/diffdrive_arduino/cmake/ament_cmake_export_libraries-extras.cmake
[0.158s] -- Up-to-date symlink: /home/thanhtan/ros_ws/install/diffdrive_arduino/share/diffdrive_arduino/cmake/ament_cmake_export_dependencies-extras.cmake
[0.158s] -- Up-to-date symlink: /home/thanhtan/ros_ws/install/diffdrive_arduino/share/diffdrive_arduino/cmake/diffdrive_arduinoConfig.cmake
[0.158s] -- Up-to-date symlink: /home/thanhtan/ros_ws/install/diffdrive_arduino/share/diffdrive_arduino/cmake/diffdrive_arduinoConfig-version.cmake
[0.159s] -- Up-to-date symlink: /home/thanhtan/ros_ws/install/diffdrive_arduino/share/diffdrive_arduino/package.xml
[0.161s] Invoked command in '/home/thanhtan/ros_ws/build/diffdrive_arduino' returned '0': CMAKE_PREFIX_PATH=/home/thanhtan/ros_ws/install/serial:/home/thanhtan/ros_ws/install/diffdrive_arduino:/home/thanhtan/ros_ws/install/serial_motor_demo_msgs:/home/thanhtan/ros_ws/install/my_bot:/home/thanhtan/ros_ws/install/serial_motor_demo:/opt/ros/foxy /usr/bin/cmake --install /home/thanhtan/ros_ws/build/diffdrive_arduino
