[0.014s] Invoking command in '/home/thanhtan/ros_ws/build/my_bot': CMAKE_PREFIX_PATH=${CMAKE_PREFIX_PATH}:/opt/ros/foxy PS1=\[\e]0;\u@\h: \w\a\]${debian_chroot:+($debian_chroot)}\[\033[01;32m\]\u@\h\[\033[00m\]:\[\033[01;34m\]\w\[\033[00m\]\$ /usr/bin/cmake /home/thanhtan/ros_ws/src/my_bot -DCMAKE_INSTALL_PREFIX=/home/thanhtan/ros_ws/install/my_bot
[0.068s] -- The C compiler identification is GNU 9.4.0
[0.123s] -- The CXX compiler identification is GNU 9.4.0
[0.128s] -- Check for working C compiler: /usr/bin/cc
[0.212s] -- Check for working C compiler: /usr/bin/cc -- works
[0.213s] -- Detecting C compiler ABI info
[0.302s] -- Detecting C compiler ABI info - done
[0.314s] -- Detecting C compile features
[0.315s] -- Detecting C compile features - done
[0.317s] -- Check for working CXX compiler: /usr/bin/c++
[0.398s] -- Check for working CXX compiler: /usr/bin/c++ -- works
[0.399s] -- Detecting CXX compiler ABI info
[0.480s] -- Detecting CXX compiler ABI info - done
[0.488s] -- Detecting CXX compile features
[0.488s] -- Detecting CXX compile features - done
[0.491s] -- Found ament_cmake: 0.9.12 (/opt/ros/foxy/share/ament_cmake/cmake)
[0.514s] -- Found PythonInterp: /usr/bin/python3 (found suitable version "3.8.10", minimum required is "3") 
[0.514s] -- Using PYTHON_EXECUTABLE: /usr/bin/python3
[0.682s] -- Found ament_lint_auto: 0.9.8 (/opt/ros/foxy/share/ament_lint_auto/cmake)
[0.748s] -- Added test 'copyright' to check source files copyright and LICENSE
[0.751s] -- Added test 'flake8' to check Python code syntax and style conventions
[0.752s] -- Added test 'lint_cmake' to check CMake code style
[0.752s] -- Added test 'pep257' to check Python code against some of the style conventions in PEP 257
[0.753s] -- Added test 'xmllint' to check XML markup files
[0.755s] -- Configuring done
[0.757s] -- Generating done
[0.758s] -- Build files have been written to: /home/thanhtan/ros_ws/build/my_bot
[0.761s] Invoked command in '/home/thanhtan/ros_ws/build/my_bot' returned '0': CMAKE_PREFIX_PATH=${CMAKE_PREFIX_PATH}:/opt/ros/foxy PS1=\[\e]0;\u@\h: \w\a\]${debian_chroot:+($debian_chroot)}\[\033[01;32m\]\u@\h\[\033[00m\]:\[\033[01;34m\]\w\[\033[00m\]\$ /usr/bin/cmake /home/thanhtan/ros_ws/src/my_bot -DCMAKE_INSTALL_PREFIX=/home/thanhtan/ros_ws/install/my_bot
[0.765s] Invoking command in '/home/thanhtan/ros_ws/build/my_bot': CMAKE_PREFIX_PATH=${CMAKE_PREFIX_PATH}:/opt/ros/foxy PS1=\[\e]0;\u@\h: \w\a\]${debian_chroot:+($debian_chroot)}\[\033[01;32m\]\u@\h\[\033[00m\]:\[\033[01;34m\]\w\[\033[00m\]\$ /usr/bin/cmake --build /home/thanhtan/ros_ws/build/my_bot -- -j12 -l12
[0.804s] Invoked command in '/home/thanhtan/ros_ws/build/my_bot' returned '0': CMAKE_PREFIX_PATH=${CMAKE_PREFIX_PATH}:/opt/ros/foxy PS1=\[\e]0;\u@\h: \w\a\]${debian_chroot:+($debian_chroot)}\[\033[01;32m\]\u@\h\[\033[00m\]:\[\033[01;34m\]\w\[\033[00m\]\$ /usr/bin/cmake --build /home/thanhtan/ros_ws/build/my_bot -- -j12 -l12
[0.845s] Invoking command in '/home/thanhtan/ros_ws/build/my_bot': CMAKE_PREFIX_PATH=${CMAKE_PREFIX_PATH}:/opt/ros/foxy PS1=\[\e]0;\u@\h: \w\a\]${debian_chroot:+($debian_chroot)}\[\033[01;32m\]\u@\h\[\033[00m\]:\[\033[01;34m\]\w\[\033[00m\]\$ /usr/bin/cmake --install /home/thanhtan/ros_ws/build/my_bot
[0.852s] -- Install configuration: ""
[0.852s] -- Up-to-date: /home/thanhtan/ros_ws/install/my_bot/share/my_bot/config
[0.852s] -- Up-to-date: /home/thanhtan/ros_ws/install/my_bot/share/my_bot/description
[0.852s] -- Up-to-date: /home/thanhtan/ros_ws/install/my_bot/share/my_bot/launch
[0.852s] -- Up-to-date: /home/thanhtan/ros_ws/install/my_bot/share/my_bot/worlds
[0.852s] -- Installing: /home/thanhtan/ros_ws/install/my_bot/share/my_bot/package.dsv
[0.854s] Invoked command in '/home/thanhtan/ros_ws/build/my_bot' returned '0': CMAKE_PREFIX_PATH=${CMAKE_PREFIX_PATH}:/opt/ros/foxy PS1=\[\e]0;\u@\h: \w\a\]${debian_chroot:+($debian_chroot)}\[\033[01;32m\]\u@\h\[\033[00m\]:\[\033[01;34m\]\w\[\033[00m\]\$ /usr/bin/cmake --install /home/thanhtan/ros_ws/build/my_bot
