-- Install configuration: ""
-- Execute custom install script
-- Symlinking: /home/thanhtan/ros_ws/install/my_bot/share/my_bot/config/empty.yaml
-- Symlinking: /home/thanhtan/ros_ws/install/my_bot/share/my_bot/config/my_controllers.yaml
-- Symlinking: /home/thanhtan/ros_ws/install/my_bot/share/my_bot/config/view_robot_rviz.rviz
-- Symlinking: /home/thanhtan/ros_ws/install/my_bot/share/my_bot/description/camera.xacro
-- Symlinking: /home/thanhtan/ros_ws/install/my_bot/share/my_bot/description/gazebo_control.xacro
-- Symlinking: /home/thanhtan/ros_ws/install/my_bot/share/my_bot/description/inertial_macros.xacro
-- Symlinking: /home/thanhtan/ros_ws/install/my_bot/share/my_bot/description/lidar.xacro
-- Symlinking: /home/thanhtan/ros_ws/install/my_bot/share/my_bot/description/robot.urdf.xacro
-- Symlinking: /home/thanhtan/ros_ws/install/my_bot/share/my_bot/description/robot_core.xacro
-- Symlinking: /home/thanhtan/ros_ws/install/my_bot/share/my_bot/description/ros2_control.xacro
-- Symlinking: /home/thanhtan/ros_ws/install/my_bot/share/my_bot/launch/launch_sim.launch.py
-- Symlinking: /home/thanhtan/ros_ws/install/my_bot/share/my_bot/launch/listener.launch.py
-- Symlinking: /home/thanhtan/ros_ws/install/my_bot/share/my_bot/launch/rsp.launch.py
-- Symlinking: /home/thanhtan/ros_ws/install/my_bot/share/my_bot/launch/talker.launch.py
-- Symlinking: /home/thanhtan/ros_ws/install/my_bot/share/my_bot/worlds/empty.world
-- Symlinking: /home/thanhtan/ros_ws/install/my_bot/share/my_bot/worlds/world_1
-- Symlinking: /home/thanhtan/ros_ws/install/my_bot/share/ament_index/resource_index/package_run_dependencies/my_bot
-- Symlinking: /home/thanhtan/ros_ws/install/my_bot/share/ament_index/resource_index/parent_prefix_path/my_bot
-- Symlinking: /home/thanhtan/ros_ws/install/my_bot/share/my_bot/environment/ament_prefix_path.sh
-- Symlinking: /home/thanhtan/ros_ws/install/my_bot/share/my_bot/environment/ament_prefix_path.dsv
-- Symlinking: /home/thanhtan/ros_ws/install/my_bot/share/my_bot/environment/path.sh
-- Symlinking: /home/thanhtan/ros_ws/install/my_bot/share/my_bot/environment/path.dsv
-- Symlinking: /home/thanhtan/ros_ws/install/my_bot/share/my_bot/local_setup.bash
-- Symlinking: /home/thanhtan/ros_ws/install/my_bot/share/my_bot/local_setup.sh
-- Symlinking: /home/thanhtan/ros_ws/install/my_bot/share/my_bot/local_setup.zsh
-- Symlinking: /home/thanhtan/ros_ws/install/my_bot/share/my_bot/local_setup.dsv
-- Symlinking: /home/thanhtan/ros_ws/install/my_bot/share/my_bot/package.dsv
-- Symlinking: /home/thanhtan/ros_ws/install/my_bot/share/ament_index/resource_index/packages/my_bot
-- Symlinking: /home/thanhtan/ros_ws/install/my_bot/share/my_bot/cmake/my_botConfig.cmake
-- Symlinking: /home/thanhtan/ros_ws/install/my_bot/share/my_bot/cmake/my_botConfig-version.cmake
-- Symlinking: /home/thanhtan/ros_ws/install/my_bot/share/my_bot/package.xml
