[0.165s] DEBUG:colcon:Command line arguments: ['/usr/bin/colcon', 'build', '--symlink-install']
[0.166s] DEBUG:colcon:Parsed command line arguments: Namespace(allow_overriding=[], ament_cmake_args=None, base_paths=['.'], build_base='build', catkin_cmake_args=None, catkin_skip_building_tests=False, cmake_args=None, cmake_clean_cache=False, cmake_clean_first=False, cmake_force_configure=False, cmake_target=None, cmake_target_skip_unavailable=False, continue_on_error=False, event_handlers=None, executor='parallel', ignore_user_meta=False, install_base='install', log_base=None, log_level=None, main=<bound method BuildVerb.main of <colcon_core.verb.build.BuildVerb object at 0x7fa5d0b25d60>>, merge_install=False, metas=['./colcon.meta'], mixin=None, mixin_files=None, mixin_verb=('build',), packages_above=None, packages_above_and_dependencies=None, packages_above_depth=None, packages_end=None, packages_ignore=None, packages_ignore_regex=None, packages_select=None, packages_select_build_failed=False, packages_select_by_dep=None, packages_select_regex=None, packages_select_test_failures=False, packages_skip=None, packages_skip_build_finished=False, packages_skip_by_dep=None, packages_skip_regex=None, packages_skip_test_passed=False, packages_skip_up_to=None, packages_start=None, packages_up_to=None, packages_up_to_regex=None, parallel_workers=12, paths=None, symlink_install=True, test_result_base=None, verb_extension=<colcon_core.verb.build.BuildVerb object at 0x7fa5d0b25d60>, verb_name='build', verb_parser=<colcon_mixin.mixin.mixin_argument.MixinArgumentDecorator object at 0x7fa5d0b34280>)
[0.274s] Level 1:colcon.colcon_core.package_discovery:discover_packages(colcon_meta) check parameters
[0.274s] Level 1:colcon.colcon_core.package_discovery:discover_packages(recursive) check parameters
[0.274s] Level 1:colcon.colcon_core.package_discovery:discover_packages(ignore) check parameters
[0.274s] Level 1:colcon.colcon_core.package_discovery:discover_packages(path) check parameters
[0.274s] Level 1:colcon.colcon_core.package_discovery:discover_packages(colcon_meta) discover
[0.275s] Level 1:colcon.colcon_core.package_discovery:discover_packages(recursive) discover
[0.275s] INFO:colcon.colcon_core.package_discovery:Crawling recursively for packages in '/home/thanhtan/ros_ws'
[0.275s] Level 1:colcon.colcon_core.package_identification:_identify(.) by extensions ['ignore', 'ignore_ament_install']
[0.275s] Level 1:colcon.colcon_core.package_identification:_identify(.) by extension 'ignore'
[0.275s] Level 1:colcon.colcon_core.package_identification:_identify(.) by extension 'ignore_ament_install'
[0.275s] Level 1:colcon.colcon_core.package_identification:_identify(.) by extensions ['colcon_pkg']
[0.275s] Level 1:colcon.colcon_core.package_identification:_identify(.) by extension 'colcon_pkg'
[0.275s] Level 1:colcon.colcon_core.package_identification:_identify(.) by extensions ['colcon_meta']
[0.275s] Level 1:colcon.colcon_core.package_identification:_identify(.) by extension 'colcon_meta'
[0.275s] Level 1:colcon.colcon_core.package_identification:_identify(.) by extensions ['ros']
[0.275s] Level 1:colcon.colcon_core.package_identification:_identify(.) by extension 'ros'
[0.288s] Level 1:colcon.colcon_core.package_identification:_identify(.) by extensions ['cmake', 'python']
[0.288s] Level 1:colcon.colcon_core.package_identification:_identify(.) by extension 'cmake'
[0.288s] Level 1:colcon.colcon_core.package_identification:_identify(.) by extension 'python'
[0.288s] Level 1:colcon.colcon_core.package_identification:_identify(.) by extensions ['python_setup_py']
[0.289s] Level 1:colcon.colcon_core.package_identification:_identify(.) by extension 'python_setup_py'
[0.289s] Level 1:colcon.colcon_core.package_identification:_identify(build) by extensions ['ignore', 'ignore_ament_install']
[0.289s] Level 1:colcon.colcon_core.package_identification:_identify(build) by extension 'ignore'
[0.289s] Level 1:colcon.colcon_core.package_identification:_identify(build) ignored
[0.289s] Level 1:colcon.colcon_core.package_identification:_identify(install) by extensions ['ignore', 'ignore_ament_install']
[0.289s] Level 1:colcon.colcon_core.package_identification:_identify(install) by extension 'ignore'
[0.289s] Level 1:colcon.colcon_core.package_identification:_identify(install) ignored
[0.289s] Level 1:colcon.colcon_core.package_identification:_identify(log) by extensions ['ignore', 'ignore_ament_install']
[0.289s] Level 1:colcon.colcon_core.package_identification:_identify(log) by extension 'ignore'
[0.289s] Level 1:colcon.colcon_core.package_identification:_identify(log) ignored
[0.290s] Level 1:colcon.colcon_core.package_identification:_identify(src) by extensions ['ignore', 'ignore_ament_install']
[0.290s] Level 1:colcon.colcon_core.package_identification:_identify(src) by extension 'ignore'
[0.290s] Level 1:colcon.colcon_core.package_identification:_identify(src) by extension 'ignore_ament_install'
[0.290s] Level 1:colcon.colcon_core.package_identification:_identify(src) by extensions ['colcon_pkg']
[0.290s] Level 1:colcon.colcon_core.package_identification:_identify(src) by extension 'colcon_pkg'
[0.290s] Level 1:colcon.colcon_core.package_identification:_identify(src) by extensions ['colcon_meta']
[0.290s] Level 1:colcon.colcon_core.package_identification:_identify(src) by extension 'colcon_meta'
[0.290s] Level 1:colcon.colcon_core.package_identification:_identify(src) by extensions ['ros']
[0.290s] Level 1:colcon.colcon_core.package_identification:_identify(src) by extension 'ros'
[0.290s] Level 1:colcon.colcon_core.package_identification:_identify(src) by extensions ['cmake', 'python']
[0.290s] Level 1:colcon.colcon_core.package_identification:_identify(src) by extension 'cmake'
[0.290s] Level 1:colcon.colcon_core.package_identification:_identify(src) by extension 'python'
[0.290s] Level 1:colcon.colcon_core.package_identification:_identify(src) by extensions ['python_setup_py']
[0.290s] Level 1:colcon.colcon_core.package_identification:_identify(src) by extension 'python_setup_py'
[0.290s] Level 1:colcon.colcon_core.package_identification:_identify(src/diffdrive_arduino) by extensions ['ignore', 'ignore_ament_install']
[0.290s] Level 1:colcon.colcon_core.package_identification:_identify(src/diffdrive_arduino) by extension 'ignore'
[0.291s] Level 1:colcon.colcon_core.package_identification:_identify(src/diffdrive_arduino) by extension 'ignore_ament_install'
[0.291s] Level 1:colcon.colcon_core.package_identification:_identify(src/diffdrive_arduino) by extensions ['colcon_pkg']
[0.291s] Level 1:colcon.colcon_core.package_identification:_identify(src/diffdrive_arduino) by extension 'colcon_pkg'
[0.291s] Level 1:colcon.colcon_core.package_identification:_identify(src/diffdrive_arduino) by extensions ['colcon_meta']
[0.291s] Level 1:colcon.colcon_core.package_identification:_identify(src/diffdrive_arduino) by extension 'colcon_meta'
[0.291s] Level 1:colcon.colcon_core.package_identification:_identify(src/diffdrive_arduino) by extensions ['ros']
[0.291s] Level 1:colcon.colcon_core.package_identification:_identify(src/diffdrive_arduino) by extension 'ros'
[0.293s] DEBUG:colcon.colcon_core.package_identification:Package 'src/diffdrive_arduino' with type 'ros.ament_cmake' and name 'diffdrive_arduino'
[0.293s] Level 1:colcon.colcon_core.package_identification:_identify(src/my_bot) by extensions ['ignore', 'ignore_ament_install']
[0.294s] Level 1:colcon.colcon_core.package_identification:_identify(src/my_bot) by extension 'ignore'
[0.294s] Level 1:colcon.colcon_core.package_identification:_identify(src/my_bot) by extension 'ignore_ament_install'
[0.294s] Level 1:colcon.colcon_core.package_identification:_identify(src/my_bot) by extensions ['colcon_pkg']
[0.294s] Level 1:colcon.colcon_core.package_identification:_identify(src/my_bot) by extension 'colcon_pkg'
[0.294s] Level 1:colcon.colcon_core.package_identification:_identify(src/my_bot) by extensions ['colcon_meta']
[0.294s] Level 1:colcon.colcon_core.package_identification:_identify(src/my_bot) by extension 'colcon_meta'
[0.294s] Level 1:colcon.colcon_core.package_identification:_identify(src/my_bot) by extensions ['ros']
[0.294s] Level 1:colcon.colcon_core.package_identification:_identify(src/my_bot) by extension 'ros'
[0.294s] DEBUG:colcon.colcon_core.package_identification:Package 'src/my_bot' with type 'ros.ament_cmake' and name 'my_bot'
[0.295s] Level 1:colcon.colcon_core.package_identification:_identify(src/serial) by extensions ['ignore', 'ignore_ament_install']
[0.295s] Level 1:colcon.colcon_core.package_identification:_identify(src/serial) by extension 'ignore'
[0.295s] Level 1:colcon.colcon_core.package_identification:_identify(src/serial) by extension 'ignore_ament_install'
[0.295s] Level 1:colcon.colcon_core.package_identification:_identify(src/serial) by extensions ['colcon_pkg']
[0.295s] Level 1:colcon.colcon_core.package_identification:_identify(src/serial) by extension 'colcon_pkg'
[0.295s] Level 1:colcon.colcon_core.package_identification:_identify(src/serial) by extensions ['colcon_meta']
[0.295s] Level 1:colcon.colcon_core.package_identification:_identify(src/serial) by extension 'colcon_meta'
[0.295s] Level 1:colcon.colcon_core.package_identification:_identify(src/serial) by extensions ['ros']
[0.295s] Level 1:colcon.colcon_core.package_identification:_identify(src/serial) by extension 'ros'
[0.296s] DEBUG:colcon.colcon_core.package_identification:Package 'src/serial' with type 'ros.ament_cmake' and name 'serial'
[0.296s] Level 1:colcon.colcon_core.package_identification:_identify(src/serial_motor_demo) by extensions ['ignore', 'ignore_ament_install']
[0.296s] Level 1:colcon.colcon_core.package_identification:_identify(src/serial_motor_demo) by extension 'ignore'
[0.296s] Level 1:colcon.colcon_core.package_identification:_identify(src/serial_motor_demo) by extension 'ignore_ament_install'
[0.296s] Level 1:colcon.colcon_core.package_identification:_identify(src/serial_motor_demo) by extensions ['colcon_pkg']
[0.296s] Level 1:colcon.colcon_core.package_identification:_identify(src/serial_motor_demo) by extension 'colcon_pkg'
[0.296s] Level 1:colcon.colcon_core.package_identification:_identify(src/serial_motor_demo) by extensions ['colcon_meta']
[0.296s] Level 1:colcon.colcon_core.package_identification:_identify(src/serial_motor_demo) by extension 'colcon_meta'
[0.296s] Level 1:colcon.colcon_core.package_identification:_identify(src/serial_motor_demo) by extensions ['ros']
[0.296s] Level 1:colcon.colcon_core.package_identification:_identify(src/serial_motor_demo) by extension 'ros'
[0.296s] Level 1:colcon.colcon_core.package_identification:_identify(src/serial_motor_demo) by extensions ['cmake', 'python']
[0.296s] Level 1:colcon.colcon_core.package_identification:_identify(src/serial_motor_demo) by extension 'cmake'
[0.296s] Level 1:colcon.colcon_core.package_identification:_identify(src/serial_motor_demo) by extension 'python'
[0.296s] Level 1:colcon.colcon_core.package_identification:_identify(src/serial_motor_demo) by extensions ['python_setup_py']
[0.296s] Level 1:colcon.colcon_core.package_identification:_identify(src/serial_motor_demo) by extension 'python_setup_py'
[0.296s] Level 1:colcon.colcon_core.package_identification:_identify(src/serial_motor_demo/serial_motor_demo) by extensions ['ignore', 'ignore_ament_install']
[0.297s] Level 1:colcon.colcon_core.package_identification:_identify(src/serial_motor_demo/serial_motor_demo) by extension 'ignore'
[0.297s] Level 1:colcon.colcon_core.package_identification:_identify(src/serial_motor_demo/serial_motor_demo) by extension 'ignore_ament_install'
[0.297s] Level 1:colcon.colcon_core.package_identification:_identify(src/serial_motor_demo/serial_motor_demo) by extensions ['colcon_pkg']
[0.297s] Level 1:colcon.colcon_core.package_identification:_identify(src/serial_motor_demo/serial_motor_demo) by extension 'colcon_pkg'
[0.297s] Level 1:colcon.colcon_core.package_identification:_identify(src/serial_motor_demo/serial_motor_demo) by extensions ['colcon_meta']
[0.297s] Level 1:colcon.colcon_core.package_identification:_identify(src/serial_motor_demo/serial_motor_demo) by extension 'colcon_meta'
[0.297s] Level 1:colcon.colcon_core.package_identification:_identify(src/serial_motor_demo/serial_motor_demo) by extensions ['ros']
[0.297s] Level 1:colcon.colcon_core.package_identification:_identify(src/serial_motor_demo/serial_motor_demo) by extension 'ros'
[0.298s] DEBUG:colcon.colcon_core.package_identification:Package 'src/serial_motor_demo/serial_motor_demo' with type 'ros.ament_python' and name 'serial_motor_demo'
[0.298s] Level 1:colcon.colcon_core.package_identification:_identify(src/serial_motor_demo/serial_motor_demo_msgs) by extensions ['ignore', 'ignore_ament_install']
[0.298s] Level 1:colcon.colcon_core.package_identification:_identify(src/serial_motor_demo/serial_motor_demo_msgs) by extension 'ignore'
[0.298s] Level 1:colcon.colcon_core.package_identification:_identify(src/serial_motor_demo/serial_motor_demo_msgs) by extension 'ignore_ament_install'
[0.298s] Level 1:colcon.colcon_core.package_identification:_identify(src/serial_motor_demo/serial_motor_demo_msgs) by extensions ['colcon_pkg']
[0.298s] Level 1:colcon.colcon_core.package_identification:_identify(src/serial_motor_demo/serial_motor_demo_msgs) by extension 'colcon_pkg'
[0.298s] Level 1:colcon.colcon_core.package_identification:_identify(src/serial_motor_demo/serial_motor_demo_msgs) by extensions ['colcon_meta']
[0.298s] Level 1:colcon.colcon_core.package_identification:_identify(src/serial_motor_demo/serial_motor_demo_msgs) by extension 'colcon_meta'
[0.298s] Level 1:colcon.colcon_core.package_identification:_identify(src/serial_motor_demo/serial_motor_demo_msgs) by extensions ['ros']
[0.298s] Level 1:colcon.colcon_core.package_identification:_identify(src/serial_motor_demo/serial_motor_demo_msgs) by extension 'ros'
[0.299s] DEBUG:colcon.colcon_core.package_identification:Package 'src/serial_motor_demo/serial_motor_demo_msgs' with type 'ros.ament_cmake' and name 'serial_motor_demo_msgs'
[0.299s] Level 1:colcon.colcon_core.package_discovery:discover_packages(recursive) using defaults
[0.299s] Level 1:colcon.colcon_core.package_discovery:discover_packages(ignore) discover
[0.299s] Level 1:colcon.colcon_core.package_discovery:discover_packages(ignore) using defaults
[0.299s] Level 1:colcon.colcon_core.package_discovery:discover_packages(path) discover
[0.299s] Level 1:colcon.colcon_core.package_discovery:discover_packages(path) using defaults
[0.315s] Level 1:colcon.colcon_core.package_discovery:discover_packages(prefix_path) check parameters
[0.315s] Level 1:colcon.colcon_core.package_discovery:discover_packages(prefix_path) discover
[0.317s] DEBUG:colcon.colcon_installed_package_information.package_discovery:Found 3 installed packages in /home/thanhtan/ros_ws/install
[0.318s] DEBUG:colcon.colcon_installed_package_information.package_discovery:Found 293 installed packages in /opt/ros/foxy
[0.319s] Level 1:colcon.colcon_core.package_discovery:discover_packages(prefix_path) using defaults
[0.372s] Level 5:colcon.colcon_core.verb:set package 'my_bot' build argument 'cmake_args' from command line to 'None'
[0.372s] Level 5:colcon.colcon_core.verb:set package 'my_bot' build argument 'cmake_target' from command line to 'None'
[0.372s] Level 5:colcon.colcon_core.verb:set package 'my_bot' build argument 'cmake_target_skip_unavailable' from command line to 'False'
[0.372s] Level 5:colcon.colcon_core.verb:set package 'my_bot' build argument 'cmake_clean_cache' from command line to 'False'
[0.372s] Level 5:colcon.colcon_core.verb:set package 'my_bot' build argument 'cmake_clean_first' from command line to 'False'
[0.372s] Level 5:colcon.colcon_core.verb:set package 'my_bot' build argument 'cmake_force_configure' from command line to 'False'
[0.372s] Level 5:colcon.colcon_core.verb:set package 'my_bot' build argument 'ament_cmake_args' from command line to 'None'
[0.372s] Level 5:colcon.colcon_core.verb:set package 'my_bot' build argument 'catkin_cmake_args' from command line to 'None'
[0.372s] Level 5:colcon.colcon_core.verb:set package 'my_bot' build argument 'catkin_skip_building_tests' from command line to 'False'
[0.372s] DEBUG:colcon.colcon_core.verb:Building package 'my_bot' with the following arguments: {'ament_cmake_args': None, 'build_base': '/home/thanhtan/ros_ws/build/my_bot', 'catkin_cmake_args': None, 'catkin_skip_building_tests': False, 'cmake_args': None, 'cmake_clean_cache': False, 'cmake_clean_first': False, 'cmake_force_configure': False, 'cmake_target': None, 'cmake_target_skip_unavailable': False, 'install_base': '/home/thanhtan/ros_ws/install/my_bot', 'merge_install': False, 'path': '/home/thanhtan/ros_ws/src/my_bot', 'symlink_install': True, 'test_result_base': None}
[0.373s] Level 5:colcon.colcon_core.verb:set package 'serial' build argument 'cmake_args' from command line to 'None'
[0.373s] Level 5:colcon.colcon_core.verb:set package 'serial' build argument 'cmake_target' from command line to 'None'
[0.373s] Level 5:colcon.colcon_core.verb:set package 'serial' build argument 'cmake_target_skip_unavailable' from command line to 'False'
[0.373s] Level 5:colcon.colcon_core.verb:set package 'serial' build argument 'cmake_clean_cache' from command line to 'False'
[0.373s] Level 5:colcon.colcon_core.verb:set package 'serial' build argument 'cmake_clean_first' from command line to 'False'
[0.373s] Level 5:colcon.colcon_core.verb:set package 'serial' build argument 'cmake_force_configure' from command line to 'False'
[0.373s] Level 5:colcon.colcon_core.verb:set package 'serial' build argument 'ament_cmake_args' from command line to 'None'
[0.373s] Level 5:colcon.colcon_core.verb:set package 'serial' build argument 'catkin_cmake_args' from command line to 'None'
[0.373s] Level 5:colcon.colcon_core.verb:set package 'serial' build argument 'catkin_skip_building_tests' from command line to 'False'
[0.373s] DEBUG:colcon.colcon_core.verb:Building package 'serial' with the following arguments: {'ament_cmake_args': None, 'build_base': '/home/thanhtan/ros_ws/build/serial', 'catkin_cmake_args': None, 'catkin_skip_building_tests': False, 'cmake_args': None, 'cmake_clean_cache': False, 'cmake_clean_first': False, 'cmake_force_configure': False, 'cmake_target': None, 'cmake_target_skip_unavailable': False, 'install_base': '/home/thanhtan/ros_ws/install/serial', 'merge_install': False, 'path': '/home/thanhtan/ros_ws/src/serial', 'symlink_install': True, 'test_result_base': None}
[0.373s] Level 5:colcon.colcon_core.verb:set package 'serial_motor_demo_msgs' build argument 'cmake_args' from command line to 'None'
[0.373s] Level 5:colcon.colcon_core.verb:set package 'serial_motor_demo_msgs' build argument 'cmake_target' from command line to 'None'
[0.373s] Level 5:colcon.colcon_core.verb:set package 'serial_motor_demo_msgs' build argument 'cmake_target_skip_unavailable' from command line to 'False'
[0.373s] Level 5:colcon.colcon_core.verb:set package 'serial_motor_demo_msgs' build argument 'cmake_clean_cache' from command line to 'False'
[0.373s] Level 5:colcon.colcon_core.verb:set package 'serial_motor_demo_msgs' build argument 'cmake_clean_first' from command line to 'False'
[0.374s] Level 5:colcon.colcon_core.verb:set package 'serial_motor_demo_msgs' build argument 'cmake_force_configure' from command line to 'False'
[0.374s] Level 5:colcon.colcon_core.verb:set package 'serial_motor_demo_msgs' build argument 'ament_cmake_args' from command line to 'None'
[0.374s] Level 5:colcon.colcon_core.verb:set package 'serial_motor_demo_msgs' build argument 'catkin_cmake_args' from command line to 'None'
[0.374s] Level 5:colcon.colcon_core.verb:set package 'serial_motor_demo_msgs' build argument 'catkin_skip_building_tests' from command line to 'False'
[0.374s] DEBUG:colcon.colcon_core.verb:Building package 'serial_motor_demo_msgs' with the following arguments: {'ament_cmake_args': None, 'build_base': '/home/thanhtan/ros_ws/build/serial_motor_demo_msgs', 'catkin_cmake_args': None, 'catkin_skip_building_tests': False, 'cmake_args': None, 'cmake_clean_cache': False, 'cmake_clean_first': False, 'cmake_force_configure': False, 'cmake_target': None, 'cmake_target_skip_unavailable': False, 'install_base': '/home/thanhtan/ros_ws/install/serial_motor_demo_msgs', 'merge_install': False, 'path': '/home/thanhtan/ros_ws/src/serial_motor_demo/serial_motor_demo_msgs', 'symlink_install': True, 'test_result_base': None}
[0.374s] Level 5:colcon.colcon_core.verb:set package 'diffdrive_arduino' build argument 'cmake_args' from command line to 'None'
[0.374s] Level 5:colcon.colcon_core.verb:set package 'diffdrive_arduino' build argument 'cmake_target' from command line to 'None'
[0.374s] Level 5:colcon.colcon_core.verb:set package 'diffdrive_arduino' build argument 'cmake_target_skip_unavailable' from command line to 'False'
[0.374s] Level 5:colcon.colcon_core.verb:set package 'diffdrive_arduino' build argument 'cmake_clean_cache' from command line to 'False'
[0.374s] Level 5:colcon.colcon_core.verb:set package 'diffdrive_arduino' build argument 'cmake_clean_first' from command line to 'False'
[0.374s] Level 5:colcon.colcon_core.verb:set package 'diffdrive_arduino' build argument 'cmake_force_configure' from command line to 'False'
[0.374s] Level 5:colcon.colcon_core.verb:set package 'diffdrive_arduino' build argument 'ament_cmake_args' from command line to 'None'
[0.374s] Level 5:colcon.colcon_core.verb:set package 'diffdrive_arduino' build argument 'catkin_cmake_args' from command line to 'None'
[0.374s] Level 5:colcon.colcon_core.verb:set package 'diffdrive_arduino' build argument 'catkin_skip_building_tests' from command line to 'False'
[0.374s] DEBUG:colcon.colcon_core.verb:Building package 'diffdrive_arduino' with the following arguments: {'ament_cmake_args': None, 'build_base': '/home/thanhtan/ros_ws/build/diffdrive_arduino', 'catkin_cmake_args': None, 'catkin_skip_building_tests': False, 'cmake_args': None, 'cmake_clean_cache': False, 'cmake_clean_first': False, 'cmake_force_configure': False, 'cmake_target': None, 'cmake_target_skip_unavailable': False, 'install_base': '/home/thanhtan/ros_ws/install/diffdrive_arduino', 'merge_install': False, 'path': '/home/thanhtan/ros_ws/src/diffdrive_arduino', 'symlink_install': True, 'test_result_base': None}
[0.375s] Level 5:colcon.colcon_core.verb:set package 'serial_motor_demo' build argument 'cmake_args' from command line to 'None'
[0.375s] Level 5:colcon.colcon_core.verb:set package 'serial_motor_demo' build argument 'cmake_target' from command line to 'None'
[0.375s] Level 5:colcon.colcon_core.verb:set package 'serial_motor_demo' build argument 'cmake_target_skip_unavailable' from command line to 'False'
[0.375s] Level 5:colcon.colcon_core.verb:set package 'serial_motor_demo' build argument 'cmake_clean_cache' from command line to 'False'
[0.375s] Level 5:colcon.colcon_core.verb:set package 'serial_motor_demo' build argument 'cmake_clean_first' from command line to 'False'
[0.375s] Level 5:colcon.colcon_core.verb:set package 'serial_motor_demo' build argument 'cmake_force_configure' from command line to 'False'
[0.375s] Level 5:colcon.colcon_core.verb:set package 'serial_motor_demo' build argument 'ament_cmake_args' from command line to 'None'
[0.375s] Level 5:colcon.colcon_core.verb:set package 'serial_motor_demo' build argument 'catkin_cmake_args' from command line to 'None'
[0.375s] Level 5:colcon.colcon_core.verb:set package 'serial_motor_demo' build argument 'catkin_skip_building_tests' from command line to 'False'
[0.375s] DEBUG:colcon.colcon_core.verb:Building package 'serial_motor_demo' with the following arguments: {'ament_cmake_args': None, 'build_base': '/home/thanhtan/ros_ws/build/serial_motor_demo', 'catkin_cmake_args': None, 'catkin_skip_building_tests': False, 'cmake_args': None, 'cmake_clean_cache': False, 'cmake_clean_first': False, 'cmake_force_configure': False, 'cmake_target': None, 'cmake_target_skip_unavailable': False, 'install_base': '/home/thanhtan/ros_ws/install/serial_motor_demo', 'merge_install': False, 'path': '/home/thanhtan/ros_ws/src/serial_motor_demo/serial_motor_demo', 'symlink_install': True, 'test_result_base': None}
[0.375s] INFO:colcon.colcon_core.executor:Executing jobs using 'parallel' executor
[0.376s] DEBUG:colcon.colcon_parallel_executor.executor.parallel:run_until_complete
[0.376s] INFO:colcon.colcon_ros.task.ament_cmake.build:Building ROS package in '/home/thanhtan/ros_ws/src/serial' with build type 'ament_cmake'
[0.377s] INFO:colcon.colcon_cmake.task.cmake.build:Building CMake package in '/home/thanhtan/ros_ws/src/serial'
[0.379s] INFO:colcon.colcon_core.plugin_system:Skipping extension 'colcon_core.shell.bat': Not used on non-Windows systems
[0.379s] INFO:colcon.colcon_core.shell:Skip shell extension 'powershell' for command environment: Not usable outside of PowerShell
[0.379s] DEBUG:colcon.colcon_core.shell:Skip shell extension 'dsv' for command environment
[0.384s] INFO:colcon.colcon_ros.task.ament_cmake.build:Building ROS package in '/home/thanhtan/ros_ws/src/serial_motor_demo/serial_motor_demo_msgs' with build type 'ament_cmake'
[0.384s] INFO:colcon.colcon_cmake.task.cmake.build:Building CMake package in '/home/thanhtan/ros_ws/src/serial_motor_demo/serial_motor_demo_msgs'
[0.384s] INFO:colcon.colcon_core.shell:Skip shell extension 'powershell' for command environment: Not usable outside of PowerShell
[0.384s] DEBUG:colcon.colcon_core.shell:Skip shell extension 'dsv' for command environment
[0.389s] INFO:colcon.colcon_ros.task.ament_cmake.build:Building ROS package in '/home/thanhtan/ros_ws/src/my_bot' with build type 'ament_cmake'
[0.389s] INFO:colcon.colcon_cmake.task.cmake.build:Building CMake package in '/home/thanhtan/ros_ws/src/my_bot'
[0.390s] INFO:colcon.colcon_core.shell:Skip shell extension 'powershell' for command environment: Not usable outside of PowerShell
[0.390s] DEBUG:colcon.colcon_core.shell:Skip shell extension 'dsv' for command environment
[0.401s] DEBUG:colcon.colcon_core.event_handler.log_command:Invoking command in '/home/thanhtan/ros_ws/build/serial': CMAKE_PREFIX_PATH=${CMAKE_PREFIX_PATH}:/home/thanhtan/ros_ws/install/serial_motor_demo:/opt/ros/foxy /usr/bin/cmake /home/thanhtan/ros_ws/src/serial -DAMENT_CMAKE_SYMLINK_INSTALL=1 -DCMAKE_INSTALL_PREFIX=/home/thanhtan/ros_ws/install/serial
[0.408s] DEBUG:colcon.colcon_core.event_handler.log_command:Invoking command in '/home/thanhtan/ros_ws/build/serial_motor_demo_msgs': CMAKE_PREFIX_PATH=${CMAKE_PREFIX_PATH}:/home/thanhtan/ros_ws/install/serial_motor_demo:/opt/ros/foxy /usr/bin/cmake --build /home/thanhtan/ros_ws/build/serial_motor_demo_msgs -- -j12 -l12
[0.413s] DEBUG:colcon.colcon_core.event_handler.log_command:Invoking command in '/home/thanhtan/ros_ws/build/my_bot': CMAKE_PREFIX_PATH=${CMAKE_PREFIX_PATH}:/home/thanhtan/ros_ws/install/serial_motor_demo:/opt/ros/foxy /usr/bin/cmake --build /home/thanhtan/ros_ws/build/my_bot -- -j12 -l12
[0.452s] DEBUG:colcon.colcon_core.event_handler.log_command:Invoked command in '/home/thanhtan/ros_ws/build/my_bot' returned '0': CMAKE_PREFIX_PATH=${CMAKE_PREFIX_PATH}:/home/thanhtan/ros_ws/install/serial_motor_demo:/opt/ros/foxy /usr/bin/cmake --build /home/thanhtan/ros_ws/build/my_bot -- -j12 -l12
[0.486s] DEBUG:colcon.colcon_core.event_handler.log_command:Invoking command in '/home/thanhtan/ros_ws/build/my_bot': CMAKE_PREFIX_PATH=${CMAKE_PREFIX_PATH}:/home/thanhtan/ros_ws/install/serial_motor_demo:/opt/ros/foxy /usr/bin/cmake --install /home/thanhtan/ros_ws/build/my_bot
[0.512s] Level 1:colcon.colcon_core.environment:create_environment_scripts_only(my_bot)
[0.513s] DEBUG:colcon.colcon_core.event_handler.log_command:Invoked command in '/home/thanhtan/ros_ws/build/my_bot' returned '0': CMAKE_PREFIX_PATH=${CMAKE_PREFIX_PATH}:/home/thanhtan/ros_ws/install/serial_motor_demo:/opt/ros/foxy /usr/bin/cmake --install /home/thanhtan/ros_ws/build/my_bot
[0.516s] Level 1:colcon.colcon_core.environment:checking '/home/thanhtan/ros_ws/install/my_bot' for CMake module files
[0.516s] Level 1:colcon.colcon_core.environment:checking '/home/thanhtan/ros_ws/install/my_bot' for CMake config files
[0.517s] Level 1:colcon.colcon_core.shell:create_environment_hook('my_bot', 'cmake_prefix_path')
[0.517s] INFO:colcon.colcon_core.shell:Creating environment hook '/home/thanhtan/ros_ws/install/my_bot/share/my_bot/hook/cmake_prefix_path.ps1'
[0.518s] INFO:colcon.colcon_core.shell:Creating environment descriptor '/home/thanhtan/ros_ws/install/my_bot/share/my_bot/hook/cmake_prefix_path.dsv'
[0.518s] INFO:colcon.colcon_core.shell:Creating environment hook '/home/thanhtan/ros_ws/install/my_bot/share/my_bot/hook/cmake_prefix_path.sh'
[0.519s] Level 1:colcon.colcon_core.environment:checking '/home/thanhtan/ros_ws/install/my_bot/bin'
[0.519s] Level 1:colcon.colcon_core.environment:checking '/home/thanhtan/ros_ws/install/my_bot/lib/pkgconfig/my_bot.pc'
[0.520s] Level 1:colcon.colcon_core.environment:checking '/home/thanhtan/ros_ws/install/my_bot/lib/python3.8/site-packages'
[0.520s] Level 1:colcon.colcon_core.environment:checking '/home/thanhtan/ros_ws/install/my_bot/bin'
[0.520s] INFO:colcon.colcon_core.shell:Creating package script '/home/thanhtan/ros_ws/install/my_bot/share/my_bot/package.ps1'
[0.521s] INFO:colcon.colcon_core.shell:Creating package descriptor '/home/thanhtan/ros_ws/install/my_bot/share/my_bot/package.dsv'
[0.521s] INFO:colcon.colcon_core.shell:Creating package script '/home/thanhtan/ros_ws/install/my_bot/share/my_bot/package.sh'
[0.522s] INFO:colcon.colcon_core.shell:Creating package script '/home/thanhtan/ros_ws/install/my_bot/share/my_bot/package.bash'
[0.523s] INFO:colcon.colcon_core.shell:Creating package script '/home/thanhtan/ros_ws/install/my_bot/share/my_bot/package.zsh'
[0.523s] Level 1:colcon.colcon_core.environment:create_file_with_runtime_dependencies(/home/thanhtan/ros_ws/install/my_bot/share/colcon-core/packages/my_bot)
[0.548s] Level 1:colcon.colcon_core.environment:create_environment_scripts_only(my_bot)
[0.549s] Level 1:colcon.colcon_core.environment:checking '/home/thanhtan/ros_ws/install/my_bot' for CMake module files
[0.549s] Level 1:colcon.colcon_core.environment:checking '/home/thanhtan/ros_ws/install/my_bot' for CMake config files
[0.550s] Level 1:colcon.colcon_core.shell:create_environment_hook('my_bot', 'cmake_prefix_path')
[0.550s] INFO:colcon.colcon_core.shell:Creating environment hook '/home/thanhtan/ros_ws/install/my_bot/share/my_bot/hook/cmake_prefix_path.ps1'
[0.550s] INFO:colcon.colcon_core.shell:Creating environment descriptor '/home/thanhtan/ros_ws/install/my_bot/share/my_bot/hook/cmake_prefix_path.dsv'
[0.551s] INFO:colcon.colcon_core.shell:Creating environment hook '/home/thanhtan/ros_ws/install/my_bot/share/my_bot/hook/cmake_prefix_path.sh'
[0.552s] Level 1:colcon.colcon_core.environment:checking '/home/thanhtan/ros_ws/install/my_bot/bin'
[0.552s] Level 1:colcon.colcon_core.environment:checking '/home/thanhtan/ros_ws/install/my_bot/lib/pkgconfig/my_bot.pc'
[0.552s] Level 1:colcon.colcon_core.environment:checking '/home/thanhtan/ros_ws/install/my_bot/lib/python3.8/site-packages'
[0.552s] Level 1:colcon.colcon_core.environment:checking '/home/thanhtan/ros_ws/install/my_bot/bin'
[0.553s] INFO:colcon.colcon_core.shell:Creating package script '/home/thanhtan/ros_ws/install/my_bot/share/my_bot/package.ps1'
[0.553s] INFO:colcon.colcon_core.shell:Creating package descriptor '/home/thanhtan/ros_ws/install/my_bot/share/my_bot/package.dsv'
[0.554s] INFO:colcon.colcon_core.shell:Creating package script '/home/thanhtan/ros_ws/install/my_bot/share/my_bot/package.sh'
[0.554s] INFO:colcon.colcon_core.shell:Creating package script '/home/thanhtan/ros_ws/install/my_bot/share/my_bot/package.bash'
[0.554s] INFO:colcon.colcon_core.shell:Creating package script '/home/thanhtan/ros_ws/install/my_bot/share/my_bot/package.zsh'
[0.555s] Level 1:colcon.colcon_core.environment:create_file_with_runtime_dependencies(/home/thanhtan/ros_ws/install/my_bot/share/colcon-core/packages/my_bot)
[0.632s] DEBUG:colcon.colcon_core.event_handler.log_command:Invoked command in '/home/thanhtan/ros_ws/build/serial_motor_demo_msgs' returned '0': CMAKE_PREFIX_PATH=${CMAKE_PREFIX_PATH}:/home/thanhtan/ros_ws/install/serial_motor_demo:/opt/ros/foxy /usr/bin/cmake --build /home/thanhtan/ros_ws/build/serial_motor_demo_msgs -- -j12 -l12
[0.722s] DEBUG:colcon.colcon_core.event_handler.log_command:Invoking command in '/home/thanhtan/ros_ws/build/serial_motor_demo_msgs': CMAKE_PREFIX_PATH=${CMAKE_PREFIX_PATH}:/home/thanhtan/ros_ws/install/serial_motor_demo:/opt/ros/foxy /usr/bin/cmake --install /home/thanhtan/ros_ws/build/serial_motor_demo_msgs
[0.804s] Level 1:colcon.colcon_core.environment:create_environment_scripts_only(serial_motor_demo_msgs)
[0.804s] Level 1:colcon.colcon_core.environment:checking '/home/thanhtan/ros_ws/install/serial_motor_demo_msgs' for CMake module files
[0.805s] DEBUG:colcon.colcon_core.event_handler.log_command:Invoked command in '/home/thanhtan/ros_ws/build/serial_motor_demo_msgs' returned '0': CMAKE_PREFIX_PATH=${CMAKE_PREFIX_PATH}:/home/thanhtan/ros_ws/install/serial_motor_demo:/opt/ros/foxy /usr/bin/cmake --install /home/thanhtan/ros_ws/build/serial_motor_demo_msgs
[0.805s] Level 1:colcon.colcon_core.environment:checking '/home/thanhtan/ros_ws/install/serial_motor_demo_msgs' for CMake config files
[0.806s] Level 1:colcon.colcon_core.shell:create_environment_hook('serial_motor_demo_msgs', 'cmake_prefix_path')
[0.806s] INFO:colcon.colcon_core.shell:Creating environment hook '/home/thanhtan/ros_ws/install/serial_motor_demo_msgs/share/serial_motor_demo_msgs/hook/cmake_prefix_path.ps1'
[0.807s] INFO:colcon.colcon_core.shell:Creating environment descriptor '/home/thanhtan/ros_ws/install/serial_motor_demo_msgs/share/serial_motor_demo_msgs/hook/cmake_prefix_path.dsv'
[0.807s] INFO:colcon.colcon_core.shell:Creating environment hook '/home/thanhtan/ros_ws/install/serial_motor_demo_msgs/share/serial_motor_demo_msgs/hook/cmake_prefix_path.sh'
[0.807s] Level 1:colcon.colcon_core.environment:checking '/home/thanhtan/ros_ws/install/serial_motor_demo_msgs/lib'
[0.808s] Level 1:colcon.colcon_core.shell:create_environment_hook('serial_motor_demo_msgs', 'ld_library_path_lib')
[0.808s] INFO:colcon.colcon_core.shell:Creating environment hook '/home/thanhtan/ros_ws/install/serial_motor_demo_msgs/share/serial_motor_demo_msgs/hook/ld_library_path_lib.ps1'
[0.808s] INFO:colcon.colcon_core.shell:Creating environment descriptor '/home/thanhtan/ros_ws/install/serial_motor_demo_msgs/share/serial_motor_demo_msgs/hook/ld_library_path_lib.dsv'
[0.808s] INFO:colcon.colcon_core.shell:Creating environment hook '/home/thanhtan/ros_ws/install/serial_motor_demo_msgs/share/serial_motor_demo_msgs/hook/ld_library_path_lib.sh'
[0.809s] Level 1:colcon.colcon_core.environment:checking '/home/thanhtan/ros_ws/install/serial_motor_demo_msgs/bin'
[0.809s] Level 1:colcon.colcon_core.environment:checking '/home/thanhtan/ros_ws/install/serial_motor_demo_msgs/lib/pkgconfig/serial_motor_demo_msgs.pc'
[0.809s] Level 1:colcon.colcon_core.environment:checking '/home/thanhtan/ros_ws/install/serial_motor_demo_msgs/lib/python3.8/site-packages'
[0.809s] Level 1:colcon.colcon_core.shell:create_environment_hook('serial_motor_demo_msgs', 'pythonpath')
[0.809s] INFO:colcon.colcon_core.shell:Creating environment hook '/home/thanhtan/ros_ws/install/serial_motor_demo_msgs/share/serial_motor_demo_msgs/hook/pythonpath.ps1'
[0.809s] INFO:colcon.colcon_core.shell:Creating environment descriptor '/home/thanhtan/ros_ws/install/serial_motor_demo_msgs/share/serial_motor_demo_msgs/hook/pythonpath.dsv'
[0.810s] INFO:colcon.colcon_core.shell:Creating environment hook '/home/thanhtan/ros_ws/install/serial_motor_demo_msgs/share/serial_motor_demo_msgs/hook/pythonpath.sh'
[0.810s] Level 1:colcon.colcon_core.environment:checking '/home/thanhtan/ros_ws/install/serial_motor_demo_msgs/bin'
[0.811s] INFO:colcon.colcon_core.shell:Creating package script '/home/thanhtan/ros_ws/install/serial_motor_demo_msgs/share/serial_motor_demo_msgs/package.ps1'
[0.811s] INFO:colcon.colcon_core.shell:Creating package descriptor '/home/thanhtan/ros_ws/install/serial_motor_demo_msgs/share/serial_motor_demo_msgs/package.dsv'
[0.812s] INFO:colcon.colcon_core.shell:Creating package script '/home/thanhtan/ros_ws/install/serial_motor_demo_msgs/share/serial_motor_demo_msgs/package.sh'
[0.812s] INFO:colcon.colcon_core.shell:Creating package script '/home/thanhtan/ros_ws/install/serial_motor_demo_msgs/share/serial_motor_demo_msgs/package.bash'
[0.813s] INFO:colcon.colcon_core.shell:Creating package script '/home/thanhtan/ros_ws/install/serial_motor_demo_msgs/share/serial_motor_demo_msgs/package.zsh'
[0.813s] Level 1:colcon.colcon_core.environment:create_file_with_runtime_dependencies(/home/thanhtan/ros_ws/install/serial_motor_demo_msgs/share/colcon-core/packages/serial_motor_demo_msgs)
[0.901s] Level 1:colcon.colcon_core.environment:create_environment_scripts_only(serial_motor_demo_msgs)
[0.902s] Level 1:colcon.colcon_core.environment:checking '/home/thanhtan/ros_ws/install/serial_motor_demo_msgs' for CMake module files
[0.903s] Level 1:colcon.colcon_core.environment:checking '/home/thanhtan/ros_ws/install/serial_motor_demo_msgs' for CMake config files
[0.903s] Level 1:colcon.colcon_core.shell:create_environment_hook('serial_motor_demo_msgs', 'cmake_prefix_path')
[0.904s] INFO:colcon.colcon_core.shell:Creating environment hook '/home/thanhtan/ros_ws/install/serial_motor_demo_msgs/share/serial_motor_demo_msgs/hook/cmake_prefix_path.ps1'
[0.904s] INFO:colcon.colcon_core.shell:Creating environment descriptor '/home/thanhtan/ros_ws/install/serial_motor_demo_msgs/share/serial_motor_demo_msgs/hook/cmake_prefix_path.dsv'
[0.904s] INFO:colcon.colcon_core.shell:Creating environment hook '/home/thanhtan/ros_ws/install/serial_motor_demo_msgs/share/serial_motor_demo_msgs/hook/cmake_prefix_path.sh'
[0.905s] Level 1:colcon.colcon_core.environment:checking '/home/thanhtan/ros_ws/install/serial_motor_demo_msgs/lib'
[0.905s] Level 1:colcon.colcon_core.shell:create_environment_hook('serial_motor_demo_msgs', 'ld_library_path_lib')
[0.905s] INFO:colcon.colcon_core.shell:Creating environment hook '/home/thanhtan/ros_ws/install/serial_motor_demo_msgs/share/serial_motor_demo_msgs/hook/ld_library_path_lib.ps1'
[0.906s] INFO:colcon.colcon_core.shell:Creating environment descriptor '/home/thanhtan/ros_ws/install/serial_motor_demo_msgs/share/serial_motor_demo_msgs/hook/ld_library_path_lib.dsv'
[0.906s] INFO:colcon.colcon_core.shell:Creating environment hook '/home/thanhtan/ros_ws/install/serial_motor_demo_msgs/share/serial_motor_demo_msgs/hook/ld_library_path_lib.sh'
[0.907s] Level 1:colcon.colcon_core.environment:checking '/home/thanhtan/ros_ws/install/serial_motor_demo_msgs/bin'
[0.907s] Level 1:colcon.colcon_core.environment:checking '/home/thanhtan/ros_ws/install/serial_motor_demo_msgs/lib/pkgconfig/serial_motor_demo_msgs.pc'
[0.907s] Level 1:colcon.colcon_core.environment:checking '/home/thanhtan/ros_ws/install/serial_motor_demo_msgs/lib/python3.8/site-packages'
[0.907s] Level 1:colcon.colcon_core.shell:create_environment_hook('serial_motor_demo_msgs', 'pythonpath')
[0.907s] INFO:colcon.colcon_core.shell:Creating environment hook '/home/thanhtan/ros_ws/install/serial_motor_demo_msgs/share/serial_motor_demo_msgs/hook/pythonpath.ps1'
[0.908s] INFO:colcon.colcon_core.shell:Creating environment descriptor '/home/thanhtan/ros_ws/install/serial_motor_demo_msgs/share/serial_motor_demo_msgs/hook/pythonpath.dsv'
[0.908s] INFO:colcon.colcon_core.shell:Creating environment hook '/home/thanhtan/ros_ws/install/serial_motor_demo_msgs/share/serial_motor_demo_msgs/hook/pythonpath.sh'
[0.909s] Level 1:colcon.colcon_core.environment:checking '/home/thanhtan/ros_ws/install/serial_motor_demo_msgs/bin'
[0.909s] INFO:colcon.colcon_core.shell:Creating package script '/home/thanhtan/ros_ws/install/serial_motor_demo_msgs/share/serial_motor_demo_msgs/package.ps1'
[0.910s] INFO:colcon.colcon_core.shell:Creating package descriptor '/home/thanhtan/ros_ws/install/serial_motor_demo_msgs/share/serial_motor_demo_msgs/package.dsv'
[0.910s] INFO:colcon.colcon_core.shell:Creating package script '/home/thanhtan/ros_ws/install/serial_motor_demo_msgs/share/serial_motor_demo_msgs/package.sh'
[0.911s] INFO:colcon.colcon_core.shell:Creating package script '/home/thanhtan/ros_ws/install/serial_motor_demo_msgs/share/serial_motor_demo_msgs/package.bash'
[0.911s] INFO:colcon.colcon_core.shell:Creating package script '/home/thanhtan/ros_ws/install/serial_motor_demo_msgs/share/serial_motor_demo_msgs/package.zsh'
[0.911s] Level 1:colcon.colcon_core.environment:create_file_with_runtime_dependencies(/home/thanhtan/ros_ws/install/serial_motor_demo_msgs/share/colcon-core/packages/serial_motor_demo_msgs)
[0.912s] INFO:colcon.colcon_ros.task.ament_python.build:Building ROS package in '/home/thanhtan/ros_ws/src/serial_motor_demo/serial_motor_demo' with build type 'ament_python'
[0.912s] Level 1:colcon.colcon_core.shell:create_environment_hook('serial_motor_demo', 'ament_prefix_path')
[0.912s] INFO:colcon.colcon_core.shell:Creating environment hook '/home/thanhtan/ros_ws/install/serial_motor_demo/share/serial_motor_demo/hook/ament_prefix_path.ps1'
[0.913s] INFO:colcon.colcon_core.shell:Creating environment descriptor '/home/thanhtan/ros_ws/install/serial_motor_demo/share/serial_motor_demo/hook/ament_prefix_path.dsv'
[0.913s] INFO:colcon.colcon_core.shell:Creating environment hook '/home/thanhtan/ros_ws/install/serial_motor_demo/share/serial_motor_demo/hook/ament_prefix_path.sh'
[0.914s] INFO:colcon.colcon_core.shell:Skip shell extension 'powershell' for command environment: Not usable outside of PowerShell
[0.914s] DEBUG:colcon.colcon_core.shell:Skip shell extension 'dsv' for command environment
[1.157s] INFO:colcon.colcon_core.task.python.build:Building Python package in '/home/thanhtan/ros_ws/src/serial_motor_demo/serial_motor_demo'
[1.158s] INFO:colcon.colcon_core.shell:Skip shell extension 'powershell' for command environment: Not usable outside of PowerShell
[1.158s] DEBUG:colcon.colcon_core.shell:Skip shell extension 'dsv' for command environment
[1.501s] DEBUG:colcon.colcon_core.event_handler.log_command:Invoked command in '/home/thanhtan/ros_ws/build/serial' returned '0': CMAKE_PREFIX_PATH=${CMAKE_PREFIX_PATH}:/home/thanhtan/ros_ws/install/serial_motor_demo:/opt/ros/foxy /usr/bin/cmake /home/thanhtan/ros_ws/src/serial -DAMENT_CMAKE_SYMLINK_INSTALL=1 -DCMAKE_INSTALL_PREFIX=/home/thanhtan/ros_ws/install/serial
[1.504s] DEBUG:colcon.colcon_core.event_handler.log_command:Invoking command in '/home/thanhtan/ros_ws/build/serial': CMAKE_PREFIX_PATH=${CMAKE_PREFIX_PATH}:/home/thanhtan/ros_ws/install/serial_motor_demo:/opt/ros/foxy /usr/bin/cmake --build /home/thanhtan/ros_ws/build/serial -- -j12 -l12
[1.666s] DEBUG:colcon.colcon_core.event_handler.log_command:Invoking command in '/home/thanhtan/ros_ws/build/serial_motor_demo': PYTHONPATH=/home/thanhtan/ros_ws/build/serial_motor_demo/prefix_override:/usr/lib/python3/dist-packages/colcon_core/task/python/colcon_distutils_commands:/home/thanhtan/ros_ws/install/serial_motor_demo/lib/python3.8/site-packages:/home/thanhtan/ros_ws/install/serial_motor_demo_msgs/lib/python3.8/site-packages:/home/thanhtan/ros_ws/build/serial_motor_demo:/home/thanhtan/ros_ws/install/serial_motor_demo/lib/python3.8/site-packages:/opt/ros/foxy/lib/python3.8/site-packages /usr/bin/python3 -W ignore:setup.py install is deprecated setup.py develop --editable --build-directory /home/thanhtan/ros_ws/build/serial_motor_demo/build --no-deps symlink_data
[2.253s] Level 1:colcon.colcon_core.shell:create_environment_hook('serial_motor_demo', 'pythonpath_develop')
[2.254s] INFO:colcon.colcon_core.shell:Creating environment hook '/home/thanhtan/ros_ws/build/serial_motor_demo/share/serial_motor_demo/hook/pythonpath_develop.ps1'
[2.254s] DEBUG:colcon.colcon_core.event_handler.log_command:Invoked command in '/home/thanhtan/ros_ws/build/serial_motor_demo' returned '0': PYTHONPATH=/home/thanhtan/ros_ws/build/serial_motor_demo/prefix_override:/usr/lib/python3/dist-packages/colcon_core/task/python/colcon_distutils_commands:/home/thanhtan/ros_ws/install/serial_motor_demo/lib/python3.8/site-packages:/home/thanhtan/ros_ws/install/serial_motor_demo_msgs/lib/python3.8/site-packages:/home/thanhtan/ros_ws/build/serial_motor_demo:/home/thanhtan/ros_ws/install/serial_motor_demo/lib/python3.8/site-packages:/opt/ros/foxy/lib/python3.8/site-packages /usr/bin/python3 -W ignore:setup.py install is deprecated setup.py develop --editable --build-directory /home/thanhtan/ros_ws/build/serial_motor_demo/build --no-deps symlink_data
[2.255s] INFO:colcon.colcon_core.shell:Creating environment descriptor '/home/thanhtan/ros_ws/build/serial_motor_demo/share/serial_motor_demo/hook/pythonpath_develop.dsv'
[2.255s] INFO:colcon.colcon_core.shell:Creating environment hook '/home/thanhtan/ros_ws/build/serial_motor_demo/share/serial_motor_demo/hook/pythonpath_develop.sh'
[2.256s] Level 1:colcon.colcon_core.environment:checking '/home/thanhtan/ros_ws/install/serial_motor_demo' for CMake module files
[2.256s] Level 1:colcon.colcon_core.environment:checking '/home/thanhtan/ros_ws/install/serial_motor_demo' for CMake config files
[2.257s] Level 1:colcon.colcon_core.environment:checking '/home/thanhtan/ros_ws/install/serial_motor_demo/lib'
[2.257s] Level 1:colcon.colcon_core.environment:checking '/home/thanhtan/ros_ws/install/serial_motor_demo/bin'
[2.257s] Level 1:colcon.colcon_core.environment:checking '/home/thanhtan/ros_ws/install/serial_motor_demo/lib/pkgconfig/serial_motor_demo.pc'
[2.257s] Level 1:colcon.colcon_core.environment:checking '/home/thanhtan/ros_ws/install/serial_motor_demo/lib/python3.8/site-packages'
[2.257s] Level 1:colcon.colcon_core.shell:create_environment_hook('serial_motor_demo', 'pythonpath')
[2.258s] INFO:colcon.colcon_core.shell:Creating environment hook '/home/thanhtan/ros_ws/install/serial_motor_demo/share/serial_motor_demo/hook/pythonpath.ps1'
[2.258s] INFO:colcon.colcon_core.shell:Creating environment descriptor '/home/thanhtan/ros_ws/install/serial_motor_demo/share/serial_motor_demo/hook/pythonpath.dsv'
[2.258s] INFO:colcon.colcon_core.shell:Creating environment hook '/home/thanhtan/ros_ws/install/serial_motor_demo/share/serial_motor_demo/hook/pythonpath.sh'
[2.259s] Level 1:colcon.colcon_core.environment:checking '/home/thanhtan/ros_ws/install/serial_motor_demo/bin'
[2.259s] Level 1:colcon.colcon_core.environment:create_environment_scripts_only(serial_motor_demo)
[2.260s] INFO:colcon.colcon_core.shell:Creating package script '/home/thanhtan/ros_ws/install/serial_motor_demo/share/serial_motor_demo/package.ps1'
[2.260s] INFO:colcon.colcon_core.shell:Creating package descriptor '/home/thanhtan/ros_ws/install/serial_motor_demo/share/serial_motor_demo/package.dsv'
[2.261s] INFO:colcon.colcon_core.shell:Creating package script '/home/thanhtan/ros_ws/install/serial_motor_demo/share/serial_motor_demo/package.sh'
[2.261s] INFO:colcon.colcon_core.shell:Creating package script '/home/thanhtan/ros_ws/install/serial_motor_demo/share/serial_motor_demo/package.bash'
[2.261s] INFO:colcon.colcon_core.shell:Creating package script '/home/thanhtan/ros_ws/install/serial_motor_demo/share/serial_motor_demo/package.zsh'
[2.262s] Level 1:colcon.colcon_core.environment:create_file_with_runtime_dependencies(/home/thanhtan/ros_ws/install/serial_motor_demo/share/colcon-core/packages/serial_motor_demo)
[5.150s] DEBUG:colcon.colcon_core.event_handler.log_command:Invoked command in '/home/thanhtan/ros_ws/build/serial' returned '0': CMAKE_PREFIX_PATH=${CMAKE_PREFIX_PATH}:/home/thanhtan/ros_ws/install/serial_motor_demo:/opt/ros/foxy /usr/bin/cmake --build /home/thanhtan/ros_ws/build/serial -- -j12 -l12
[5.194s] DEBUG:colcon.colcon_core.event_handler.log_command:Invoking command in '/home/thanhtan/ros_ws/build/serial': CMAKE_PREFIX_PATH=${CMAKE_PREFIX_PATH}:/home/thanhtan/ros_ws/install/serial_motor_demo:/opt/ros/foxy /usr/bin/cmake --install /home/thanhtan/ros_ws/build/serial
[5.433s] Level 1:colcon.colcon_core.environment:create_environment_scripts_only(serial)
[5.434s] Level 1:colcon.colcon_core.environment:checking '/home/thanhtan/ros_ws/install/serial' for CMake module files
[5.434s] DEBUG:colcon.colcon_core.event_handler.log_command:Invoked command in '/home/thanhtan/ros_ws/build/serial' returned '0': CMAKE_PREFIX_PATH=${CMAKE_PREFIX_PATH}:/home/thanhtan/ros_ws/install/serial_motor_demo:/opt/ros/foxy /usr/bin/cmake --install /home/thanhtan/ros_ws/build/serial
[5.434s] Level 1:colcon.colcon_core.environment:checking '/home/thanhtan/ros_ws/install/serial' for CMake config files
[5.435s] Level 1:colcon.colcon_core.shell:create_environment_hook('serial', 'cmake_prefix_path')
[5.435s] INFO:colcon.colcon_core.shell:Creating environment hook '/home/thanhtan/ros_ws/install/serial/share/serial/hook/cmake_prefix_path.ps1'
[5.435s] INFO:colcon.colcon_core.shell:Creating environment descriptor '/home/thanhtan/ros_ws/install/serial/share/serial/hook/cmake_prefix_path.dsv'
[5.436s] INFO:colcon.colcon_core.shell:Creating environment hook '/home/thanhtan/ros_ws/install/serial/share/serial/hook/cmake_prefix_path.sh'
[5.436s] Level 1:colcon.colcon_core.environment:checking '/home/thanhtan/ros_ws/install/serial/lib'
[5.436s] Level 1:colcon.colcon_core.environment:checking '/home/thanhtan/ros_ws/install/serial/bin'
[5.436s] Level 1:colcon.colcon_core.environment:checking '/home/thanhtan/ros_ws/install/serial/lib/pkgconfig/serial.pc'
[5.436s] Level 1:colcon.colcon_core.environment:checking '/home/thanhtan/ros_ws/install/serial/lib/python3.8/site-packages'
[5.436s] Level 1:colcon.colcon_core.environment:checking '/home/thanhtan/ros_ws/install/serial/bin'
[5.437s] INFO:colcon.colcon_core.shell:Creating package script '/home/thanhtan/ros_ws/install/serial/share/serial/package.ps1'
[5.437s] INFO:colcon.colcon_core.shell:Creating package descriptor '/home/thanhtan/ros_ws/install/serial/share/serial/package.dsv'
[5.437s] INFO:colcon.colcon_core.shell:Creating package script '/home/thanhtan/ros_ws/install/serial/share/serial/package.sh'
[5.437s] INFO:colcon.colcon_core.shell:Creating package script '/home/thanhtan/ros_ws/install/serial/share/serial/package.bash'
[5.438s] INFO:colcon.colcon_core.shell:Creating package script '/home/thanhtan/ros_ws/install/serial/share/serial/package.zsh'
[5.438s] Level 1:colcon.colcon_core.environment:create_file_with_runtime_dependencies(/home/thanhtan/ros_ws/install/serial/share/colcon-core/packages/serial)
[5.480s] Level 1:colcon.colcon_core.environment:create_environment_scripts_only(serial)
[5.481s] Level 1:colcon.colcon_core.environment:checking '/home/thanhtan/ros_ws/install/serial' for CMake module files
[5.481s] Level 1:colcon.colcon_core.environment:checking '/home/thanhtan/ros_ws/install/serial' for CMake config files
[5.482s] Level 1:colcon.colcon_core.shell:create_environment_hook('serial', 'cmake_prefix_path')
[5.482s] INFO:colcon.colcon_core.shell:Creating environment hook '/home/thanhtan/ros_ws/install/serial/share/serial/hook/cmake_prefix_path.ps1'
[5.483s] INFO:colcon.colcon_core.shell:Creating environment descriptor '/home/thanhtan/ros_ws/install/serial/share/serial/hook/cmake_prefix_path.dsv'
[5.483s] INFO:colcon.colcon_core.shell:Creating environment hook '/home/thanhtan/ros_ws/install/serial/share/serial/hook/cmake_prefix_path.sh'
[5.483s] Level 1:colcon.colcon_core.environment:checking '/home/thanhtan/ros_ws/install/serial/lib'
[5.484s] Level 1:colcon.colcon_core.environment:checking '/home/thanhtan/ros_ws/install/serial/bin'
[5.484s] Level 1:colcon.colcon_core.environment:checking '/home/thanhtan/ros_ws/install/serial/lib/pkgconfig/serial.pc'
[5.484s] Level 1:colcon.colcon_core.environment:checking '/home/thanhtan/ros_ws/install/serial/lib/python3.8/site-packages'
[5.484s] Level 1:colcon.colcon_core.environment:checking '/home/thanhtan/ros_ws/install/serial/bin'
[5.485s] INFO:colcon.colcon_core.shell:Creating package script '/home/thanhtan/ros_ws/install/serial/share/serial/package.ps1'
[5.486s] INFO:colcon.colcon_core.shell:Creating package descriptor '/home/thanhtan/ros_ws/install/serial/share/serial/package.dsv'
[5.487s] INFO:colcon.colcon_core.shell:Creating package script '/home/thanhtan/ros_ws/install/serial/share/serial/package.sh'
[5.488s] INFO:colcon.colcon_core.shell:Creating package script '/home/thanhtan/ros_ws/install/serial/share/serial/package.bash'
[5.489s] INFO:colcon.colcon_core.shell:Creating package script '/home/thanhtan/ros_ws/install/serial/share/serial/package.zsh'
[5.490s] Level 1:colcon.colcon_core.environment:create_file_with_runtime_dependencies(/home/thanhtan/ros_ws/install/serial/share/colcon-core/packages/serial)
[5.491s] INFO:colcon.colcon_ros.task.ament_cmake.build:Building ROS package in '/home/thanhtan/ros_ws/src/diffdrive_arduino' with build type 'ament_cmake'
[5.492s] INFO:colcon.colcon_cmake.task.cmake.build:Building CMake package in '/home/thanhtan/ros_ws/src/diffdrive_arduino'
[5.492s] INFO:colcon.colcon_core.shell:Skip shell extension 'powershell' for command environment: Not usable outside of PowerShell
[5.492s] DEBUG:colcon.colcon_core.shell:Skip shell extension 'dsv' for command environment
[5.505s] DEBUG:colcon.colcon_core.event_handler.log_command:Invoking command in '/home/thanhtan/ros_ws/build/diffdrive_arduino': AMENT_PREFIX_PATH=/home/thanhtan/ros_ws/install/serial:${AMENT_PREFIX_PATH} CMAKE_PREFIX_PATH=/home/thanhtan/ros_ws/install/serial:/home/thanhtan/ros_ws/install/serial_motor_demo_msgs:/home/thanhtan/ros_ws/install/my_bot:/home/thanhtan/ros_ws/install/serial_motor_demo:/opt/ros/foxy LD_LIBRARY_PATH=/home/thanhtan/ros_ws/install/serial/lib:${LD_LIBRARY_PATH} /usr/bin/cmake /home/thanhtan/ros_ws/src/diffdrive_arduino -DAMENT_CMAKE_SYMLINK_INSTALL=1 -DCMAKE_INSTALL_PREFIX=/home/thanhtan/ros_ws/install/diffdrive_arduino
[8.078s] DEBUG:colcon.colcon_core.event_handler.log_command:Invoked command in '/home/thanhtan/ros_ws/build/diffdrive_arduino' returned '0': AMENT_PREFIX_PATH=/home/thanhtan/ros_ws/install/serial:${AMENT_PREFIX_PATH} CMAKE_PREFIX_PATH=/home/thanhtan/ros_ws/install/serial:/home/thanhtan/ros_ws/install/serial_motor_demo_msgs:/home/thanhtan/ros_ws/install/my_bot:/home/thanhtan/ros_ws/install/serial_motor_demo:/opt/ros/foxy LD_LIBRARY_PATH=/home/thanhtan/ros_ws/install/serial/lib:${LD_LIBRARY_PATH} /usr/bin/cmake /home/thanhtan/ros_ws/src/diffdrive_arduino -DAMENT_CMAKE_SYMLINK_INSTALL=1 -DCMAKE_INSTALL_PREFIX=/home/thanhtan/ros_ws/install/diffdrive_arduino
[8.082s] DEBUG:colcon.colcon_core.event_handler.log_command:Invoking command in '/home/thanhtan/ros_ws/build/diffdrive_arduino': AMENT_PREFIX_PATH=/home/thanhtan/ros_ws/install/serial:${AMENT_PREFIX_PATH} CMAKE_PREFIX_PATH=/home/thanhtan/ros_ws/install/serial:/home/thanhtan/ros_ws/install/serial_motor_demo_msgs:/home/thanhtan/ros_ws/install/my_bot:/home/thanhtan/ros_ws/install/serial_motor_demo:/opt/ros/foxy LD_LIBRARY_PATH=/home/thanhtan/ros_ws/install/serial/lib:${LD_LIBRARY_PATH} /usr/bin/cmake --build /home/thanhtan/ros_ws/build/diffdrive_arduino -- -j12 -l12
[10.696s] DEBUG:colcon.colcon_core.event_handler.log_command:Invoked command in '/home/thanhtan/ros_ws/build/diffdrive_arduino' returned '0': AMENT_PREFIX_PATH=/home/thanhtan/ros_ws/install/serial:${AMENT_PREFIX_PATH} CMAKE_PREFIX_PATH=/home/thanhtan/ros_ws/install/serial:/home/thanhtan/ros_ws/install/serial_motor_demo_msgs:/home/thanhtan/ros_ws/install/my_bot:/home/thanhtan/ros_ws/install/serial_motor_demo:/opt/ros/foxy LD_LIBRARY_PATH=/home/thanhtan/ros_ws/install/serial/lib:${LD_LIBRARY_PATH} /usr/bin/cmake --build /home/thanhtan/ros_ws/build/diffdrive_arduino -- -j12 -l12
[10.741s] DEBUG:colcon.colcon_core.event_handler.log_command:Invoking command in '/home/thanhtan/ros_ws/build/diffdrive_arduino': AMENT_PREFIX_PATH=/home/thanhtan/ros_ws/install/serial:${AMENT_PREFIX_PATH} CMAKE_PREFIX_PATH=/home/thanhtan/ros_ws/install/serial:/home/thanhtan/ros_ws/install/serial_motor_demo_msgs:/home/thanhtan/ros_ws/install/my_bot:/home/thanhtan/ros_ws/install/serial_motor_demo:/opt/ros/foxy LD_LIBRARY_PATH=/home/thanhtan/ros_ws/install/serial/lib:${LD_LIBRARY_PATH} /usr/bin/cmake --install /home/thanhtan/ros_ws/build/diffdrive_arduino
[11.044s] Level 1:colcon.colcon_core.environment:create_environment_scripts_only(diffdrive_arduino)
[11.045s] Level 1:colcon.colcon_core.environment:checking '/home/thanhtan/ros_ws/install/diffdrive_arduino' for CMake module files
[11.045s] DEBUG:colcon.colcon_core.event_handler.log_command:Invoked command in '/home/thanhtan/ros_ws/build/diffdrive_arduino' returned '0': AMENT_PREFIX_PATH=/home/thanhtan/ros_ws/install/serial:${AMENT_PREFIX_PATH} CMAKE_PREFIX_PATH=/home/thanhtan/ros_ws/install/serial:/home/thanhtan/ros_ws/install/serial_motor_demo_msgs:/home/thanhtan/ros_ws/install/my_bot:/home/thanhtan/ros_ws/install/serial_motor_demo:/opt/ros/foxy LD_LIBRARY_PATH=/home/thanhtan/ros_ws/install/serial/lib:${LD_LIBRARY_PATH} /usr/bin/cmake --install /home/thanhtan/ros_ws/build/diffdrive_arduino
[11.046s] Level 1:colcon.colcon_core.environment:checking '/home/thanhtan/ros_ws/install/diffdrive_arduino' for CMake config files
[11.046s] Level 1:colcon.colcon_core.shell:create_environment_hook('diffdrive_arduino', 'cmake_prefix_path')
[11.046s] INFO:colcon.colcon_core.shell:Creating environment hook '/home/thanhtan/ros_ws/install/diffdrive_arduino/share/diffdrive_arduino/hook/cmake_prefix_path.ps1'
[11.047s] INFO:colcon.colcon_core.shell:Creating environment descriptor '/home/thanhtan/ros_ws/install/diffdrive_arduino/share/diffdrive_arduino/hook/cmake_prefix_path.dsv'
[11.047s] INFO:colcon.colcon_core.shell:Creating environment hook '/home/thanhtan/ros_ws/install/diffdrive_arduino/share/diffdrive_arduino/hook/cmake_prefix_path.sh'
[11.048s] Level 1:colcon.colcon_core.environment:checking '/home/thanhtan/ros_ws/install/diffdrive_arduino/lib'
[11.048s] Level 1:colcon.colcon_core.shell:create_environment_hook('diffdrive_arduino', 'ld_library_path_lib')
[11.048s] INFO:colcon.colcon_core.shell:Creating environment hook '/home/thanhtan/ros_ws/install/diffdrive_arduino/share/diffdrive_arduino/hook/ld_library_path_lib.ps1'
[11.048s] INFO:colcon.colcon_core.shell:Creating environment descriptor '/home/thanhtan/ros_ws/install/diffdrive_arduino/share/diffdrive_arduino/hook/ld_library_path_lib.dsv'
[11.048s] INFO:colcon.colcon_core.shell:Creating environment hook '/home/thanhtan/ros_ws/install/diffdrive_arduino/share/diffdrive_arduino/hook/ld_library_path_lib.sh'
[11.049s] Level 1:colcon.colcon_core.environment:checking '/home/thanhtan/ros_ws/install/diffdrive_arduino/bin'
[11.049s] Level 1:colcon.colcon_core.environment:checking '/home/thanhtan/ros_ws/install/diffdrive_arduino/lib/pkgconfig/diffdrive_arduino.pc'
[11.050s] Level 1:colcon.colcon_core.environment:checking '/home/thanhtan/ros_ws/install/diffdrive_arduino/lib/python3.8/site-packages'
[11.050s] Level 1:colcon.colcon_core.environment:checking '/home/thanhtan/ros_ws/install/diffdrive_arduino/bin'
[11.051s] INFO:colcon.colcon_core.shell:Creating package script '/home/thanhtan/ros_ws/install/diffdrive_arduino/share/diffdrive_arduino/package.ps1'
[11.052s] INFO:colcon.colcon_core.shell:Creating package descriptor '/home/thanhtan/ros_ws/install/diffdrive_arduino/share/diffdrive_arduino/package.dsv'
[11.053s] INFO:colcon.colcon_core.shell:Creating package script '/home/thanhtan/ros_ws/install/diffdrive_arduino/share/diffdrive_arduino/package.sh'
[11.053s] INFO:colcon.colcon_core.shell:Creating package script '/home/thanhtan/ros_ws/install/diffdrive_arduino/share/diffdrive_arduino/package.bash'
[11.054s] INFO:colcon.colcon_core.shell:Creating package script '/home/thanhtan/ros_ws/install/diffdrive_arduino/share/diffdrive_arduino/package.zsh'
[11.055s] Level 1:colcon.colcon_core.environment:create_file_with_runtime_dependencies(/home/thanhtan/ros_ws/install/diffdrive_arduino/share/colcon-core/packages/diffdrive_arduino)
[11.100s] Level 1:colcon.colcon_core.environment:create_environment_scripts_only(diffdrive_arduino)
[11.100s] Level 1:colcon.colcon_core.environment:checking '/home/thanhtan/ros_ws/install/diffdrive_arduino' for CMake module files
[11.101s] Level 1:colcon.colcon_core.environment:checking '/home/thanhtan/ros_ws/install/diffdrive_arduino' for CMake config files
[11.101s] Level 1:colcon.colcon_core.shell:create_environment_hook('diffdrive_arduino', 'cmake_prefix_path')
[11.102s] INFO:colcon.colcon_core.shell:Creating environment hook '/home/thanhtan/ros_ws/install/diffdrive_arduino/share/diffdrive_arduino/hook/cmake_prefix_path.ps1'
[11.103s] INFO:colcon.colcon_core.shell:Creating environment descriptor '/home/thanhtan/ros_ws/install/diffdrive_arduino/share/diffdrive_arduino/hook/cmake_prefix_path.dsv'
[11.104s] INFO:colcon.colcon_core.shell:Creating environment hook '/home/thanhtan/ros_ws/install/diffdrive_arduino/share/diffdrive_arduino/hook/cmake_prefix_path.sh'
[11.105s] Level 1:colcon.colcon_core.environment:checking '/home/thanhtan/ros_ws/install/diffdrive_arduino/lib'
[11.105s] Level 1:colcon.colcon_core.shell:create_environment_hook('diffdrive_arduino', 'ld_library_path_lib')
[11.106s] INFO:colcon.colcon_core.shell:Creating environment hook '/home/thanhtan/ros_ws/install/diffdrive_arduino/share/diffdrive_arduino/hook/ld_library_path_lib.ps1'
[11.107s] INFO:colcon.colcon_core.shell:Creating environment descriptor '/home/thanhtan/ros_ws/install/diffdrive_arduino/share/diffdrive_arduino/hook/ld_library_path_lib.dsv'
[11.108s] INFO:colcon.colcon_core.shell:Creating environment hook '/home/thanhtan/ros_ws/install/diffdrive_arduino/share/diffdrive_arduino/hook/ld_library_path_lib.sh'
[11.109s] Level 1:colcon.colcon_core.environment:checking '/home/thanhtan/ros_ws/install/diffdrive_arduino/bin'
[11.109s] Level 1:colcon.colcon_core.environment:checking '/home/thanhtan/ros_ws/install/diffdrive_arduino/lib/pkgconfig/diffdrive_arduino.pc'
[11.109s] Level 1:colcon.colcon_core.environment:checking '/home/thanhtan/ros_ws/install/diffdrive_arduino/lib/python3.8/site-packages'
[11.110s] Level 1:colcon.colcon_core.environment:checking '/home/thanhtan/ros_ws/install/diffdrive_arduino/bin'
[11.110s] INFO:colcon.colcon_core.shell:Creating package script '/home/thanhtan/ros_ws/install/diffdrive_arduino/share/diffdrive_arduino/package.ps1'
[11.112s] INFO:colcon.colcon_core.shell:Creating package descriptor '/home/thanhtan/ros_ws/install/diffdrive_arduino/share/diffdrive_arduino/package.dsv'
[11.113s] INFO:colcon.colcon_core.shell:Creating package script '/home/thanhtan/ros_ws/install/diffdrive_arduino/share/diffdrive_arduino/package.sh'
[11.113s] INFO:colcon.colcon_core.shell:Creating package script '/home/thanhtan/ros_ws/install/diffdrive_arduino/share/diffdrive_arduino/package.bash'
[11.113s] INFO:colcon.colcon_core.shell:Creating package script '/home/thanhtan/ros_ws/install/diffdrive_arduino/share/diffdrive_arduino/package.zsh'
[11.114s] Level 1:colcon.colcon_core.environment:create_file_with_runtime_dependencies(/home/thanhtan/ros_ws/install/diffdrive_arduino/share/colcon-core/packages/diffdrive_arduino)
[11.114s] DEBUG:colcon.colcon_parallel_executor.executor.parallel:closing loop
[11.114s] DEBUG:colcon.colcon_parallel_executor.executor.parallel:loop closed
[11.114s] DEBUG:colcon.colcon_parallel_executor.executor.parallel:run_until_complete finished with '0'
[11.114s] DEBUG:colcon.colcon_core.event_reactor:joining thread
[11.121s] INFO:colcon.colcon_core.plugin_system:Skipping extension 'colcon_notification.desktop_notification.terminal_notifier': Not used on non-Darwin systems
[11.121s] INFO:colcon.colcon_core.plugin_system:Skipping extension 'colcon_notification.desktop_notification.win32': Not used on non-Windows systems
[11.121s] INFO:colcon.colcon_notification.desktop_notification:Sending desktop notification using 'notify2'
[11.141s] DEBUG:colcon.colcon_core.event_reactor:joined thread
[11.142s] INFO:colcon.colcon_core.shell:Creating prefix script '/home/thanhtan/ros_ws/install/local_setup.ps1'
[11.142s] INFO:colcon.colcon_core.shell:Creating prefix util module '/home/thanhtan/ros_ws/install/_local_setup_util_ps1.py'
[11.144s] INFO:colcon.colcon_core.shell:Creating prefix chain script '/home/thanhtan/ros_ws/install/setup.ps1'
[11.144s] INFO:colcon.colcon_core.shell:Creating prefix script '/home/thanhtan/ros_ws/install/local_setup.sh'
[11.145s] INFO:colcon.colcon_core.shell:Creating prefix util module '/home/thanhtan/ros_ws/install/_local_setup_util_sh.py'
[11.145s] INFO:colcon.colcon_core.shell:Creating prefix chain script '/home/thanhtan/ros_ws/install/setup.sh'
[11.146s] INFO:colcon.colcon_core.shell:Creating prefix script '/home/thanhtan/ros_ws/install/local_setup.bash'
[11.147s] INFO:colcon.colcon_core.shell:Creating prefix chain script '/home/thanhtan/ros_ws/install/setup.bash'
[11.147s] INFO:colcon.colcon_core.shell:Creating prefix script '/home/thanhtan/ros_ws/install/local_setup.zsh'
[11.148s] INFO:colcon.colcon_core.shell:Creating prefix chain script '/home/thanhtan/ros_ws/install/setup.zsh'
