-- The C compiler identification is GNU 9.4.0
-- The CXX compiler identification is GNU 9.4.0
-- Check for working C compiler: /usr/bin/cc
-- Check for working C compiler: /usr/bin/cc -- works
-- Detecting C compiler ABI info
-- Detecting C compiler ABI info - done
-- Detecting C compile features
-- Detecting C compile features - done
-- Check for working CXX compiler: /usr/bin/c++
-- Check for working CXX compiler: /usr/bin/c++ -- works
-- Detecting CXX compiler ABI info
-- Detecting CXX compiler ABI info - done
-- Detecting CXX compile features
-- Detecting CXX compile features - done
-- Found ament_cmake: 0.9.12 (/opt/ros/foxy/share/ament_cmake/cmake)
-- Found PythonInterp: /usr/bin/python3 (found suitable version "3.8.10", minimum required is "3") 
-- Using PYTHON_EXECUTABLE: /usr/bin/python3
-- Found ament_lint_auto: 0.9.8 (/opt/ros/foxy/share/ament_lint_auto/cmake)
WARNING: Package name "Thanh_Tan" does not follow the naming conventions. It should start with a lower case letter and only contain lower case letters, digits, underscores, and dashes.
-- Added test 'copyright' to check source files copyright and LICENSE
-- Added test 'flake8' to check Python code syntax and style conventions
-- Added test 'lint_cmake' to check CMake code style
-- Added test 'pep257' to check Python code against some of the style conventions in PEP 257
-- Added test 'xmllint' to check XML markup files
-- Configuring done
-- Generating done
-- Build files have been written to: /home/thanhtan/ros_ws/build/Thanh_Tan
-- Install configuration: ""
-- Installing: /home/thanhtan/ros_ws/install/Thanh_Tan/share/Thanh_Tan/launch
-- Installing: /home/thanhtan/ros_ws/install/Thanh_Tan/share/Thanh_Tan/launch/talker.launch.py
-- Installing: /home/thanhtan/ros_ws/install/Thanh_Tan/share/Thanh_Tan/launch/rsp.launch.py
-- Installing: /home/thanhtan/ros_ws/install/Thanh_Tan/share/Thanh_Tan/launch/listener.launch.py
-- Installing: /home/thanhtan/ros_ws/install/Thanh_Tan/share/Thanh_Tan/launch/launch_sim.launch.py
-- Installing: /home/thanhtan/ros_ws/install/Thanh_Tan/share/ament_index/resource_index/package_run_dependencies/Thanh_Tan
-- Installing: /home/thanhtan/ros_ws/install/Thanh_Tan/share/ament_index/resource_index/parent_prefix_path/Thanh_Tan
-- Installing: /home/thanhtan/ros_ws/install/Thanh_Tan/share/Thanh_Tan/environment/ament_prefix_path.sh
-- Installing: /home/thanhtan/ros_ws/install/Thanh_Tan/share/Thanh_Tan/environment/ament_prefix_path.dsv
-- Installing: /home/thanhtan/ros_ws/install/Thanh_Tan/share/Thanh_Tan/environment/path.sh
-- Installing: /home/thanhtan/ros_ws/install/Thanh_Tan/share/Thanh_Tan/environment/path.dsv
-- Installing: /home/thanhtan/ros_ws/install/Thanh_Tan/share/Thanh_Tan/local_setup.bash
-- Installing: /home/thanhtan/ros_ws/install/Thanh_Tan/share/Thanh_Tan/local_setup.sh
-- Installing: /home/thanhtan/ros_ws/install/Thanh_Tan/share/Thanh_Tan/local_setup.zsh
-- Installing: /home/thanhtan/ros_ws/install/Thanh_Tan/share/Thanh_Tan/local_setup.dsv
-- Installing: /home/thanhtan/ros_ws/install/Thanh_Tan/share/Thanh_Tan/package.dsv
-- Installing: /home/thanhtan/ros_ws/install/Thanh_Tan/share/ament_index/resource_index/packages/Thanh_Tan
-- Installing: /home/thanhtan/ros_ws/install/Thanh_Tan/share/Thanh_Tan/cmake/Thanh_TanConfig.cmake
-- Installing: /home/thanhtan/ros_ws/install/Thanh_Tan/share/Thanh_Tan/cmake/Thanh_TanConfig-version.cmake
-- Installing: /home/thanhtan/ros_ws/install/Thanh_Tan/share/Thanh_Tan/package.xml
