[0.023s] Invoking command in '/home/thanhtan/ros_ws/build/Thanh_Tan': CMAKE_PREFIX_PATH=${CMAKE_PREFIX_PATH}:/opt/ros/foxy /usr/bin/cmake /home/thanhtan/ros_ws/src/Thanh_Tan -DCMAKE_INSTALL_PREFIX=/home/thanhtan/ros_ws/install/Thanh_Tan
[0.100s] -- The C compiler identification is GNU 9.4.0
[0.157s] -- The CXX compiler identification is GNU 9.4.0
[0.164s] -- Check for working C compiler: /usr/bin/cc
[0.262s] -- Check for working C compiler: /usr/bin/cc -- works
[0.263s] -- Detecting C compiler ABI info
[0.342s] -- Detecting C compiler ABI info - done
[0.354s] -- Detecting C compile features
[0.354s] -- Detecting C compile features - done
[0.356s] -- Check for working CXX compiler: /usr/bin/c++
[0.453s] -- Check for working CXX compiler: /usr/bin/c++ -- works
[0.454s] -- Detecting CXX compiler ABI info
[0.564s] -- Detecting CXX compiler ABI info - done
[0.576s] -- Detecting CXX compile features
[0.576s] -- Detecting CXX compile features - done
[0.579s] -- Found ament_cmake: 0.9.12 (/opt/ros/foxy/share/ament_cmake/cmake)
[0.606s] -- Found PythonInterp: /usr/bin/python3 (found suitable version "3.8.10", minimum required is "3") 
[0.607s] -- Using PYTHON_EXECUTABLE: /usr/bin/python3
[0.808s] -- Found ament_lint_auto: 0.9.8 (/opt/ros/foxy/share/ament_lint_auto/cmake)
[0.858s] WARNING: Package name "Thanh_Tan" does not follow the naming conventions. It should start with a lower case letter and only contain lower case letters, digits, underscores, and dashes.
[0.883s] -- Added test 'copyright' to check source files copyright and LICENSE
[0.886s] -- Added test 'flake8' to check Python code syntax and style conventions
[0.886s] -- Added test 'lint_cmake' to check CMake code style
[0.887s] -- Added test 'pep257' to check Python code against some of the style conventions in PEP 257
[0.889s] -- Added test 'xmllint' to check XML markup files
[0.891s] -- Configuring done
[0.893s] -- Generating done
[0.893s] -- Build files have been written to: /home/thanhtan/ros_ws/build/Thanh_Tan
[0.898s] Invoked command in '/home/thanhtan/ros_ws/build/Thanh_Tan' returned '0': CMAKE_PREFIX_PATH=${CMAKE_PREFIX_PATH}:/opt/ros/foxy /usr/bin/cmake /home/thanhtan/ros_ws/src/Thanh_Tan -DCMAKE_INSTALL_PREFIX=/home/thanhtan/ros_ws/install/Thanh_Tan
[0.903s] Invoking command in '/home/thanhtan/ros_ws/build/Thanh_Tan': CMAKE_PREFIX_PATH=${CMAKE_PREFIX_PATH}:/opt/ros/foxy /usr/bin/cmake --build /home/thanhtan/ros_ws/build/Thanh_Tan -- -j12 -l12
[0.953s] Invoked command in '/home/thanhtan/ros_ws/build/Thanh_Tan' returned '0': CMAKE_PREFIX_PATH=${CMAKE_PREFIX_PATH}:/opt/ros/foxy /usr/bin/cmake --build /home/thanhtan/ros_ws/build/Thanh_Tan -- -j12 -l12
[1.007s] Invoking command in '/home/thanhtan/ros_ws/build/Thanh_Tan': CMAKE_PREFIX_PATH=${CMAKE_PREFIX_PATH}:/opt/ros/foxy /usr/bin/cmake --install /home/thanhtan/ros_ws/build/Thanh_Tan
[1.020s] -- Install configuration: ""
[1.020s] -- Installing: /home/thanhtan/ros_ws/install/Thanh_Tan/share/Thanh_Tan/launch
[1.020s] -- Installing: /home/thanhtan/ros_ws/install/Thanh_Tan/share/Thanh_Tan/launch/talker.launch.py
[1.021s] -- Installing: /home/thanhtan/ros_ws/install/Thanh_Tan/share/Thanh_Tan/launch/rsp.launch.py
[1.021s] -- Installing: /home/thanhtan/ros_ws/install/Thanh_Tan/share/Thanh_Tan/launch/listener.launch.py
[1.021s] -- Installing: /home/thanhtan/ros_ws/install/Thanh_Tan/share/Thanh_Tan/launch/launch_sim.launch.py
[1.021s] -- Installing: /home/thanhtan/ros_ws/install/Thanh_Tan/share/ament_index/resource_index/package_run_dependencies/Thanh_Tan
[1.021s] -- Installing: /home/thanhtan/ros_ws/install/Thanh_Tan/share/ament_index/resource_index/parent_prefix_path/Thanh_Tan
[1.021s] -- Installing: /home/thanhtan/ros_ws/install/Thanh_Tan/share/Thanh_Tan/environment/ament_prefix_path.sh
[1.021s] -- Installing: /home/thanhtan/ros_ws/install/Thanh_Tan/share/Thanh_Tan/environment/ament_prefix_path.dsv
[1.021s] -- Installing: /home/thanhtan/ros_ws/install/Thanh_Tan/share/Thanh_Tan/environment/path.sh
[1.022s] -- Installing: /home/thanhtan/ros_ws/install/Thanh_Tan/share/Thanh_Tan/environment/path.dsv
[1.022s] -- Installing: /home/thanhtan/ros_ws/install/Thanh_Tan/share/Thanh_Tan/local_setup.bash
[1.022s] -- Installing: /home/thanhtan/ros_ws/install/Thanh_Tan/share/Thanh_Tan/local_setup.sh
[1.022s] -- Installing: /home/thanhtan/ros_ws/install/Thanh_Tan/share/Thanh_Tan/local_setup.zsh
[1.022s] -- Installing: /home/thanhtan/ros_ws/install/Thanh_Tan/share/Thanh_Tan/local_setup.dsv
[1.022s] -- Installing: /home/thanhtan/ros_ws/install/Thanh_Tan/share/Thanh_Tan/package.dsv
[1.022s] -- Installing: /home/thanhtan/ros_ws/install/Thanh_Tan/share/ament_index/resource_index/packages/Thanh_Tan
[1.023s] -- Installing: /home/thanhtan/ros_ws/install/Thanh_Tan/share/Thanh_Tan/cmake/Thanh_TanConfig.cmake
[1.023s] -- Installing: /home/thanhtan/ros_ws/install/Thanh_Tan/share/Thanh_Tan/cmake/Thanh_TanConfig-version.cmake
[1.023s] -- Installing: /home/thanhtan/ros_ws/install/Thanh_Tan/share/Thanh_Tan/package.xml
[1.026s] Invoked command in '/home/thanhtan/ros_ws/build/Thanh_Tan' returned '0': CMAKE_PREFIX_PATH=${CMAKE_PREFIX_PATH}:/opt/ros/foxy /usr/bin/cmake --install /home/thanhtan/ros_ws/build/Thanh_Tan
