[0.014s] Invoking command in '/home/thanhtan/ros_ws/build/my_bot': CMAKE_PREFIX_PATH=${CMAKE_PREFIX_PATH}:/opt/ros/foxy PS1=\[\e]0;\u@\h: \w\a\]${debian_chroot:+($debian_chroot)}\[\033[01;32m\]\u@\h\[\033[00m\]:\[\033[01;34m\]\w\[\033[00m\]\$ /usr/bin/cmake /home/thanhtan/ros_ws/src/my_bot -DCMAKE_INSTALL_PREFIX=/home/thanhtan/ros_ws/install/my_bot
[0.061s] -- The C compiler identification is GNU 9.4.0
[0.108s] -- The CXX compiler identification is GNU 9.4.0
[0.112s] -- Check for working C compiler: /usr/bin/cc
[0.196s] -- Check for working C compiler: /usr/bin/cc -- works
[0.197s] -- Detecting C compiler ABI info
[0.265s] -- Detecting C compiler ABI info - done
[0.280s] -- Detecting C compile features
[0.280s] -- Detecting C compile features - done
[0.282s] -- Check for working CXX compiler: /usr/bin/c++
[0.357s] -- Check for working CXX compiler: /usr/bin/c++ -- works
[0.358s] -- Detecting CXX compiler ABI info
[0.443s] -- Detecting CXX compiler ABI info - done
[0.453s] -- Detecting CXX compile features
[0.453s] -- Detecting CXX compile features - done
[0.456s] -- Found ament_cmake: 0.9.12 (/opt/ros/foxy/share/ament_cmake/cmake)
[0.483s] -- Found PythonInterp: /usr/bin/python3 (found suitable version "3.8.10", minimum required is "3") 
[0.483s] -- Using PYTHON_EXECUTABLE: /usr/bin/python3
[0.675s] -- Found ament_lint_auto: 0.9.8 (/opt/ros/foxy/share/ament_lint_auto/cmake)
[0.745s] -- Added test 'copyright' to check source files copyright and LICENSE
[0.748s] -- Added test 'flake8' to check Python code syntax and style conventions
[0.748s] -- Added test 'lint_cmake' to check CMake code style
[0.749s] -- Added test 'pep257' to check Python code against some of the style conventions in PEP 257
[0.750s] -- Added test 'xmllint' to check XML markup files
[0.752s] -- Configuring done
[0.754s] -- Generating done
[0.755s] -- Build files have been written to: /home/thanhtan/ros_ws/build/my_bot
[0.759s] Invoked command in '/home/thanhtan/ros_ws/build/my_bot' returned '0': CMAKE_PREFIX_PATH=${CMAKE_PREFIX_PATH}:/opt/ros/foxy PS1=\[\e]0;\u@\h: \w\a\]${debian_chroot:+($debian_chroot)}\[\033[01;32m\]\u@\h\[\033[00m\]:\[\033[01;34m\]\w\[\033[00m\]\$ /usr/bin/cmake /home/thanhtan/ros_ws/src/my_bot -DCMAKE_INSTALL_PREFIX=/home/thanhtan/ros_ws/install/my_bot
[0.763s] Invoking command in '/home/thanhtan/ros_ws/build/my_bot': CMAKE_PREFIX_PATH=${CMAKE_PREFIX_PATH}:/opt/ros/foxy PS1=\[\e]0;\u@\h: \w\a\]${debian_chroot:+($debian_chroot)}\[\033[01;32m\]\u@\h\[\033[00m\]:\[\033[01;34m\]\w\[\033[00m\]\$ /usr/bin/cmake --build /home/thanhtan/ros_ws/build/my_bot -- -j12 -l12
[0.805s] Invoked command in '/home/thanhtan/ros_ws/build/my_bot' returned '0': CMAKE_PREFIX_PATH=${CMAKE_PREFIX_PATH}:/opt/ros/foxy PS1=\[\e]0;\u@\h: \w\a\]${debian_chroot:+($debian_chroot)}\[\033[01;32m\]\u@\h\[\033[00m\]:\[\033[01;34m\]\w\[\033[00m\]\$ /usr/bin/cmake --build /home/thanhtan/ros_ws/build/my_bot -- -j12 -l12
[0.847s] Invoking command in '/home/thanhtan/ros_ws/build/my_bot': CMAKE_PREFIX_PATH=${CMAKE_PREFIX_PATH}:/opt/ros/foxy PS1=\[\e]0;\u@\h: \w\a\]${debian_chroot:+($debian_chroot)}\[\033[01;32m\]\u@\h\[\033[00m\]:\[\033[01;34m\]\w\[\033[00m\]\$ /usr/bin/cmake --install /home/thanhtan/ros_ws/build/my_bot
[0.854s] -- Install configuration: ""
[0.854s] -- Up-to-date: /home/thanhtan/ros_ws/install/my_bot/share/my_bot/config
[0.854s] -- Up-to-date: /home/thanhtan/ros_ws/install/my_bot/share/my_bot/description
[0.854s] -- Up-to-date: /home/thanhtan/ros_ws/install/my_bot/share/my_bot/launch
[0.854s] -- Up-to-date: /home/thanhtan/ros_ws/install/my_bot/share/my_bot/worlds
[0.854s] -- Installing: /home/thanhtan/ros_ws/install/my_bot/share/my_bot/package.dsv
[0.856s] Invoked command in '/home/thanhtan/ros_ws/build/my_bot' returned '0': CMAKE_PREFIX_PATH=${CMAKE_PREFIX_PATH}:/opt/ros/foxy PS1=\[\e]0;\u@\h: \w\a\]${debian_chroot:+($debian_chroot)}\[\033[01;32m\]\u@\h\[\033[00m\]:\[\033[01;34m\]\w\[\033[00m\]\$ /usr/bin/cmake --install /home/thanhtan/ros_ws/build/my_bot
