[0.012s] Invoking command in '/home/thanhtan/ros_ws/build/diffdrive_arduino': AMENT_PREFIX_PATH=/home/thanhtan/ros_ws/install/serial:${AMENT_PREFIX_PATH} CMAKE_PREFIX_PATH=/home/thanhtan/ros_ws/install/serial:/home/thanhtan/ros_ws/install/serial_motor_demo_msgs:/home/thanhtan/ros_ws/install/my_bot:/home/thanhtan/ros_ws/install/serial_motor_demo:/opt/ros/foxy LD_LIBRARY_PATH=/home/thanhtan/ros_ws/install/serial/lib:${LD_LIBRARY_PATH} /usr/bin/cmake /home/thanhtan/ros_ws/src/diffdrive_arduino -DAMENT_CMAKE_SYMLINK_INSTALL=1 -DCMAKE_INSTALL_PREFIX=/home/thanhtan/ros_ws/install/diffdrive_arduino
[0.081s] -- The C compiler identification is GNU 9.4.0
[0.145s] -- The CXX compiler identification is GNU 9.4.0
[0.149s] -- Check for working C compiler: /usr/bin/cc
[0.254s] -- Check for working C compiler: /usr/bin/cc -- works
[0.255s] -- Detecting C compiler ABI info
[0.350s] -- Detecting C compiler ABI info - done
[0.359s] -- Detecting C compile features
[0.359s] -- Detecting C compile features - done
[0.362s] -- Check for working CXX compiler: /usr/bin/c++
[0.462s] -- Check for working CXX compiler: /usr/bin/c++ -- works
[0.463s] -- Detecting CXX compiler ABI info
[0.566s] -- Detecting CXX compiler ABI info - done
[0.578s] -- Detecting CXX compile features
[0.578s] -- Detecting CXX compile features - done
[0.581s] -- Found ament_cmake: 0.9.12 (/opt/ros/foxy/share/ament_cmake/cmake)
[0.614s] -- Found PythonInterp: /usr/bin/python3 (found suitable version "3.8.10", minimum required is "3") 
[0.614s] -- Using PYTHON_EXECUTABLE: /usr/bin/python3
[0.759s] -- Override CMake install command with custom implementation using symlinks instead of copying resources
[0.792s] -- Found serial: 1.2.1 (/home/thanhtan/ros_ws/install/serial/share/serial/cmake)
[0.802s] -- Found hardware_interface: 0.11.0 (/opt/ros/foxy/share/hardware_interface/cmake)
[0.841s] -- Using all available rosidl_typesupport_c: rosidl_typesupport_fastrtps_c;rosidl_typesupport_introspection_c
[0.848s] -- Found rosidl_adapter: 1.3.1 (/opt/ros/foxy/share/rosidl_adapter/cmake)
[0.945s] -- Found OpenSSL: /usr/lib/x86_64-linux-gnu/libcrypto.so (found version "1.1.1f")  
[0.972s] -- Found FastRTPS: /opt/ros/foxy/include  
[1.046s] -- Using all available rosidl_typesupport_cpp: rosidl_typesupport_fastrtps_cpp;rosidl_typesupport_introspection_cpp
[1.494s] -- Found controller_manager: 0.11.0 (/opt/ros/foxy/share/controller_manager/cmake)
[1.564s] -- Found rmw_implementation_cmake: 1.0.4 (/opt/ros/foxy/share/rmw_implementation_cmake/cmake)
[1.566s] -- Using RMW implementation 'rmw_fastrtps_cpp' as default
[1.566s] -- Looking for pthread.h
[1.663s] -- Looking for pthread.h - found
[1.663s] -- Performing Test CMAKE_HAVE_LIBC_PTHREAD
[1.777s] -- Performing Test CMAKE_HAVE_LIBC_PTHREAD - Failed
[1.777s] -- Looking for pthread_create in pthreads
[1.866s] -- Looking for pthread_create in pthreads - not found
[1.866s] -- Looking for pthread_create in pthread
[1.979s] -- Looking for pthread_create in pthread - found
[1.980s] -- Found Threads: TRUE  
[2.525s] -- Configuring done
[2.576s] -- Generating done
[2.578s] -- Build files have been written to: /home/thanhtan/ros_ws/build/diffdrive_arduino
[2.586s] Invoked command in '/home/thanhtan/ros_ws/build/diffdrive_arduino' returned '0': AMENT_PREFIX_PATH=/home/thanhtan/ros_ws/install/serial:${AMENT_PREFIX_PATH} CMAKE_PREFIX_PATH=/home/thanhtan/ros_ws/install/serial:/home/thanhtan/ros_ws/install/serial_motor_demo_msgs:/home/thanhtan/ros_ws/install/my_bot:/home/thanhtan/ros_ws/install/serial_motor_demo:/opt/ros/foxy LD_LIBRARY_PATH=/home/thanhtan/ros_ws/install/serial/lib:${LD_LIBRARY_PATH} /usr/bin/cmake /home/thanhtan/ros_ws/src/diffdrive_arduino -DAMENT_CMAKE_SYMLINK_INSTALL=1 -DCMAKE_INSTALL_PREFIX=/home/thanhtan/ros_ws/install/diffdrive_arduino
[2.590s] Invoking command in '/home/thanhtan/ros_ws/build/diffdrive_arduino': AMENT_PREFIX_PATH=/home/thanhtan/ros_ws/install/serial:${AMENT_PREFIX_PATH} CMAKE_PREFIX_PATH=/home/thanhtan/ros_ws/install/serial:/home/thanhtan/ros_ws/install/serial_motor_demo_msgs:/home/thanhtan/ros_ws/install/my_bot:/home/thanhtan/ros_ws/install/serial_motor_demo:/opt/ros/foxy LD_LIBRARY_PATH=/home/thanhtan/ros_ws/install/serial/lib:${LD_LIBRARY_PATH} /usr/bin/cmake --build /home/thanhtan/ros_ws/build/diffdrive_arduino -- -j12 -l12
[2.656s] [35m[1mScanning dependencies of target fake_robot[0m
[2.656s] [35m[1mScanning dependencies of target diffdrive_arduino[0m
[2.752s] [ 14%] [32mBuilding CXX object CMakeFiles/fake_robot.dir/src/wheel.cpp.o[0m
[2.753s] [ 28%] [32mBuilding CXX object CMakeFiles/fake_robot.dir/src/fake_robot.cpp.o[0m
[2.757s] [ 42%] [32mBuilding CXX object CMakeFiles/diffdrive_arduino.dir/src/diffdrive_arduino.cpp.o[0m
[2.758s] [ 57%] [32mBuilding CXX object CMakeFiles/diffdrive_arduino.dir/src/wheel.cpp.o[0m
[2.758s] [ 71%] [32mBuilding CXX object CMakeFiles/diffdrive_arduino.dir/src/arduino_comms.cpp.o[0m
[4.992s] [ 85%] [32m[1mLinking CXX shared library libdiffdrive_arduino.so[0m
[5.033s] [100%] [32m[1mLinking CXX shared library libfake_robot.so[0m
[5.163s] [100%] Built target diffdrive_arduino
[5.192s] [100%] Built target fake_robot
[5.204s] Invoked command in '/home/thanhtan/ros_ws/build/diffdrive_arduino' returned '0': AMENT_PREFIX_PATH=/home/thanhtan/ros_ws/install/serial:${AMENT_PREFIX_PATH} CMAKE_PREFIX_PATH=/home/thanhtan/ros_ws/install/serial:/home/thanhtan/ros_ws/install/serial_motor_demo_msgs:/home/thanhtan/ros_ws/install/my_bot:/home/thanhtan/ros_ws/install/serial_motor_demo:/opt/ros/foxy LD_LIBRARY_PATH=/home/thanhtan/ros_ws/install/serial/lib:${LD_LIBRARY_PATH} /usr/bin/cmake --build /home/thanhtan/ros_ws/build/diffdrive_arduino -- -j12 -l12
[5.249s] Invoking command in '/home/thanhtan/ros_ws/build/diffdrive_arduino': AMENT_PREFIX_PATH=/home/thanhtan/ros_ws/install/serial:${AMENT_PREFIX_PATH} CMAKE_PREFIX_PATH=/home/thanhtan/ros_ws/install/serial:/home/thanhtan/ros_ws/install/serial_motor_demo_msgs:/home/thanhtan/ros_ws/install/my_bot:/home/thanhtan/ros_ws/install/serial_motor_demo:/opt/ros/foxy LD_LIBRARY_PATH=/home/thanhtan/ros_ws/install/serial/lib:${LD_LIBRARY_PATH} /usr/bin/cmake --install /home/thanhtan/ros_ws/build/diffdrive_arduino
[5.261s] -- Install configuration: ""
[5.261s] -- Execute custom install script
[5.261s] -- Symlinking: /home/thanhtan/ros_ws/install/diffdrive_arduino/share/diffdrive_arduino//robot_hardware.xml
[5.275s] -- Symlinking: /home/thanhtan/ros_ws/install/diffdrive_arduino/share/diffdrive_arduino//fake_robot_hardware.xml
[5.290s] -- Symlinking: /home/thanhtan/ros_ws/install/diffdrive_arduino/lib/libdiffdrive_arduino.so
[5.303s] -- Symlinking: /home/thanhtan/ros_ws/install/diffdrive_arduino/lib/libfake_robot.so
[5.312s] -- Symlinking: /home/thanhtan/ros_ws/install/diffdrive_arduino/share/diffdrive_arduino/controllers/robot_controller_example.yaml
[5.326s] -- Symlinking: /home/thanhtan/ros_ws/install/diffdrive_arduino/share/diffdrive_arduino/fake_robot.launch.py
[5.335s] -- Symlinking: /home/thanhtan/ros_ws/install/diffdrive_arduino/share/diffdrive_arduino/test_robot.launch.py
[5.347s] -- Symlinking: /home/thanhtan/ros_ws/install/diffdrive_arduino/share/diffdrive_arduino/environment/library_path.sh
[5.365s] -- Symlinking: /home/thanhtan/ros_ws/install/diffdrive_arduino/share/diffdrive_arduino/environment/library_path.dsv
[5.376s] -- Symlinking: /home/thanhtan/ros_ws/install/diffdrive_arduino/share/ament_index/resource_index/package_run_dependencies/diffdrive_arduino
[5.385s] -- Symlinking: /home/thanhtan/ros_ws/install/diffdrive_arduino/share/ament_index/resource_index/parent_prefix_path/diffdrive_arduino
[5.393s] -- Symlinking: /home/thanhtan/ros_ws/install/diffdrive_arduino/share/diffdrive_arduino/environment/ament_prefix_path.sh
[5.401s] -- Symlinking: /home/thanhtan/ros_ws/install/diffdrive_arduino/share/diffdrive_arduino/environment/ament_prefix_path.dsv
[5.409s] -- Symlinking: /home/thanhtan/ros_ws/install/diffdrive_arduino/share/diffdrive_arduino/environment/path.sh
[5.423s] -- Symlinking: /home/thanhtan/ros_ws/install/diffdrive_arduino/share/diffdrive_arduino/environment/path.dsv
[5.441s] -- Symlinking: /home/thanhtan/ros_ws/install/diffdrive_arduino/share/diffdrive_arduino/local_setup.bash
[5.454s] -- Symlinking: /home/thanhtan/ros_ws/install/diffdrive_arduino/share/diffdrive_arduino/local_setup.sh
[5.462s] -- Symlinking: /home/thanhtan/ros_ws/install/diffdrive_arduino/share/diffdrive_arduino/local_setup.zsh
[5.470s] -- Symlinking: /home/thanhtan/ros_ws/install/diffdrive_arduino/share/diffdrive_arduino/local_setup.dsv
[5.478s] -- Symlinking: /home/thanhtan/ros_ws/install/diffdrive_arduino/share/diffdrive_arduino/package.dsv
[5.486s] -- Symlinking: /home/thanhtan/ros_ws/install/diffdrive_arduino/share/ament_index/resource_index/packages/diffdrive_arduino
[5.494s] -- Symlinking: /home/thanhtan/ros_ws/install/diffdrive_arduino/share/ament_index/resource_index/hardware_interface__pluginlib__plugin/diffdrive_arduino
[5.502s] -- Symlinking: /home/thanhtan/ros_ws/install/diffdrive_arduino/share/diffdrive_arduino/cmake/ament_cmake_export_libraries-extras.cmake
[5.510s] -- Symlinking: /home/thanhtan/ros_ws/install/diffdrive_arduino/share/diffdrive_arduino/cmake/ament_cmake_export_dependencies-extras.cmake
[5.524s] -- Symlinking: /home/thanhtan/ros_ws/install/diffdrive_arduino/share/diffdrive_arduino/cmake/diffdrive_arduinoConfig.cmake
[5.532s] -- Symlinking: /home/thanhtan/ros_ws/install/diffdrive_arduino/share/diffdrive_arduino/cmake/diffdrive_arduinoConfig-version.cmake
[5.540s] -- Symlinking: /home/thanhtan/ros_ws/install/diffdrive_arduino/share/diffdrive_arduino/package.xml
[5.553s] Invoked command in '/home/thanhtan/ros_ws/build/diffdrive_arduino' returned '0': AMENT_PREFIX_PATH=/home/thanhtan/ros_ws/install/serial:${AMENT_PREFIX_PATH} CMAKE_PREFIX_PATH=/home/thanhtan/ros_ws/install/serial:/home/thanhtan/ros_ws/install/serial_motor_demo_msgs:/home/thanhtan/ros_ws/install/my_bot:/home/thanhtan/ros_ws/install/serial_motor_demo:/opt/ros/foxy LD_LIBRARY_PATH=/home/thanhtan/ros_ws/install/serial/lib:${LD_LIBRARY_PATH} /usr/bin/cmake --install /home/thanhtan/ros_ws/build/diffdrive_arduino
