[0.143s] DEBUG:colcon:Command line arguments: ['/usr/bin/colcon', 'build']
[0.143s] DEBUG:colcon:Parsed command line arguments: Namespace(allow_overriding=[], ament_cmake_args=None, base_paths=['.'], build_base='build', catkin_cmake_args=None, catkin_skip_building_tests=False, cmake_args=None, cmake_clean_cache=False, cmake_clean_first=False, cmake_force_configure=False, cmake_target=None, cmake_target_skip_unavailable=False, continue_on_error=False, event_handlers=None, executor='parallel', ignore_user_meta=False, install_base='install', log_base=None, log_level=None, main=<bound method BuildVerb.main of <colcon_core.verb.build.BuildVerb object at 0x7f6cdae3fc40>>, merge_install=False, metas=['./colcon.meta'], mixin=None, mixin_files=None, mixin_verb=('build',), packages_above=None, packages_above_and_dependencies=None, packages_above_depth=None, packages_end=None, packages_ignore=None, packages_ignore_regex=None, packages_select=None, packages_select_build_failed=False, packages_select_by_dep=None, packages_select_regex=None, packages_select_test_failures=False, packages_skip=None, packages_skip_build_finished=False, packages_skip_by_dep=None, packages_skip_regex=None, packages_skip_test_passed=False, packages_skip_up_to=None, packages_start=None, packages_up_to=None, packages_up_to_regex=None, parallel_workers=12, paths=None, symlink_install=False, test_result_base=None, verb_extension=<colcon_core.verb.build.BuildVerb object at 0x7f6cdae3fc40>, verb_name='build', verb_parser=<colcon_mixin.mixin.mixin_argument.MixinArgumentDecorator object at 0x7f6cdae50160>)
[0.192s] Level 1:colcon.colcon_core.package_discovery:discover_packages(colcon_meta) check parameters
[0.193s] Level 1:colcon.colcon_core.package_discovery:discover_packages(recursive) check parameters
[0.193s] Level 1:colcon.colcon_core.package_discovery:discover_packages(ignore) check parameters
[0.193s] Level 1:colcon.colcon_core.package_discovery:discover_packages(path) check parameters
[0.193s] Level 1:colcon.colcon_core.package_discovery:discover_packages(colcon_meta) discover
[0.193s] Level 1:colcon.colcon_core.package_discovery:discover_packages(recursive) discover
[0.193s] INFO:colcon.colcon_core.package_discovery:Crawling recursively for packages in '/home/thanhtan/ros_ws'
[0.193s] Level 1:colcon.colcon_core.package_identification:_identify(.) by extensions ['ignore', 'ignore_ament_install']
[0.193s] Level 1:colcon.colcon_core.package_identification:_identify(.) by extension 'ignore'
[0.193s] Level 1:colcon.colcon_core.package_identification:_identify(.) by extension 'ignore_ament_install'
[0.193s] Level 1:colcon.colcon_core.package_identification:_identify(.) by extensions ['colcon_pkg']
[0.193s] Level 1:colcon.colcon_core.package_identification:_identify(.) by extension 'colcon_pkg'
[0.193s] Level 1:colcon.colcon_core.package_identification:_identify(.) by extensions ['colcon_meta']
[0.193s] Level 1:colcon.colcon_core.package_identification:_identify(.) by extension 'colcon_meta'
[0.193s] Level 1:colcon.colcon_core.package_identification:_identify(.) by extensions ['ros']
[0.193s] Level 1:colcon.colcon_core.package_identification:_identify(.) by extension 'ros'
[0.196s] Level 1:colcon.colcon_core.package_identification:_identify(.) by extensions ['cmake', 'python']
[0.196s] Level 1:colcon.colcon_core.package_identification:_identify(.) by extension 'cmake'
[0.196s] Level 1:colcon.colcon_core.package_identification:_identify(.) by extension 'python'
[0.196s] Level 1:colcon.colcon_core.package_identification:_identify(.) by extensions ['python_setup_py']
[0.196s] Level 1:colcon.colcon_core.package_identification:_identify(.) by extension 'python_setup_py'
[0.196s] Level 1:colcon.colcon_core.package_identification:_identify(build) by extensions ['ignore', 'ignore_ament_install']
[0.196s] Level 1:colcon.colcon_core.package_identification:_identify(build) by extension 'ignore'
[0.196s] Level 1:colcon.colcon_core.package_identification:_identify(build) ignored
[0.196s] Level 1:colcon.colcon_core.package_identification:_identify(install) by extensions ['ignore', 'ignore_ament_install']
[0.196s] Level 1:colcon.colcon_core.package_identification:_identify(install) by extension 'ignore'
[0.196s] Level 1:colcon.colcon_core.package_identification:_identify(install) ignored
[0.196s] Level 1:colcon.colcon_core.package_identification:_identify(log) by extensions ['ignore', 'ignore_ament_install']
[0.196s] Level 1:colcon.colcon_core.package_identification:_identify(log) by extension 'ignore'
[0.196s] Level 1:colcon.colcon_core.package_identification:_identify(log) ignored
[0.196s] Level 1:colcon.colcon_core.package_identification:_identify(src) by extensions ['ignore', 'ignore_ament_install']
[0.196s] Level 1:colcon.colcon_core.package_identification:_identify(src) by extension 'ignore'
[0.196s] Level 1:colcon.colcon_core.package_identification:_identify(src) by extension 'ignore_ament_install'
[0.197s] Level 1:colcon.colcon_core.package_identification:_identify(src) by extensions ['colcon_pkg']
[0.197s] Level 1:colcon.colcon_core.package_identification:_identify(src) by extension 'colcon_pkg'
[0.197s] Level 1:colcon.colcon_core.package_identification:_identify(src) by extensions ['colcon_meta']
[0.197s] Level 1:colcon.colcon_core.package_identification:_identify(src) by extension 'colcon_meta'
[0.197s] Level 1:colcon.colcon_core.package_identification:_identify(src) by extensions ['ros']
[0.197s] Level 1:colcon.colcon_core.package_identification:_identify(src) by extension 'ros'
[0.197s] Level 1:colcon.colcon_core.package_identification:_identify(src) by extensions ['cmake', 'python']
[0.197s] Level 1:colcon.colcon_core.package_identification:_identify(src) by extension 'cmake'
[0.197s] Level 1:colcon.colcon_core.package_identification:_identify(src) by extension 'python'
[0.197s] Level 1:colcon.colcon_core.package_identification:_identify(src) by extensions ['python_setup_py']
[0.197s] Level 1:colcon.colcon_core.package_identification:_identify(src) by extension 'python_setup_py'
[0.197s] Level 1:colcon.colcon_core.package_identification:_identify(src/my_bot) by extensions ['ignore', 'ignore_ament_install']
[0.197s] Level 1:colcon.colcon_core.package_identification:_identify(src/my_bot) by extension 'ignore'
[0.197s] Level 1:colcon.colcon_core.package_identification:_identify(src/my_bot) by extension 'ignore_ament_install'
[0.197s] Level 1:colcon.colcon_core.package_identification:_identify(src/my_bot) by extensions ['colcon_pkg']
[0.197s] Level 1:colcon.colcon_core.package_identification:_identify(src/my_bot) by extension 'colcon_pkg'
[0.197s] Level 1:colcon.colcon_core.package_identification:_identify(src/my_bot) by extensions ['colcon_meta']
[0.197s] Level 1:colcon.colcon_core.package_identification:_identify(src/my_bot) by extension 'colcon_meta'
[0.197s] Level 1:colcon.colcon_core.package_identification:_identify(src/my_bot) by extensions ['ros']
[0.197s] Level 1:colcon.colcon_core.package_identification:_identify(src/my_bot) by extension 'ros'
[0.199s] DEBUG:colcon.colcon_core.package_identification:Package 'src/my_bot' with type 'ros.ament_cmake' and name 'my_bot'
[0.199s] Level 1:colcon.colcon_core.package_identification:_identify(src/serial_motor_demo) by extensions ['ignore', 'ignore_ament_install']
[0.199s] Level 1:colcon.colcon_core.package_identification:_identify(src/serial_motor_demo) by extension 'ignore'
[0.199s] Level 1:colcon.colcon_core.package_identification:_identify(src/serial_motor_demo) by extension 'ignore_ament_install'
[0.199s] Level 1:colcon.colcon_core.package_identification:_identify(src/serial_motor_demo) by extensions ['colcon_pkg']
[0.199s] Level 1:colcon.colcon_core.package_identification:_identify(src/serial_motor_demo) by extension 'colcon_pkg'
[0.199s] Level 1:colcon.colcon_core.package_identification:_identify(src/serial_motor_demo) by extensions ['colcon_meta']
[0.199s] Level 1:colcon.colcon_core.package_identification:_identify(src/serial_motor_demo) by extension 'colcon_meta'
[0.199s] Level 1:colcon.colcon_core.package_identification:_identify(src/serial_motor_demo) by extensions ['ros']
[0.199s] Level 1:colcon.colcon_core.package_identification:_identify(src/serial_motor_demo) by extension 'ros'
[0.199s] Level 1:colcon.colcon_core.package_identification:_identify(src/serial_motor_demo) by extensions ['cmake', 'python']
[0.199s] Level 1:colcon.colcon_core.package_identification:_identify(src/serial_motor_demo) by extension 'cmake'
[0.199s] Level 1:colcon.colcon_core.package_identification:_identify(src/serial_motor_demo) by extension 'python'
[0.200s] Level 1:colcon.colcon_core.package_identification:_identify(src/serial_motor_demo) by extensions ['python_setup_py']
[0.200s] Level 1:colcon.colcon_core.package_identification:_identify(src/serial_motor_demo) by extension 'python_setup_py'
[0.200s] Level 1:colcon.colcon_core.package_identification:_identify(src/serial_motor_demo/serial_motor_demo) by extensions ['ignore', 'ignore_ament_install']
[0.200s] Level 1:colcon.colcon_core.package_identification:_identify(src/serial_motor_demo/serial_motor_demo) by extension 'ignore'
[0.200s] Level 1:colcon.colcon_core.package_identification:_identify(src/serial_motor_demo/serial_motor_demo) by extension 'ignore_ament_install'
[0.200s] Level 1:colcon.colcon_core.package_identification:_identify(src/serial_motor_demo/serial_motor_demo) by extensions ['colcon_pkg']
[0.200s] Level 1:colcon.colcon_core.package_identification:_identify(src/serial_motor_demo/serial_motor_demo) by extension 'colcon_pkg'
[0.200s] Level 1:colcon.colcon_core.package_identification:_identify(src/serial_motor_demo/serial_motor_demo) by extensions ['colcon_meta']
[0.200s] Level 1:colcon.colcon_core.package_identification:_identify(src/serial_motor_demo/serial_motor_demo) by extension 'colcon_meta'
[0.200s] Level 1:colcon.colcon_core.package_identification:_identify(src/serial_motor_demo/serial_motor_demo) by extensions ['ros']
[0.200s] Level 1:colcon.colcon_core.package_identification:_identify(src/serial_motor_demo/serial_motor_demo) by extension 'ros'
[0.200s] DEBUG:colcon.colcon_core.package_identification:Package 'src/serial_motor_demo/serial_motor_demo' with type 'ros.ament_python' and name 'serial_motor_demo'
[0.201s] Level 1:colcon.colcon_core.package_identification:_identify(src/serial_motor_demo/serial_motor_demo_msgs) by extensions ['ignore', 'ignore_ament_install']
[0.201s] Level 1:colcon.colcon_core.package_identification:_identify(src/serial_motor_demo/serial_motor_demo_msgs) by extension 'ignore'
[0.201s] Level 1:colcon.colcon_core.package_identification:_identify(src/serial_motor_demo/serial_motor_demo_msgs) by extension 'ignore_ament_install'
[0.201s] Level 1:colcon.colcon_core.package_identification:_identify(src/serial_motor_demo/serial_motor_demo_msgs) by extensions ['colcon_pkg']
[0.201s] Level 1:colcon.colcon_core.package_identification:_identify(src/serial_motor_demo/serial_motor_demo_msgs) by extension 'colcon_pkg'
[0.201s] Level 1:colcon.colcon_core.package_identification:_identify(src/serial_motor_demo/serial_motor_demo_msgs) by extensions ['colcon_meta']
[0.201s] Level 1:colcon.colcon_core.package_identification:_identify(src/serial_motor_demo/serial_motor_demo_msgs) by extension 'colcon_meta'
[0.201s] Level 1:colcon.colcon_core.package_identification:_identify(src/serial_motor_demo/serial_motor_demo_msgs) by extensions ['ros']
[0.201s] Level 1:colcon.colcon_core.package_identification:_identify(src/serial_motor_demo/serial_motor_demo_msgs) by extension 'ros'
[0.201s] DEBUG:colcon.colcon_core.package_identification:Package 'src/serial_motor_demo/serial_motor_demo_msgs' with type 'ros.ament_cmake' and name 'serial_motor_demo_msgs'
[0.201s] Level 1:colcon.colcon_core.package_discovery:discover_packages(recursive) using defaults
[0.201s] Level 1:colcon.colcon_core.package_discovery:discover_packages(ignore) discover
[0.201s] Level 1:colcon.colcon_core.package_discovery:discover_packages(ignore) using defaults
[0.201s] Level 1:colcon.colcon_core.package_discovery:discover_packages(path) discover
[0.201s] Level 1:colcon.colcon_core.package_discovery:discover_packages(path) using defaults
[0.216s] Level 1:colcon.colcon_core.package_discovery:discover_packages(prefix_path) check parameters
[0.216s] Level 1:colcon.colcon_core.package_discovery:discover_packages(prefix_path) discover
[0.217s] WARNING:colcon.colcon_ros.prefix_path.ament:The path '/home/thanhtan/ros_ws/install/Thanh_Tan' in the environment variable AMENT_PREFIX_PATH doesn't exist
[0.217s] WARNING:colcon.colcon_ros.prefix_path.catkin:The path '/home/thanhtan/ros_ws/install/Thanh_Tan' in the environment variable CMAKE_PREFIX_PATH doesn't exist
[0.217s] DEBUG:colcon.colcon_installed_package_information.package_discovery:Found 2 installed packages in /home/thanhtan/ros_ws/install
[0.218s] DEBUG:colcon.colcon_installed_package_information.package_discovery:Found 293 installed packages in /opt/ros/foxy
[0.220s] Level 1:colcon.colcon_core.package_discovery:discover_packages(prefix_path) using defaults
[0.262s] Level 5:colcon.colcon_core.verb:set package 'my_bot' build argument 'cmake_args' from command line to 'None'
[0.262s] Level 5:colcon.colcon_core.verb:set package 'my_bot' build argument 'cmake_target' from command line to 'None'
[0.262s] Level 5:colcon.colcon_core.verb:set package 'my_bot' build argument 'cmake_target_skip_unavailable' from command line to 'False'
[0.262s] Level 5:colcon.colcon_core.verb:set package 'my_bot' build argument 'cmake_clean_cache' from command line to 'False'
[0.262s] Level 5:colcon.colcon_core.verb:set package 'my_bot' build argument 'cmake_clean_first' from command line to 'False'
[0.262s] Level 5:colcon.colcon_core.verb:set package 'my_bot' build argument 'cmake_force_configure' from command line to 'False'
[0.262s] Level 5:colcon.colcon_core.verb:set package 'my_bot' build argument 'ament_cmake_args' from command line to 'None'
[0.262s] Level 5:colcon.colcon_core.verb:set package 'my_bot' build argument 'catkin_cmake_args' from command line to 'None'
[0.263s] Level 5:colcon.colcon_core.verb:set package 'my_bot' build argument 'catkin_skip_building_tests' from command line to 'False'
[0.263s] DEBUG:colcon.colcon_core.verb:Building package 'my_bot' with the following arguments: {'ament_cmake_args': None, 'build_base': '/home/thanhtan/ros_ws/build/my_bot', 'catkin_cmake_args': None, 'catkin_skip_building_tests': False, 'cmake_args': None, 'cmake_clean_cache': False, 'cmake_clean_first': False, 'cmake_force_configure': False, 'cmake_target': None, 'cmake_target_skip_unavailable': False, 'install_base': '/home/thanhtan/ros_ws/install/my_bot', 'merge_install': False, 'path': '/home/thanhtan/ros_ws/src/my_bot', 'symlink_install': False, 'test_result_base': None}
[0.263s] Level 5:colcon.colcon_core.verb:set package 'serial_motor_demo_msgs' build argument 'cmake_args' from command line to 'None'
[0.263s] Level 5:colcon.colcon_core.verb:set package 'serial_motor_demo_msgs' build argument 'cmake_target' from command line to 'None'
[0.263s] Level 5:colcon.colcon_core.verb:set package 'serial_motor_demo_msgs' build argument 'cmake_target_skip_unavailable' from command line to 'False'
[0.263s] Level 5:colcon.colcon_core.verb:set package 'serial_motor_demo_msgs' build argument 'cmake_clean_cache' from command line to 'False'
[0.263s] Level 5:colcon.colcon_core.verb:set package 'serial_motor_demo_msgs' build argument 'cmake_clean_first' from command line to 'False'
[0.263s] Level 5:colcon.colcon_core.verb:set package 'serial_motor_demo_msgs' build argument 'cmake_force_configure' from command line to 'False'
[0.263s] Level 5:colcon.colcon_core.verb:set package 'serial_motor_demo_msgs' build argument 'ament_cmake_args' from command line to 'None'
[0.263s] Level 5:colcon.colcon_core.verb:set package 'serial_motor_demo_msgs' build argument 'catkin_cmake_args' from command line to 'None'
[0.263s] Level 5:colcon.colcon_core.verb:set package 'serial_motor_demo_msgs' build argument 'catkin_skip_building_tests' from command line to 'False'
[0.263s] DEBUG:colcon.colcon_core.verb:Building package 'serial_motor_demo_msgs' with the following arguments: {'ament_cmake_args': None, 'build_base': '/home/thanhtan/ros_ws/build/serial_motor_demo_msgs', 'catkin_cmake_args': None, 'catkin_skip_building_tests': False, 'cmake_args': None, 'cmake_clean_cache': False, 'cmake_clean_first': False, 'cmake_force_configure': False, 'cmake_target': None, 'cmake_target_skip_unavailable': False, 'install_base': '/home/thanhtan/ros_ws/install/serial_motor_demo_msgs', 'merge_install': False, 'path': '/home/thanhtan/ros_ws/src/serial_motor_demo/serial_motor_demo_msgs', 'symlink_install': False, 'test_result_base': None}
[0.263s] Level 5:colcon.colcon_core.verb:set package 'serial_motor_demo' build argument 'cmake_args' from command line to 'None'
[0.263s] Level 5:colcon.colcon_core.verb:set package 'serial_motor_demo' build argument 'cmake_target' from command line to 'None'
[0.263s] Level 5:colcon.colcon_core.verb:set package 'serial_motor_demo' build argument 'cmake_target_skip_unavailable' from command line to 'False'
[0.263s] Level 5:colcon.colcon_core.verb:set package 'serial_motor_demo' build argument 'cmake_clean_cache' from command line to 'False'
[0.263s] Level 5:colcon.colcon_core.verb:set package 'serial_motor_demo' build argument 'cmake_clean_first' from command line to 'False'
[0.263s] Level 5:colcon.colcon_core.verb:set package 'serial_motor_demo' build argument 'cmake_force_configure' from command line to 'False'
[0.263s] Level 5:colcon.colcon_core.verb:set package 'serial_motor_demo' build argument 'ament_cmake_args' from command line to 'None'
[0.263s] Level 5:colcon.colcon_core.verb:set package 'serial_motor_demo' build argument 'catkin_cmake_args' from command line to 'None'
[0.263s] Level 5:colcon.colcon_core.verb:set package 'serial_motor_demo' build argument 'catkin_skip_building_tests' from command line to 'False'
[0.264s] DEBUG:colcon.colcon_core.verb:Building package 'serial_motor_demo' with the following arguments: {'ament_cmake_args': None, 'build_base': '/home/thanhtan/ros_ws/build/serial_motor_demo', 'catkin_cmake_args': None, 'catkin_skip_building_tests': False, 'cmake_args': None, 'cmake_clean_cache': False, 'cmake_clean_first': False, 'cmake_force_configure': False, 'cmake_target': None, 'cmake_target_skip_unavailable': False, 'install_base': '/home/thanhtan/ros_ws/install/serial_motor_demo', 'merge_install': False, 'path': '/home/thanhtan/ros_ws/src/serial_motor_demo/serial_motor_demo', 'symlink_install': False, 'test_result_base': None}
[0.264s] INFO:colcon.colcon_core.executor:Executing jobs using 'parallel' executor
[0.264s] DEBUG:colcon.colcon_parallel_executor.executor.parallel:run_until_complete
[0.265s] INFO:colcon.colcon_ros.task.ament_cmake.build:Building ROS package in '/home/thanhtan/ros_ws/src/serial_motor_demo/serial_motor_demo_msgs' with build type 'ament_cmake'
[0.265s] INFO:colcon.colcon_cmake.task.cmake.build:Building CMake package in '/home/thanhtan/ros_ws/src/serial_motor_demo/serial_motor_demo_msgs'
[0.266s] INFO:colcon.colcon_core.plugin_system:Skipping extension 'colcon_core.shell.bat': Not used on non-Windows systems
[0.267s] INFO:colcon.colcon_core.shell:Skip shell extension 'powershell' for command environment: Not usable outside of PowerShell
[0.267s] DEBUG:colcon.colcon_core.shell:Skip shell extension 'dsv' for command environment
[0.271s] INFO:colcon.colcon_ros.task.ament_cmake.build:Building ROS package in '/home/thanhtan/ros_ws/src/my_bot' with build type 'ament_cmake'
[0.271s] INFO:colcon.colcon_cmake.task.cmake.build:Building CMake package in '/home/thanhtan/ros_ws/src/my_bot'
[0.271s] INFO:colcon.colcon_core.shell:Skip shell extension 'powershell' for command environment: Not usable outside of PowerShell
[0.271s] DEBUG:colcon.colcon_core.shell:Skip shell extension 'dsv' for command environment
[0.280s] DEBUG:colcon.colcon_core.event_handler.log_command:Invoking command in '/home/thanhtan/ros_ws/build/serial_motor_demo_msgs': CMAKE_PREFIX_PATH=${CMAKE_PREFIX_PATH}:/opt/ros/foxy PS1=\[\e]0;\u@\h: \w\a\]${debian_chroot:+($debian_chroot)}\[\033[01;32m\]\u@\h\[\033[00m\]:\[\033[01;34m\]\w\[\033[00m\]\$ /usr/bin/cmake /home/thanhtan/ros_ws/src/serial_motor_demo/serial_motor_demo_msgs -DCMAKE_INSTALL_PREFIX=/home/thanhtan/ros_ws/install/serial_motor_demo_msgs
[0.286s] DEBUG:colcon.colcon_core.event_handler.log_command:Invoking command in '/home/thanhtan/ros_ws/build/my_bot': CMAKE_PREFIX_PATH=${CMAKE_PREFIX_PATH}:/opt/ros/foxy PS1=\[\e]0;\u@\h: \w\a\]${debian_chroot:+($debian_chroot)}\[\033[01;32m\]\u@\h\[\033[00m\]:\[\033[01;34m\]\w\[\033[00m\]\$ /usr/bin/cmake /home/thanhtan/ros_ws/src/my_bot -DCMAKE_INSTALL_PREFIX=/home/thanhtan/ros_ws/install/my_bot
[1.034s] DEBUG:colcon.colcon_core.event_handler.log_command:Invoked command in '/home/thanhtan/ros_ws/build/my_bot' returned '0': CMAKE_PREFIX_PATH=${CMAKE_PREFIX_PATH}:/opt/ros/foxy PS1=\[\e]0;\u@\h: \w\a\]${debian_chroot:+($debian_chroot)}\[\033[01;32m\]\u@\h\[\033[00m\]:\[\033[01;34m\]\w\[\033[00m\]\$ /usr/bin/cmake /home/thanhtan/ros_ws/src/my_bot -DCMAKE_INSTALL_PREFIX=/home/thanhtan/ros_ws/install/my_bot
[1.035s] DEBUG:colcon.colcon_core.event_handler.log_command:Invoking command in '/home/thanhtan/ros_ws/build/my_bot': CMAKE_PREFIX_PATH=${CMAKE_PREFIX_PATH}:/opt/ros/foxy PS1=\[\e]0;\u@\h: \w\a\]${debian_chroot:+($debian_chroot)}\[\033[01;32m\]\u@\h\[\033[00m\]:\[\033[01;34m\]\w\[\033[00m\]\$ /usr/bin/cmake --build /home/thanhtan/ros_ws/build/my_bot -- -j12 -l12
[1.077s] DEBUG:colcon.colcon_core.event_handler.log_command:Invoked command in '/home/thanhtan/ros_ws/build/my_bot' returned '0': CMAKE_PREFIX_PATH=${CMAKE_PREFIX_PATH}:/opt/ros/foxy PS1=\[\e]0;\u@\h: \w\a\]${debian_chroot:+($debian_chroot)}\[\033[01;32m\]\u@\h\[\033[00m\]:\[\033[01;34m\]\w\[\033[00m\]\$ /usr/bin/cmake --build /home/thanhtan/ros_ws/build/my_bot -- -j12 -l12
[1.118s] DEBUG:colcon.colcon_core.event_handler.log_command:Invoking command in '/home/thanhtan/ros_ws/build/my_bot': CMAKE_PREFIX_PATH=${CMAKE_PREFIX_PATH}:/opt/ros/foxy PS1=\[\e]0;\u@\h: \w\a\]${debian_chroot:+($debian_chroot)}\[\033[01;32m\]\u@\h\[\033[00m\]:\[\033[01;34m\]\w\[\033[00m\]\$ /usr/bin/cmake --install /home/thanhtan/ros_ws/build/my_bot
[1.127s] Level 1:colcon.colcon_core.environment:create_environment_scripts_only(my_bot)
[1.128s] DEBUG:colcon.colcon_core.event_handler.log_command:Invoked command in '/home/thanhtan/ros_ws/build/my_bot' returned '0': CMAKE_PREFIX_PATH=${CMAKE_PREFIX_PATH}:/opt/ros/foxy PS1=\[\e]0;\u@\h: \w\a\]${debian_chroot:+($debian_chroot)}\[\033[01;32m\]\u@\h\[\033[00m\]:\[\033[01;34m\]\w\[\033[00m\]\$ /usr/bin/cmake --install /home/thanhtan/ros_ws/build/my_bot
[1.132s] Level 1:colcon.colcon_core.environment:checking '/home/thanhtan/ros_ws/install/my_bot' for CMake module files
[1.133s] Level 1:colcon.colcon_core.environment:checking '/home/thanhtan/ros_ws/install/my_bot' for CMake config files
[1.133s] Level 1:colcon.colcon_core.shell:create_environment_hook('my_bot', 'cmake_prefix_path')
[1.133s] INFO:colcon.colcon_core.shell:Creating environment hook '/home/thanhtan/ros_ws/install/my_bot/share/my_bot/hook/cmake_prefix_path.ps1'
[1.134s] INFO:colcon.colcon_core.shell:Creating environment descriptor '/home/thanhtan/ros_ws/install/my_bot/share/my_bot/hook/cmake_prefix_path.dsv'
[1.134s] INFO:colcon.colcon_core.shell:Creating environment hook '/home/thanhtan/ros_ws/install/my_bot/share/my_bot/hook/cmake_prefix_path.sh'
[1.135s] Level 1:colcon.colcon_core.environment:checking '/home/thanhtan/ros_ws/install/my_bot/bin'
[1.135s] Level 1:colcon.colcon_core.environment:checking '/home/thanhtan/ros_ws/install/my_bot/lib/pkgconfig/my_bot.pc'
[1.135s] Level 1:colcon.colcon_core.environment:checking '/home/thanhtan/ros_ws/install/my_bot/lib/python3.8/site-packages'
[1.136s] Level 1:colcon.colcon_core.environment:checking '/home/thanhtan/ros_ws/install/my_bot/bin'
[1.136s] INFO:colcon.colcon_core.shell:Creating package script '/home/thanhtan/ros_ws/install/my_bot/share/my_bot/package.ps1'
[1.136s] INFO:colcon.colcon_core.shell:Creating package descriptor '/home/thanhtan/ros_ws/install/my_bot/share/my_bot/package.dsv'
[1.137s] INFO:colcon.colcon_core.shell:Creating package script '/home/thanhtan/ros_ws/install/my_bot/share/my_bot/package.sh'
[1.137s] INFO:colcon.colcon_core.shell:Creating package script '/home/thanhtan/ros_ws/install/my_bot/share/my_bot/package.bash'
[1.138s] INFO:colcon.colcon_core.shell:Creating package script '/home/thanhtan/ros_ws/install/my_bot/share/my_bot/package.zsh'
[1.138s] Level 1:colcon.colcon_core.environment:create_file_with_runtime_dependencies(/home/thanhtan/ros_ws/install/my_bot/share/colcon-core/packages/my_bot)
[1.162s] Level 1:colcon.colcon_core.environment:create_environment_scripts_only(my_bot)
[1.163s] Level 1:colcon.colcon_core.environment:checking '/home/thanhtan/ros_ws/install/my_bot' for CMake module files
[1.163s] Level 1:colcon.colcon_core.environment:checking '/home/thanhtan/ros_ws/install/my_bot' for CMake config files
[1.164s] Level 1:colcon.colcon_core.shell:create_environment_hook('my_bot', 'cmake_prefix_path')
[1.164s] INFO:colcon.colcon_core.shell:Creating environment hook '/home/thanhtan/ros_ws/install/my_bot/share/my_bot/hook/cmake_prefix_path.ps1'
[1.164s] INFO:colcon.colcon_core.shell:Creating environment descriptor '/home/thanhtan/ros_ws/install/my_bot/share/my_bot/hook/cmake_prefix_path.dsv'
[1.165s] INFO:colcon.colcon_core.shell:Creating environment hook '/home/thanhtan/ros_ws/install/my_bot/share/my_bot/hook/cmake_prefix_path.sh'
[1.166s] Level 1:colcon.colcon_core.environment:checking '/home/thanhtan/ros_ws/install/my_bot/bin'
[1.166s] Level 1:colcon.colcon_core.environment:checking '/home/thanhtan/ros_ws/install/my_bot/lib/pkgconfig/my_bot.pc'
[1.166s] Level 1:colcon.colcon_core.environment:checking '/home/thanhtan/ros_ws/install/my_bot/lib/python3.8/site-packages'
[1.166s] Level 1:colcon.colcon_core.environment:checking '/home/thanhtan/ros_ws/install/my_bot/bin'
[1.166s] INFO:colcon.colcon_core.shell:Creating package script '/home/thanhtan/ros_ws/install/my_bot/share/my_bot/package.ps1'
[1.167s] INFO:colcon.colcon_core.shell:Creating package descriptor '/home/thanhtan/ros_ws/install/my_bot/share/my_bot/package.dsv'
[1.167s] INFO:colcon.colcon_core.shell:Creating package script '/home/thanhtan/ros_ws/install/my_bot/share/my_bot/package.sh'
[1.168s] INFO:colcon.colcon_core.shell:Creating package script '/home/thanhtan/ros_ws/install/my_bot/share/my_bot/package.bash'
[1.168s] INFO:colcon.colcon_core.shell:Creating package script '/home/thanhtan/ros_ws/install/my_bot/share/my_bot/package.zsh'
[1.168s] Level 1:colcon.colcon_core.environment:create_file_with_runtime_dependencies(/home/thanhtan/ros_ws/install/my_bot/share/colcon-core/packages/my_bot)
[1.757s] DEBUG:colcon.colcon_core.event_handler.log_command:Invoked command in '/home/thanhtan/ros_ws/build/serial_motor_demo_msgs' returned '0': CMAKE_PREFIX_PATH=${CMAKE_PREFIX_PATH}:/opt/ros/foxy PS1=\[\e]0;\u@\h: \w\a\]${debian_chroot:+($debian_chroot)}\[\033[01;32m\]\u@\h\[\033[00m\]:\[\033[01;34m\]\w\[\033[00m\]\$ /usr/bin/cmake /home/thanhtan/ros_ws/src/serial_motor_demo/serial_motor_demo_msgs -DCMAKE_INSTALL_PREFIX=/home/thanhtan/ros_ws/install/serial_motor_demo_msgs
[1.760s] DEBUG:colcon.colcon_core.event_handler.log_command:Invoking command in '/home/thanhtan/ros_ws/build/serial_motor_demo_msgs': CMAKE_PREFIX_PATH=${CMAKE_PREFIX_PATH}:/opt/ros/foxy PS1=\[\e]0;\u@\h: \w\a\]${debian_chroot:+($debian_chroot)}\[\033[01;32m\]\u@\h\[\033[00m\]:\[\033[01;34m\]\w\[\033[00m\]\$ /usr/bin/cmake --build /home/thanhtan/ros_ws/build/serial_motor_demo_msgs -- -j12 -l12
[4.601s] DEBUG:colcon.colcon_core.event_handler.log_command:Invoked command in '/home/thanhtan/ros_ws/build/serial_motor_demo_msgs' returned '0': CMAKE_PREFIX_PATH=${CMAKE_PREFIX_PATH}:/opt/ros/foxy PS1=\[\e]0;\u@\h: \w\a\]${debian_chroot:+($debian_chroot)}\[\033[01;32m\]\u@\h\[\033[00m\]:\[\033[01;34m\]\w\[\033[00m\]\$ /usr/bin/cmake --build /home/thanhtan/ros_ws/build/serial_motor_demo_msgs -- -j12 -l12
[4.691s] DEBUG:colcon.colcon_core.event_handler.log_command:Invoking command in '/home/thanhtan/ros_ws/build/serial_motor_demo_msgs': CMAKE_PREFIX_PATH=${CMAKE_PREFIX_PATH}:/opt/ros/foxy PS1=\[\e]0;\u@\h: \w\a\]${debian_chroot:+($debian_chroot)}\[\033[01;32m\]\u@\h\[\033[00m\]:\[\033[01;34m\]\w\[\033[00m\]\$ /usr/bin/cmake --install /home/thanhtan/ros_ws/build/serial_motor_demo_msgs
[4.748s] Level 1:colcon.colcon_core.environment:create_environment_scripts_only(serial_motor_demo_msgs)
[4.749s] Level 1:colcon.colcon_core.environment:checking '/home/thanhtan/ros_ws/install/serial_motor_demo_msgs' for CMake module files
[4.749s] DEBUG:colcon.colcon_core.event_handler.log_command:Invoked command in '/home/thanhtan/ros_ws/build/serial_motor_demo_msgs' returned '0': CMAKE_PREFIX_PATH=${CMAKE_PREFIX_PATH}:/opt/ros/foxy PS1=\[\e]0;\u@\h: \w\a\]${debian_chroot:+($debian_chroot)}\[\033[01;32m\]\u@\h\[\033[00m\]:\[\033[01;34m\]\w\[\033[00m\]\$ /usr/bin/cmake --install /home/thanhtan/ros_ws/build/serial_motor_demo_msgs
[4.750s] Level 1:colcon.colcon_core.environment:checking '/home/thanhtan/ros_ws/install/serial_motor_demo_msgs' for CMake config files
[4.750s] Level 1:colcon.colcon_core.shell:create_environment_hook('serial_motor_demo_msgs', 'cmake_prefix_path')
[4.751s] INFO:colcon.colcon_core.shell:Creating environment hook '/home/thanhtan/ros_ws/install/serial_motor_demo_msgs/share/serial_motor_demo_msgs/hook/cmake_prefix_path.ps1'
[4.751s] INFO:colcon.colcon_core.shell:Creating environment descriptor '/home/thanhtan/ros_ws/install/serial_motor_demo_msgs/share/serial_motor_demo_msgs/hook/cmake_prefix_path.dsv'
[4.751s] INFO:colcon.colcon_core.shell:Creating environment hook '/home/thanhtan/ros_ws/install/serial_motor_demo_msgs/share/serial_motor_demo_msgs/hook/cmake_prefix_path.sh'
[4.752s] Level 1:colcon.colcon_core.environment:checking '/home/thanhtan/ros_ws/install/serial_motor_demo_msgs/lib'
[4.752s] Level 1:colcon.colcon_core.shell:create_environment_hook('serial_motor_demo_msgs', 'ld_library_path_lib')
[4.752s] INFO:colcon.colcon_core.shell:Creating environment hook '/home/thanhtan/ros_ws/install/serial_motor_demo_msgs/share/serial_motor_demo_msgs/hook/ld_library_path_lib.ps1'
[4.753s] INFO:colcon.colcon_core.shell:Creating environment descriptor '/home/thanhtan/ros_ws/install/serial_motor_demo_msgs/share/serial_motor_demo_msgs/hook/ld_library_path_lib.dsv'
[4.753s] INFO:colcon.colcon_core.shell:Creating environment hook '/home/thanhtan/ros_ws/install/serial_motor_demo_msgs/share/serial_motor_demo_msgs/hook/ld_library_path_lib.sh'
[4.753s] Level 1:colcon.colcon_core.environment:checking '/home/thanhtan/ros_ws/install/serial_motor_demo_msgs/bin'
[4.754s] Level 1:colcon.colcon_core.environment:checking '/home/thanhtan/ros_ws/install/serial_motor_demo_msgs/lib/pkgconfig/serial_motor_demo_msgs.pc'
[4.754s] Level 1:colcon.colcon_core.environment:checking '/home/thanhtan/ros_ws/install/serial_motor_demo_msgs/lib/python3.8/site-packages'
[4.754s] Level 1:colcon.colcon_core.shell:create_environment_hook('serial_motor_demo_msgs', 'pythonpath')
[4.754s] INFO:colcon.colcon_core.shell:Creating environment hook '/home/thanhtan/ros_ws/install/serial_motor_demo_msgs/share/serial_motor_demo_msgs/hook/pythonpath.ps1'
[4.754s] INFO:colcon.colcon_core.shell:Creating environment descriptor '/home/thanhtan/ros_ws/install/serial_motor_demo_msgs/share/serial_motor_demo_msgs/hook/pythonpath.dsv'
[4.755s] INFO:colcon.colcon_core.shell:Creating environment hook '/home/thanhtan/ros_ws/install/serial_motor_demo_msgs/share/serial_motor_demo_msgs/hook/pythonpath.sh'
[4.755s] Level 1:colcon.colcon_core.environment:checking '/home/thanhtan/ros_ws/install/serial_motor_demo_msgs/bin'
[4.755s] INFO:colcon.colcon_core.shell:Creating package script '/home/thanhtan/ros_ws/install/serial_motor_demo_msgs/share/serial_motor_demo_msgs/package.ps1'
[4.756s] INFO:colcon.colcon_core.shell:Creating package descriptor '/home/thanhtan/ros_ws/install/serial_motor_demo_msgs/share/serial_motor_demo_msgs/package.dsv'
[4.756s] INFO:colcon.colcon_core.shell:Creating package script '/home/thanhtan/ros_ws/install/serial_motor_demo_msgs/share/serial_motor_demo_msgs/package.sh'
[4.757s] INFO:colcon.colcon_core.shell:Creating package script '/home/thanhtan/ros_ws/install/serial_motor_demo_msgs/share/serial_motor_demo_msgs/package.bash'
[4.757s] INFO:colcon.colcon_core.shell:Creating package script '/home/thanhtan/ros_ws/install/serial_motor_demo_msgs/share/serial_motor_demo_msgs/package.zsh'
[4.757s] Level 1:colcon.colcon_core.environment:create_file_with_runtime_dependencies(/home/thanhtan/ros_ws/install/serial_motor_demo_msgs/share/colcon-core/packages/serial_motor_demo_msgs)
[4.847s] Level 1:colcon.colcon_core.environment:create_environment_scripts_only(serial_motor_demo_msgs)
[4.847s] Level 1:colcon.colcon_core.environment:checking '/home/thanhtan/ros_ws/install/serial_motor_demo_msgs' for CMake module files
[4.848s] Level 1:colcon.colcon_core.environment:checking '/home/thanhtan/ros_ws/install/serial_motor_demo_msgs' for CMake config files
[4.849s] Level 1:colcon.colcon_core.shell:create_environment_hook('serial_motor_demo_msgs', 'cmake_prefix_path')
[4.849s] INFO:colcon.colcon_core.shell:Creating environment hook '/home/thanhtan/ros_ws/install/serial_motor_demo_msgs/share/serial_motor_demo_msgs/hook/cmake_prefix_path.ps1'
[4.850s] INFO:colcon.colcon_core.shell:Creating environment descriptor '/home/thanhtan/ros_ws/install/serial_motor_demo_msgs/share/serial_motor_demo_msgs/hook/cmake_prefix_path.dsv'
[4.850s] INFO:colcon.colcon_core.shell:Creating environment hook '/home/thanhtan/ros_ws/install/serial_motor_demo_msgs/share/serial_motor_demo_msgs/hook/cmake_prefix_path.sh'
[4.852s] Level 1:colcon.colcon_core.environment:checking '/home/thanhtan/ros_ws/install/serial_motor_demo_msgs/lib'
[4.852s] Level 1:colcon.colcon_core.shell:create_environment_hook('serial_motor_demo_msgs', 'ld_library_path_lib')
[4.852s] INFO:colcon.colcon_core.shell:Creating environment hook '/home/thanhtan/ros_ws/install/serial_motor_demo_msgs/share/serial_motor_demo_msgs/hook/ld_library_path_lib.ps1'
[4.853s] INFO:colcon.colcon_core.shell:Creating environment descriptor '/home/thanhtan/ros_ws/install/serial_motor_demo_msgs/share/serial_motor_demo_msgs/hook/ld_library_path_lib.dsv'
[4.853s] INFO:colcon.colcon_core.shell:Creating environment hook '/home/thanhtan/ros_ws/install/serial_motor_demo_msgs/share/serial_motor_demo_msgs/hook/ld_library_path_lib.sh'
[4.853s] Level 1:colcon.colcon_core.environment:checking '/home/thanhtan/ros_ws/install/serial_motor_demo_msgs/bin'
[4.853s] Level 1:colcon.colcon_core.environment:checking '/home/thanhtan/ros_ws/install/serial_motor_demo_msgs/lib/pkgconfig/serial_motor_demo_msgs.pc'
[4.853s] Level 1:colcon.colcon_core.environment:checking '/home/thanhtan/ros_ws/install/serial_motor_demo_msgs/lib/python3.8/site-packages'
[4.854s] Level 1:colcon.colcon_core.shell:create_environment_hook('serial_motor_demo_msgs', 'pythonpath')
[4.854s] INFO:colcon.colcon_core.shell:Creating environment hook '/home/thanhtan/ros_ws/install/serial_motor_demo_msgs/share/serial_motor_demo_msgs/hook/pythonpath.ps1'
[4.854s] INFO:colcon.colcon_core.shell:Creating environment descriptor '/home/thanhtan/ros_ws/install/serial_motor_demo_msgs/share/serial_motor_demo_msgs/hook/pythonpath.dsv'
[4.854s] INFO:colcon.colcon_core.shell:Creating environment hook '/home/thanhtan/ros_ws/install/serial_motor_demo_msgs/share/serial_motor_demo_msgs/hook/pythonpath.sh'
[4.855s] Level 1:colcon.colcon_core.environment:checking '/home/thanhtan/ros_ws/install/serial_motor_demo_msgs/bin'
[4.855s] INFO:colcon.colcon_core.shell:Creating package script '/home/thanhtan/ros_ws/install/serial_motor_demo_msgs/share/serial_motor_demo_msgs/package.ps1'
[4.855s] INFO:colcon.colcon_core.shell:Creating package descriptor '/home/thanhtan/ros_ws/install/serial_motor_demo_msgs/share/serial_motor_demo_msgs/package.dsv'
[4.856s] INFO:colcon.colcon_core.shell:Creating package script '/home/thanhtan/ros_ws/install/serial_motor_demo_msgs/share/serial_motor_demo_msgs/package.sh'
[4.856s] INFO:colcon.colcon_core.shell:Creating package script '/home/thanhtan/ros_ws/install/serial_motor_demo_msgs/share/serial_motor_demo_msgs/package.bash'
[4.856s] INFO:colcon.colcon_core.shell:Creating package script '/home/thanhtan/ros_ws/install/serial_motor_demo_msgs/share/serial_motor_demo_msgs/package.zsh'
[4.857s] Level 1:colcon.colcon_core.environment:create_file_with_runtime_dependencies(/home/thanhtan/ros_ws/install/serial_motor_demo_msgs/share/colcon-core/packages/serial_motor_demo_msgs)
[4.857s] INFO:colcon.colcon_ros.task.ament_python.build:Building ROS package in '/home/thanhtan/ros_ws/src/serial_motor_demo/serial_motor_demo' with build type 'ament_python'
[4.857s] Level 1:colcon.colcon_core.shell:create_environment_hook('serial_motor_demo', 'ament_prefix_path')
[4.857s] INFO:colcon.colcon_core.shell:Creating environment hook '/home/thanhtan/ros_ws/install/serial_motor_demo/share/serial_motor_demo/hook/ament_prefix_path.ps1'
[4.858s] INFO:colcon.colcon_core.shell:Creating environment descriptor '/home/thanhtan/ros_ws/install/serial_motor_demo/share/serial_motor_demo/hook/ament_prefix_path.dsv'
[4.858s] INFO:colcon.colcon_core.shell:Creating environment hook '/home/thanhtan/ros_ws/install/serial_motor_demo/share/serial_motor_demo/hook/ament_prefix_path.sh'
[4.858s] INFO:colcon.colcon_core.shell:Skip shell extension 'powershell' for command environment: Not usable outside of PowerShell
[4.859s] DEBUG:colcon.colcon_core.shell:Skip shell extension 'dsv' for command environment
[5.050s] INFO:colcon.colcon_core.task.python.build:Building Python package in '/home/thanhtan/ros_ws/src/serial_motor_demo/serial_motor_demo'
[5.050s] INFO:colcon.colcon_core.shell:Skip shell extension 'powershell' for command environment: Not usable outside of PowerShell
[5.050s] DEBUG:colcon.colcon_core.shell:Skip shell extension 'dsv' for command environment
[5.559s] DEBUG:colcon.colcon_core.event_handler.log_command:Invoking command in '/home/thanhtan/ros_ws/src/serial_motor_demo/serial_motor_demo': PS1=\[\e]0;\u@\h: \w\a\]${debian_chroot:+($debian_chroot)}\[\033[01;32m\]\u@\h\[\033[00m\]:\[\033[01;34m\]\w\[\033[00m\]\$ PYTHONPATH=/home/thanhtan/ros_ws/build/serial_motor_demo/prefix_override:/usr/lib/python3/dist-packages/colcon_core/task/python/colcon_distutils_commands:/home/thanhtan/ros_ws/install/serial_motor_demo/lib/python3.8/site-packages:${PYTHONPATH} /usr/bin/python3 -W ignore:setup.py install is deprecated setup.py egg_info --egg-base ../../../build/serial_motor_demo build --build-base /home/thanhtan/ros_ws/build/serial_motor_demo/build install --record /home/thanhtan/ros_ws/build/serial_motor_demo/install.log --install-scripts $base/lib/serial_motor_demo --single-version-externally-managed install_data
[5.892s] DEBUG:colcon.colcon_core.event_handler.log_command:Invoked command in '/home/thanhtan/ros_ws/src/serial_motor_demo/serial_motor_demo' returned '1': PS1=\[\e]0;\u@\h: \w\a\]${debian_chroot:+($debian_chroot)}\[\033[01;32m\]\u@\h\[\033[00m\]:\[\033[01;34m\]\w\[\033[00m\]\$ PYTHONPATH=/home/thanhtan/ros_ws/build/serial_motor_demo/prefix_override:/usr/lib/python3/dist-packages/colcon_core/task/python/colcon_distutils_commands:/home/thanhtan/ros_ws/install/serial_motor_demo/lib/python3.8/site-packages:${PYTHONPATH} /usr/bin/python3 -W ignore:setup.py install is deprecated setup.py egg_info --egg-base ../../../build/serial_motor_demo build --build-base /home/thanhtan/ros_ws/build/serial_motor_demo/build install --record /home/thanhtan/ros_ws/build/serial_motor_demo/install.log --install-scripts $base/lib/serial_motor_demo --single-version-externally-managed install_data
[5.902s] DEBUG:colcon.colcon_parallel_executor.executor.parallel:closing loop
[5.902s] DEBUG:colcon.colcon_parallel_executor.executor.parallel:loop closed
[5.902s] DEBUG:colcon.colcon_parallel_executor.executor.parallel:run_until_complete finished with '1'
[5.903s] DEBUG:colcon.colcon_core.event_reactor:joining thread
[5.914s] INFO:colcon.colcon_core.plugin_system:Skipping extension 'colcon_notification.desktop_notification.terminal_notifier': Not used on non-Darwin systems
[5.914s] INFO:colcon.colcon_core.plugin_system:Skipping extension 'colcon_notification.desktop_notification.win32': Not used on non-Windows systems
[5.914s] INFO:colcon.colcon_notification.desktop_notification:Sending desktop notification using 'notify2'
[5.933s] DEBUG:colcon.colcon_core.event_reactor:joined thread
[5.934s] INFO:colcon.colcon_core.shell:Creating prefix script '/home/thanhtan/ros_ws/install/local_setup.ps1'
[5.935s] INFO:colcon.colcon_core.shell:Creating prefix util module '/home/thanhtan/ros_ws/install/_local_setup_util_ps1.py'
[5.936s] INFO:colcon.colcon_core.shell:Creating prefix chain script '/home/thanhtan/ros_ws/install/setup.ps1'
[5.937s] INFO:colcon.colcon_core.shell:Creating prefix script '/home/thanhtan/ros_ws/install/local_setup.sh'
[5.937s] INFO:colcon.colcon_core.shell:Creating prefix util module '/home/thanhtan/ros_ws/install/_local_setup_util_sh.py'
[5.938s] INFO:colcon.colcon_core.shell:Creating prefix chain script '/home/thanhtan/ros_ws/install/setup.sh'
[5.940s] INFO:colcon.colcon_core.shell:Creating prefix script '/home/thanhtan/ros_ws/install/local_setup.bash'
[5.940s] INFO:colcon.colcon_core.shell:Creating prefix chain script '/home/thanhtan/ros_ws/install/setup.bash'
[5.941s] INFO:colcon.colcon_core.shell:Creating prefix script '/home/thanhtan/ros_ws/install/local_setup.zsh'
[5.942s] INFO:colcon.colcon_core.shell:Creating prefix chain script '/home/thanhtan/ros_ws/install/setup.zsh'
