/home/thanhtan/.local/lib/python3.8/site-packages/setuptools/_distutils/dist.py:268: UserWarning: Unknown distribution option: 'tests_require'
  warnings.warn(msg)
running egg_info
writing ../../../build/serial_motor_demo/serial_motor_demo.egg-info/PKG-INFO
writing dependency_links to ../../../build/serial_motor_demo/serial_motor_demo.egg-info/dependency_links.txt
writing entry points to ../../../build/serial_motor_demo/serial_motor_demo.egg-info/entry_points.txt
writing requirements to ../../../build/serial_motor_demo/serial_motor_demo.egg-info/requires.txt
writing top-level names to ../../../build/serial_motor_demo/serial_motor_demo.egg-info/top_level.txt
reading manifest file '../../../build/serial_motor_demo/serial_motor_demo.egg-info/SOURCES.txt'
Traceback (most recent call last):
  File "setup.py", line 5, in <module>
    setup(
  File "/home/thanhtan/.local/lib/python3.8/site-packages/setuptools/__init__.py", line 108, in setup
    return distutils.core.setup(**attrs)
  File "/home/thanhtan/.local/lib/python3.8/site-packages/setuptools/_distutils/core.py", line 184, in setup
    return run_commands(dist)
  File "/home/thanhtan/.local/lib/python3.8/site-packages/setuptools/_distutils/core.py", line 200, in run_commands
    dist.run_commands()
  File "/home/thanhtan/.local/lib/python3.8/site-packages/setuptools/_distutils/dist.py", line 964, in run_commands
    self.run_command(cmd)
  File "/home/thanhtan/.local/lib/python3.8/site-packages/setuptools/dist.py", line 945, in run_command
    super().run_command(command)
  File "/home/thanhtan/.local/lib/python3.8/site-packages/setuptools/_distutils/dist.py", line 983, in run_command
    cmd_obj.run()
  File "/home/thanhtan/.local/lib/python3.8/site-packages/setuptools/command/egg_info.py", line 310, in run
    self.find_sources()
  File "/home/thanhtan/.local/lib/python3.8/site-packages/setuptools/command/egg_info.py", line 318, in find_sources
    mm.run()
  File "/home/thanhtan/.local/lib/python3.8/site-packages/setuptools/command/egg_info.py", line 544, in run
    self.prune_file_list()
  File "/home/thanhtan/.local/lib/python3.8/site-packages/setuptools/command/egg_info.py", line 610, in prune_file_list
    base_dir = self.distribution.get_fullname()
  File "/home/thanhtan/.local/lib/python3.8/site-packages/setuptools/_core_metadata.py", line 266, in get_fullname
    return _distribution_fullname(self.get_name(), self.get_version())
  File "/home/thanhtan/.local/lib/python3.8/site-packages/setuptools/_core_metadata.py", line 284, in _distribution_fullname
    canonicalize_version(version, strip_trailing_zero=False),
TypeError: canonicalize_version() got an unexpected keyword argument 'strip_trailing_zero'
