[0.679s] Invoking command in '/home/thanhtan/ros_ws/build/serial_motor_demo': PYTHONPATH=/home/thanhtan/ros_ws/build/serial_motor_demo/prefix_override:/usr/lib/python3/dist-packages/colcon_core/task/python/colcon_distutils_commands:/home/thanhtan/ros_ws/install/serial_motor_demo/lib/python3.8/site-packages:/home/thanhtan/ros_ws/install/serial_motor_demo_msgs/lib/python3.8/site-packages:/home/thanhtan/ros_ws/build/serial_motor_demo:/home/thanhtan/ros_ws/install/serial_motor_demo/lib/python3.8/site-packages:/opt/ros/foxy/lib/python3.8/site-packages /usr/bin/python3 -W ignore:setup.py install is deprecated setup.py develop --editable --build-directory /home/thanhtan/ros_ws/build/serial_motor_demo/build --no-deps symlink_data
[0.913s] running develop
[0.913s] /home/thanhtan/.local/lib/python3.8/site-packages/setuptools/command/easy_install.py:144: EasyInstallDeprecationWarning: easy_install command is deprecated. Use build and pip and other standards-based tools.
[0.913s]   warnings.warn(
[1.050s] running egg_info
[1.059s] writing serial_motor_demo.egg-info/PKG-INFO
[1.059s] writing dependency_links to serial_motor_demo.egg-info/dependency_links.txt
[1.059s] writing entry points to serial_motor_demo.egg-info/entry_points.txt
[1.059s] writing requirements to serial_motor_demo.egg-info/requires.txt
[1.060s] writing top-level names to serial_motor_demo.egg-info/top_level.txt
[1.079s] reading manifest file 'serial_motor_demo.egg-info/SOURCES.txt'
[1.080s] writing manifest file 'serial_motor_demo.egg-info/SOURCES.txt'
[1.121s] running build_ext
[1.121s] Creating /home/thanhtan/ros_ws/install/serial_motor_demo/lib/python3.8/site-packages/serial-motor-demo.egg-link (link to .)
[1.122s] Installing driver script to /home/thanhtan/ros_ws/install/serial_motor_demo/lib/serial_motor_demo
[1.122s] Installing gui script to /home/thanhtan/ros_ws/install/serial_motor_demo/lib/serial_motor_demo
[1.123s] 
[1.123s] Installed /home/thanhtan/ros_ws/build/serial_motor_demo
[1.123s] running symlink_data
[1.153s] Invoked command in '/home/thanhtan/ros_ws/build/serial_motor_demo' returned '0': PYTHONPATH=/home/thanhtan/ros_ws/build/serial_motor_demo/prefix_override:/usr/lib/python3/dist-packages/colcon_core/task/python/colcon_distutils_commands:/home/thanhtan/ros_ws/install/serial_motor_demo/lib/python3.8/site-packages:/home/thanhtan/ros_ws/install/serial_motor_demo_msgs/lib/python3.8/site-packages:/home/thanhtan/ros_ws/build/serial_motor_demo:/home/thanhtan/ros_ws/install/serial_motor_demo/lib/python3.8/site-packages:/opt/ros/foxy/lib/python3.8/site-packages /usr/bin/python3 -W ignore:setup.py install is deprecated setup.py develop --editable --build-directory /home/thanhtan/ros_ws/build/serial_motor_demo/build --no-deps symlink_data
