[0.019s] Invoking command in '/home/thanhtan/ros_ws/build/my_bot': CMAKE_PREFIX_PATH=${CMAKE_PREFIX_PATH}:/home/thanhtan/ros_ws/install/serial_motor_demo:/opt/ros/foxy /usr/bin/cmake /home/thanhtan/ros_ws/src/my_bot -DAMENT_CMAKE_SYMLINK_INSTALL=1 -DCMAKE_INSTALL_PREFIX=/home/thanhtan/ros_ws/install/my_bot
[0.045s] -- Found ament_cmake: 0.9.12 (/opt/ros/foxy/share/ament_cmake/cmake)
[0.069s] -- Using PYTHON_EXECUTABLE: /usr/bin/python3
[0.219s] -- Override CMake install command with custom implementation using symlinks instead of copying resources
[0.234s] -- Found ament_lint_auto: 0.9.8 (/opt/ros/foxy/share/ament_lint_auto/cmake)
[0.303s] -- Added test 'copyright' to check source files copyright and LICENSE
[0.306s] -- Added test 'flake8' to check Python code syntax and style conventions
[0.306s] -- Added test 'lint_cmake' to check CMake code style
[0.306s] -- Added test 'pep257' to check Python code against some of the style conventions in PEP 257
[0.308s] -- Added test 'xmllint' to check XML markup files
[0.310s] -- Configuring done
[0.314s] -- Generating done
[0.315s] -- Build files have been written to: /home/thanhtan/ros_ws/build/my_bot
[0.318s] Invoked command in '/home/thanhtan/ros_ws/build/my_bot' returned '0': CMAKE_PREFIX_PATH=${CMAKE_PREFIX_PATH}:/home/thanhtan/ros_ws/install/serial_motor_demo:/opt/ros/foxy /usr/bin/cmake /home/thanhtan/ros_ws/src/my_bot -DAMENT_CMAKE_SYMLINK_INSTALL=1 -DCMAKE_INSTALL_PREFIX=/home/thanhtan/ros_ws/install/my_bot
[0.322s] Invoking command in '/home/thanhtan/ros_ws/build/my_bot': CMAKE_PREFIX_PATH=${CMAKE_PREFIX_PATH}:/home/thanhtan/ros_ws/install/serial_motor_demo:/opt/ros/foxy /usr/bin/cmake --build /home/thanhtan/ros_ws/build/my_bot -- -j12 -l12
[0.360s] Invoked command in '/home/thanhtan/ros_ws/build/my_bot' returned '0': CMAKE_PREFIX_PATH=${CMAKE_PREFIX_PATH}:/home/thanhtan/ros_ws/install/serial_motor_demo:/opt/ros/foxy /usr/bin/cmake --build /home/thanhtan/ros_ws/build/my_bot -- -j12 -l12
[0.397s] Invoking command in '/home/thanhtan/ros_ws/build/my_bot': CMAKE_PREFIX_PATH=${CMAKE_PREFIX_PATH}:/home/thanhtan/ros_ws/install/serial_motor_demo:/opt/ros/foxy /usr/bin/cmake --install /home/thanhtan/ros_ws/build/my_bot
[0.404s] -- Install configuration: ""
[0.404s] -- Execute custom install script
[0.404s] -- Up-to-date symlink: /home/thanhtan/ros_ws/install/my_bot/share/my_bot/config/empty.yaml
[0.405s] -- Up-to-date symlink: /home/thanhtan/ros_ws/install/my_bot/share/my_bot/config/my_controllers.yaml
[0.405s] -- Up-to-date symlink: /home/thanhtan/ros_ws/install/my_bot/share/my_bot/config/view_robot_rviz.rviz
[0.405s] -- Up-to-date symlink: /home/thanhtan/ros_ws/install/my_bot/share/my_bot/description/camera.xacro
[0.406s] -- Up-to-date symlink: /home/thanhtan/ros_ws/install/my_bot/share/my_bot/description/gazebo_control.xacro
[0.406s] -- Up-to-date symlink: /home/thanhtan/ros_ws/install/my_bot/share/my_bot/description/inertial_macros.xacro
[0.406s] -- Up-to-date symlink: /home/thanhtan/ros_ws/install/my_bot/share/my_bot/description/lidar.xacro
[0.406s] -- Up-to-date symlink: /home/thanhtan/ros_ws/install/my_bot/share/my_bot/description/robot.urdf.xacro
[0.407s] -- Up-to-date symlink: /home/thanhtan/ros_ws/install/my_bot/share/my_bot/description/robot_core.xacro
[0.407s] -- Up-to-date symlink: /home/thanhtan/ros_ws/install/my_bot/share/my_bot/description/ros2_control.xacro
[0.407s] -- Up-to-date symlink: /home/thanhtan/ros_ws/install/my_bot/share/my_bot/launch/launch_sim.launch.py
[0.407s] -- Up-to-date symlink: /home/thanhtan/ros_ws/install/my_bot/share/my_bot/launch/listener.launch.py
[0.408s] -- Up-to-date symlink: /home/thanhtan/ros_ws/install/my_bot/share/my_bot/launch/rsp.launch.py
[0.408s] -- Up-to-date symlink: /home/thanhtan/ros_ws/install/my_bot/share/my_bot/launch/talker.launch.py
[0.408s] -- Up-to-date symlink: /home/thanhtan/ros_ws/install/my_bot/share/my_bot/worlds/empty.world
[0.408s] -- Up-to-date symlink: /home/thanhtan/ros_ws/install/my_bot/share/my_bot/worlds/world_1
[0.408s] -- Up-to-date symlink: /home/thanhtan/ros_ws/install/my_bot/share/ament_index/resource_index/package_run_dependencies/my_bot
[0.409s] -- Up-to-date symlink: /home/thanhtan/ros_ws/install/my_bot/share/ament_index/resource_index/parent_prefix_path/my_bot
[0.409s] -- Up-to-date symlink: /home/thanhtan/ros_ws/install/my_bot/share/my_bot/environment/ament_prefix_path.sh
[0.409s] -- Up-to-date symlink: /home/thanhtan/ros_ws/install/my_bot/share/my_bot/environment/ament_prefix_path.dsv
[0.409s] -- Up-to-date symlink: /home/thanhtan/ros_ws/install/my_bot/share/my_bot/environment/path.sh
[0.410s] -- Up-to-date symlink: /home/thanhtan/ros_ws/install/my_bot/share/my_bot/environment/path.dsv
[0.410s] -- Up-to-date symlink: /home/thanhtan/ros_ws/install/my_bot/share/my_bot/local_setup.bash
[0.410s] -- Up-to-date symlink: /home/thanhtan/ros_ws/install/my_bot/share/my_bot/local_setup.sh
[0.410s] -- Up-to-date symlink: /home/thanhtan/ros_ws/install/my_bot/share/my_bot/local_setup.zsh
[0.411s] -- Up-to-date symlink: /home/thanhtan/ros_ws/install/my_bot/share/my_bot/local_setup.dsv
[0.411s] -- Symlinking: /home/thanhtan/ros_ws/install/my_bot/share/my_bot/package.dsv
[0.420s] -- Up-to-date symlink: /home/thanhtan/ros_ws/install/my_bot/share/ament_index/resource_index/packages/my_bot
[0.420s] -- Up-to-date symlink: /home/thanhtan/ros_ws/install/my_bot/share/my_bot/cmake/my_botConfig.cmake
[0.421s] -- Up-to-date symlink: /home/thanhtan/ros_ws/install/my_bot/share/my_bot/cmake/my_botConfig-version.cmake
[0.421s] -- Up-to-date symlink: /home/thanhtan/ros_ws/install/my_bot/share/my_bot/package.xml
[0.423s] Invoked command in '/home/thanhtan/ros_ws/build/my_bot' returned '0': CMAKE_PREFIX_PATH=${CMAKE_PREFIX_PATH}:/home/thanhtan/ros_ws/install/serial_motor_demo:/opt/ros/foxy /usr/bin/cmake --install /home/thanhtan/ros_ws/build/my_bot
