[0.016s] Invoking command in '/home/thanhtan/ros_ws/build/serial_motor_demo_msgs': CMAKE_PREFIX_PATH=${CMAKE_PREFIX_PATH}:/opt/ros/foxy PS1=\[\e]0;\u@\h: \w\a\]${debian_chroot:+($debian_chroot)}\[\033[01;32m\]\u@\h\[\033[00m\]:\[\033[01;34m\]\w\[\033[00m\]\$ /usr/bin/cmake /home/thanhtan/ros_ws/src/serial_motor_demo/serial_motor_demo_msgs -DCMAKE_INSTALL_PREFIX=/home/thanhtan/ros_ws/install/serial_motor_demo_msgs
[0.078s] -- The C compiler identification is GNU 9.4.0
[0.133s] -- The CXX compiler identification is GNU 9.4.0
[0.138s] -- Check for working C compiler: /usr/bin/cc
[0.208s] -- Check for working C compiler: /usr/bin/cc -- works
[0.209s] -- Detecting C compiler ABI info
[0.276s] -- Detecting C compiler ABI info - done
[0.288s] -- Detecting C compile features
[0.289s] -- Detecting C compile features - done
[0.291s] -- Check for working CXX compiler: /usr/bin/c++
[0.386s] -- Check for working CXX compiler: /usr/bin/c++ -- works
[0.387s] -- Detecting CXX compiler ABI info
[0.465s] -- Detecting CXX compiler ABI info - done
[0.474s] -- Detecting CXX compile features
[0.474s] -- Detecting CXX compile features - done
[0.477s] -- Found ament_cmake: 0.9.12 (/opt/ros/foxy/share/ament_cmake/cmake)
[0.500s] -- Found PythonInterp: /usr/bin/python3 (found suitable version "3.8.10", minimum required is "3") 
[0.500s] -- Using PYTHON_EXECUTABLE: /usr/bin/python3
[0.693s] -- Found ament_lint_auto: 0.9.8 (/opt/ros/foxy/share/ament_lint_auto/cmake)
[0.763s] -- Found rosidl_default_generators: 1.0.1 (/opt/ros/foxy/share/rosidl_default_generators/cmake)
[0.766s] -- Using all available rosidl_typesupport_c: rosidl_typesupport_fastrtps_c;rosidl_typesupport_introspection_c
[0.774s] -- Found rosidl_adapter: 1.3.1 (/opt/ros/foxy/share/rosidl_adapter/cmake)
[0.875s] -- Found OpenSSL: /usr/lib/x86_64-linux-gnu/libcrypto.so (found version "1.1.1f")  
[0.905s] -- Found FastRTPS: /opt/ros/foxy/include  
[0.976s] -- Using all available rosidl_typesupport_cpp: rosidl_typesupport_fastrtps_cpp;rosidl_typesupport_introspection_cpp
[1.023s] -- Found PythonInterp: /usr/bin/python3 (found version "3.8.10") 
[1.091s] -- Found ament_cmake_ros: 0.9.2 (/opt/ros/foxy/share/ament_cmake_ros/cmake)
[1.195s] -- Using all available rosidl_typesupport_c: rosidl_typesupport_fastrtps_c;rosidl_typesupport_introspection_c
[1.202s] -- Using all available rosidl_typesupport_cpp: rosidl_typesupport_fastrtps_cpp;rosidl_typesupport_introspection_cpp
[1.231s] -- Found PythonInterp: /usr/bin/python3 (found suitable version "3.8.10", minimum required is "3.5") 
[1.235s] -- Found python_cmake_module: 0.8.1 (/opt/ros/foxy/share/python_cmake_module/cmake)
[1.272s] -- Found PythonLibs: /usr/lib/x86_64-linux-gnu/libpython3.8.so (found suitable version "3.8.10", minimum required is "3.5") 
[1.272s] -- Using PYTHON_EXECUTABLE: /usr/bin/python3
[1.272s] -- Using PYTHON_INCLUDE_DIRS: /usr/include/python3.8
[1.272s] -- Using PYTHON_LIBRARIES: /usr/lib/x86_64-linux-gnu/libpython3.8.so
[1.295s] -- Found PythonExtra: .so  
[1.435s] -- Added test 'copyright' to check source files copyright and LICENSE
[1.437s] -- Added test 'lint_cmake' to check CMake code style
[1.439s] -- Added test 'xmllint' to check XML markup files
[1.447s] -- Configuring done
[1.478s] -- Generating done
[1.480s] -- Build files have been written to: /home/thanhtan/ros_ws/build/serial_motor_demo_msgs
[1.488s] Invoked command in '/home/thanhtan/ros_ws/build/serial_motor_demo_msgs' returned '0': CMAKE_PREFIX_PATH=${CMAKE_PREFIX_PATH}:/opt/ros/foxy PS1=\[\e]0;\u@\h: \w\a\]${debian_chroot:+($debian_chroot)}\[\033[01;32m\]\u@\h\[\033[00m\]:\[\033[01;34m\]\w\[\033[00m\]\$ /usr/bin/cmake /home/thanhtan/ros_ws/src/serial_motor_demo/serial_motor_demo_msgs -DCMAKE_INSTALL_PREFIX=/home/thanhtan/ros_ws/install/serial_motor_demo_msgs
[1.491s] Invoking command in '/home/thanhtan/ros_ws/build/serial_motor_demo_msgs': CMAKE_PREFIX_PATH=${CMAKE_PREFIX_PATH}:/opt/ros/foxy PS1=\[\e]0;\u@\h: \w\a\]${debian_chroot:+($debian_chroot)}\[\033[01;32m\]\u@\h\[\033[00m\]:\[\033[01;34m\]\w\[\033[00m\]\$ /usr/bin/cmake --build /home/thanhtan/ros_ws/build/serial_motor_demo_msgs -- -j12 -l12
[1.536s] [35m[1mScanning dependencies of target serial_motor_demo_msgs__cpp[0m
[1.536s] [  2%] [34m[1mGenerating C code for ROS interfaces[0m
[1.549s] [  4%] [34m[1mGenerating C++ code for ROS interfaces[0m
[1.821s] [35m[1mScanning dependencies of target serial_motor_demo_msgs__rosidl_generator_c[0m
[1.836s] [  8%] [32mBuilding C object CMakeFiles/serial_motor_demo_msgs__rosidl_generator_c.dir/rosidl_generator_c/serial_motor_demo_msgs/msg/detail/motor_vels__functions.c.o[0m
[1.836s] [  8%] [32mBuilding C object CMakeFiles/serial_motor_demo_msgs__rosidl_generator_c.dir/rosidl_generator_c/serial_motor_demo_msgs/msg/detail/encoder_vals__functions.c.o[0m
[1.836s] [ 10%] [32mBuilding C object CMakeFiles/serial_motor_demo_msgs__rosidl_generator_c.dir/rosidl_generator_c/serial_motor_demo_msgs/msg/detail/motor_command__functions.c.o[0m
[1.840s] [ 10%] Built target serial_motor_demo_msgs__cpp
[1.851s] [ 17%] [34m[1mGenerating C++ introspection for ROS interfaces[0m
[1.852s] [ 17%] [34m[1mGenerating C++ type support dispatch for ROS interfaces[0m
[1.852s] [ 17%] [34m[1mGenerating C++ type support for eProsima Fast-RTPS[0m
[1.881s] [ 19%] [32m[1mLinking C shared library libserial_motor_demo_msgs__rosidl_generator_c.so[0m
[1.920s] [ 19%] Built target serial_motor_demo_msgs__rosidl_generator_c
[1.931s] [ 21%] [34m[1mGenerating C type support dispatch for ROS interfaces[0m
[1.932s] [ 23%] [34m[1mGenerating C introspection for ROS interfaces[0m
[2.072s] [35m[1mScanning dependencies of target serial_motor_demo_msgs__rosidl_typesupport_cpp[0m
[2.088s] [ 27%] [32mBuilding CXX object CMakeFiles/serial_motor_demo_msgs__rosidl_typesupport_cpp.dir/rosidl_typesupport_cpp/serial_motor_demo_msgs/msg/motor_vels__type_support.cpp.o[0m
[2.088s] [ 27%] [32mBuilding CXX object CMakeFiles/serial_motor_demo_msgs__rosidl_typesupport_cpp.dir/rosidl_typesupport_cpp/serial_motor_demo_msgs/msg/encoder_vals__type_support.cpp.o[0m
[2.088s] [35m[1mScanning dependencies of target serial_motor_demo_msgs__rosidl_typesupport_introspection_cpp[0m
[2.089s] [ 29%] [32mBuilding CXX object CMakeFiles/serial_motor_demo_msgs__rosidl_typesupport_cpp.dir/rosidl_typesupport_cpp/serial_motor_demo_msgs/msg/motor_command__type_support.cpp.o[0m
[2.107s] [ 31%] [32mBuilding CXX object CMakeFiles/serial_motor_demo_msgs__rosidl_typesupport_introspection_cpp.dir/rosidl_typesupport_introspection_cpp/serial_motor_demo_msgs/msg/detail/motor_vels__type_support.cpp.o[0m
[2.109s] [ 34%] [32mBuilding CXX object CMakeFiles/serial_motor_demo_msgs__rosidl_typesupport_introspection_cpp.dir/rosidl_typesupport_introspection_cpp/serial_motor_demo_msgs/msg/detail/motor_command__type_support.cpp.o[0m
[2.109s] [ 36%] [32mBuilding CXX object CMakeFiles/serial_motor_demo_msgs__rosidl_typesupport_introspection_cpp.dir/rosidl_typesupport_introspection_cpp/serial_motor_demo_msgs/msg/detail/encoder_vals__type_support.cpp.o[0m
[2.134s] [35m[1mScanning dependencies of target serial_motor_demo_msgs__rosidl_typesupport_fastrtps_cpp[0m
[2.159s] [ 38%] [32mBuilding CXX object CMakeFiles/serial_motor_demo_msgs__rosidl_typesupport_fastrtps_cpp.dir/rosidl_typesupport_fastrtps_cpp/serial_motor_demo_msgs/msg/detail/dds_fastrtps/motor_command__type_support.cpp.o[0m
[2.161s] [ 40%] [32mBuilding CXX object CMakeFiles/serial_motor_demo_msgs__rosidl_typesupport_fastrtps_cpp.dir/rosidl_typesupport_fastrtps_cpp/serial_motor_demo_msgs/msg/detail/dds_fastrtps/motor_vels__type_support.cpp.o[0m
[2.166s] [ 42%] [32mBuilding CXX object CMakeFiles/serial_motor_demo_msgs__rosidl_typesupport_fastrtps_cpp.dir/rosidl_typesupport_fastrtps_cpp/serial_motor_demo_msgs/msg/detail/dds_fastrtps/encoder_vals__type_support.cpp.o[0m
[2.201s] [35m[1mScanning dependencies of target serial_motor_demo_msgs__rosidl_typesupport_c[0m
[2.225s] [ 44%] [32mBuilding CXX object CMakeFiles/serial_motor_demo_msgs__rosidl_typesupport_c.dir/rosidl_typesupport_c/serial_motor_demo_msgs/msg/motor_command__type_support.cpp.o[0m
[2.228s] [ 46%] [32mBuilding CXX object CMakeFiles/serial_motor_demo_msgs__rosidl_typesupport_c.dir/rosidl_typesupport_c/serial_motor_demo_msgs/msg/motor_vels__type_support.cpp.o[0m
[2.275s] [ 48%] [32mBuilding CXX object CMakeFiles/serial_motor_demo_msgs__rosidl_typesupport_c.dir/rosidl_typesupport_c/serial_motor_demo_msgs/msg/encoder_vals__type_support.cpp.o[0m
[2.306s] [35m[1mScanning dependencies of target serial_motor_demo_msgs__rosidl_typesupport_introspection_c[0m
[2.327s] [ 51%] [32m[1mLinking CXX shared library libserial_motor_demo_msgs__rosidl_typesupport_c.so[0m
[2.370s] [ 53%] [32mBuilding C object CMakeFiles/serial_motor_demo_msgs__rosidl_typesupport_introspection_c.dir/rosidl_typesupport_introspection_c/serial_motor_demo_msgs/msg/detail/motor_command__type_support.c.o[0m
[2.376s] [ 55%] [32mBuilding C object CMakeFiles/serial_motor_demo_msgs__rosidl_typesupport_introspection_c.dir/rosidl_typesupport_introspection_c/serial_motor_demo_msgs/msg/detail/motor_vels__type_support.c.o[0m
[2.397s] [ 55%] Built target serial_motor_demo_msgs__rosidl_typesupport_c
[2.415s] [ 57%] [32mBuilding C object CMakeFiles/serial_motor_demo_msgs__rosidl_typesupport_introspection_c.dir/rosidl_typesupport_introspection_c/serial_motor_demo_msgs/msg/detail/encoder_vals__type_support.c.o[0m
[2.471s] [ 59%] [32m[1mLinking C shared library libserial_motor_demo_msgs__rosidl_typesupport_introspection_c.so[0m
[2.508s] [ 59%] Built target serial_motor_demo_msgs__rosidl_typesupport_introspection_c
[2.518s] [ 61%] [32m[1mLinking CXX shared library libserial_motor_demo_msgs__rosidl_typesupport_introspection_cpp.so[0m
[2.524s] [ 63%] [32m[1mLinking CXX shared library libserial_motor_demo_msgs__rosidl_typesupport_cpp.so[0m
[2.566s] [ 63%] Built target serial_motor_demo_msgs__rosidl_typesupport_introspection_cpp
[2.571s] [ 63%] Built target serial_motor_demo_msgs__rosidl_typesupport_cpp
[2.697s] [ 65%] [32m[1mLinking CXX shared library libserial_motor_demo_msgs__rosidl_typesupport_fastrtps_cpp.so[0m
[2.785s] [ 65%] Built target serial_motor_demo_msgs__rosidl_typesupport_fastrtps_cpp
[2.798s] [ 68%] [34m[1mGenerating C type support for eProsima Fast-RTPS[0m
[3.044s] [35m[1mScanning dependencies of target serial_motor_demo_msgs__rosidl_typesupport_fastrtps_c[0m
[3.061s] [ 70%] [32mBuilding CXX object CMakeFiles/serial_motor_demo_msgs__rosidl_typesupport_fastrtps_c.dir/rosidl_typesupport_fastrtps_c/serial_motor_demo_msgs/msg/detail/motor_vels__type_support_c.cpp.o[0m
[3.061s] [ 74%] [32mBuilding CXX object CMakeFiles/serial_motor_demo_msgs__rosidl_typesupport_fastrtps_c.dir/rosidl_typesupport_fastrtps_c/serial_motor_demo_msgs/msg/detail/encoder_vals__type_support_c.cpp.o[0m
[3.061s] [ 74%] [32mBuilding CXX object CMakeFiles/serial_motor_demo_msgs__rosidl_typesupport_fastrtps_c.dir/rosidl_typesupport_fastrtps_c/serial_motor_demo_msgs/msg/detail/motor_command__type_support_c.cpp.o[0m
[3.351s] [ 76%] [32m[1mLinking CXX shared library libserial_motor_demo_msgs__rosidl_typesupport_fastrtps_c.so[0m
[3.447s] [ 76%] Built target serial_motor_demo_msgs__rosidl_typesupport_fastrtps_c
[3.464s] [35m[1mScanning dependencies of target serial_motor_demo_msgs[0m
[3.477s] [ 76%] Built target serial_motor_demo_msgs
[3.493s] [35m[1mScanning dependencies of target serial_motor_demo_msgs__py[0m
[3.504s] [ 78%] [34m[1mGenerating Python code for ROS interfaces[0m
[3.939s] [ 78%] Built target serial_motor_demo_msgs__py
[3.954s] [35m[1mScanning dependencies of target serial_motor_demo_msgs__python[0m
[3.978s] [ 80%] [32mBuilding C object CMakeFiles/serial_motor_demo_msgs__python.dir/rosidl_generator_py/serial_motor_demo_msgs/msg/_motor_vels_s.c.o[0m
[3.979s] [ 82%] [32mBuilding C object CMakeFiles/serial_motor_demo_msgs__python.dir/rosidl_generator_py/serial_motor_demo_msgs/msg/_motor_command_s.c.o[0m
[3.979s] [ 85%] [32mBuilding C object CMakeFiles/serial_motor_demo_msgs__python.dir/rosidl_generator_py/serial_motor_demo_msgs/msg/_encoder_vals_s.c.o[0m
[4.058s] [ 87%] [32m[1mLinking C shared library rosidl_generator_py/serial_motor_demo_msgs/libserial_motor_demo_msgs__python.so[0m
[4.114s] [ 87%] Built target serial_motor_demo_msgs__python
[4.126s] [35m[1mScanning dependencies of target serial_motor_demo_msgs__rosidl_typesupport_introspection_c__pyext[0m
[4.127s] [35m[1mScanning dependencies of target serial_motor_demo_msgs__rosidl_typesupport_fastrtps_c__pyext[0m
[4.127s] [35m[1mScanning dependencies of target serial_motor_demo_msgs__rosidl_typesupport_c__pyext[0m
[4.147s] [ 89%] [32mBuilding C object CMakeFiles/serial_motor_demo_msgs__rosidl_typesupport_fastrtps_c__pyext.dir/rosidl_generator_py/serial_motor_demo_msgs/_serial_motor_demo_msgs_s.ep.rosidl_typesupport_fastrtps_c.c.o[0m
[4.148s] [ 91%] [32mBuilding C object CMakeFiles/serial_motor_demo_msgs__rosidl_typesupport_introspection_c__pyext.dir/rosidl_generator_py/serial_motor_demo_msgs/_serial_motor_demo_msgs_s.ep.rosidl_typesupport_introspection_c.c.o[0m
[4.149s] [ 93%] [32mBuilding C object CMakeFiles/serial_motor_demo_msgs__rosidl_typesupport_c__pyext.dir/rosidl_generator_py/serial_motor_demo_msgs/_serial_motor_demo_msgs_s.ep.rosidl_typesupport_c.c.o[0m
[4.232s] [ 95%] [32m[1mLinking C shared library rosidl_generator_py/serial_motor_demo_msgs/serial_motor_demo_msgs_s__rosidl_typesupport_introspection_c.cpython-38-x86_64-linux-gnu.so[0m
[4.232s] [ 97%] [32m[1mLinking CXX shared library rosidl_generator_py/serial_motor_demo_msgs/serial_motor_demo_msgs_s__rosidl_typesupport_fastrtps_c.cpython-38-x86_64-linux-gnu.so[0m
[4.233s] [100%] [32m[1mLinking C shared library rosidl_generator_py/serial_motor_demo_msgs/serial_motor_demo_msgs_s__rosidl_typesupport_c.cpython-38-x86_64-linux-gnu.so[0m
[4.271s] [100%] Built target serial_motor_demo_msgs__rosidl_typesupport_c__pyext
[4.273s] [100%] Built target serial_motor_demo_msgs__rosidl_typesupport_introspection_c__pyext
[4.301s] [100%] Built target serial_motor_demo_msgs__rosidl_typesupport_fastrtps_c__pyext
[4.315s] Invoked command in '/home/thanhtan/ros_ws/build/serial_motor_demo_msgs' returned '0': CMAKE_PREFIX_PATH=${CMAKE_PREFIX_PATH}:/opt/ros/foxy PS1=\[\e]0;\u@\h: \w\a\]${debian_chroot:+($debian_chroot)}\[\033[01;32m\]\u@\h\[\033[00m\]:\[\033[01;34m\]\w\[\033[00m\]\$ /usr/bin/cmake --build /home/thanhtan/ros_ws/build/serial_motor_demo_msgs -- -j12 -l12
[4.403s] Invoking command in '/home/thanhtan/ros_ws/build/serial_motor_demo_msgs': CMAKE_PREFIX_PATH=${CMAKE_PREFIX_PATH}:/opt/ros/foxy PS1=\[\e]0;\u@\h: \w\a\]${debian_chroot:+($debian_chroot)}\[\033[01;32m\]\u@\h\[\033[00m\]:\[\033[01;34m\]\w\[\033[00m\]\$ /usr/bin/cmake --install /home/thanhtan/ros_ws/build/serial_motor_demo_msgs
[4.412s] -- Install configuration: ""
[4.412s] -- Up-to-date: /home/thanhtan/ros_ws/install/serial_motor_demo_msgs/include/serial_motor_demo_msgs
[4.412s] -- Up-to-date: /home/thanhtan/ros_ws/install/serial_motor_demo_msgs/include/serial_motor_demo_msgs/msg
[4.412s] -- Up-to-date: /home/thanhtan/ros_ws/install/serial_motor_demo_msgs/include/serial_motor_demo_msgs/msg/detail
[4.413s] -- Installing: /home/thanhtan/ros_ws/install/serial_motor_demo_msgs/include/serial_motor_demo_msgs/msg/detail/encoder_vals__functions.c
[4.413s] -- Installing: /home/thanhtan/ros_ws/install/serial_motor_demo_msgs/include/serial_motor_demo_msgs/msg/detail/motor_vels__functions.c
[4.413s] -- Installing: /home/thanhtan/ros_ws/install/serial_motor_demo_msgs/include/serial_motor_demo_msgs/msg/detail/motor_command__functions.c
[4.413s] -- Installing: /home/thanhtan/ros_ws/install/serial_motor_demo_msgs/lib/libserial_motor_demo_msgs__rosidl_generator_c.so
[4.413s] -- Set runtime path of "/home/thanhtan/ros_ws/install/serial_motor_demo_msgs/lib/libserial_motor_demo_msgs__rosidl_generator_c.so" to ""
[4.414s] -- Up-to-date: /home/thanhtan/ros_ws/install/serial_motor_demo_msgs/include/serial_motor_demo_msgs
[4.414s] -- Up-to-date: /home/thanhtan/ros_ws/install/serial_motor_demo_msgs/include/serial_motor_demo_msgs/msg
[4.414s] -- Up-to-date: /home/thanhtan/ros_ws/install/serial_motor_demo_msgs/include/serial_motor_demo_msgs/msg/detail
[4.414s] -- Up-to-date: /home/thanhtan/ros_ws/install/serial_motor_demo_msgs/include/serial_motor_demo_msgs
[4.414s] -- Up-to-date: /home/thanhtan/ros_ws/install/serial_motor_demo_msgs/include/serial_motor_demo_msgs/msg
[4.414s] -- Up-to-date: /home/thanhtan/ros_ws/install/serial_motor_demo_msgs/include/serial_motor_demo_msgs/msg/detail
[4.414s] -- Up-to-date: /home/thanhtan/ros_ws/install/serial_motor_demo_msgs/include/serial_motor_demo_msgs/msg/detail/dds_fastrtps
[4.414s] -- Up-to-date: /home/thanhtan/ros_ws/install/serial_motor_demo_msgs/include/serial_motor_demo_msgs
[4.414s] -- Up-to-date: /home/thanhtan/ros_ws/install/serial_motor_demo_msgs/include/serial_motor_demo_msgs/msg
[4.414s] -- Up-to-date: /home/thanhtan/ros_ws/install/serial_motor_demo_msgs/include/serial_motor_demo_msgs/msg/detail
[4.415s] -- Installing: /home/thanhtan/ros_ws/install/serial_motor_demo_msgs/include/serial_motor_demo_msgs/msg/detail/motor_command__type_support.c
[4.415s] -- Installing: /home/thanhtan/ros_ws/install/serial_motor_demo_msgs/include/serial_motor_demo_msgs/msg/detail/motor_vels__type_support.c
[4.415s] -- Installing: /home/thanhtan/ros_ws/install/serial_motor_demo_msgs/include/serial_motor_demo_msgs/msg/detail/encoder_vals__type_support.c
[4.415s] -- Installing: /home/thanhtan/ros_ws/install/serial_motor_demo_msgs/lib/libserial_motor_demo_msgs__rosidl_typesupport_introspection_c.so
[4.415s] -- Set runtime path of "/home/thanhtan/ros_ws/install/serial_motor_demo_msgs/lib/libserial_motor_demo_msgs__rosidl_typesupport_introspection_c.so" to ""
[4.416s] -- Installing: /home/thanhtan/ros_ws/install/serial_motor_demo_msgs/lib/libserial_motor_demo_msgs__rosidl_typesupport_c.so
[4.416s] -- Set runtime path of "/home/thanhtan/ros_ws/install/serial_motor_demo_msgs/lib/libserial_motor_demo_msgs__rosidl_typesupport_c.so" to ""
[4.416s] -- Up-to-date: /home/thanhtan/ros_ws/install/serial_motor_demo_msgs/include/serial_motor_demo_msgs
[4.416s] -- Up-to-date: /home/thanhtan/ros_ws/install/serial_motor_demo_msgs/include/serial_motor_demo_msgs/msg
[4.416s] -- Up-to-date: /home/thanhtan/ros_ws/install/serial_motor_demo_msgs/include/serial_motor_demo_msgs/msg/detail
[4.416s] -- Up-to-date: /home/thanhtan/ros_ws/install/serial_motor_demo_msgs/include/serial_motor_demo_msgs
[4.416s] -- Up-to-date: /home/thanhtan/ros_ws/install/serial_motor_demo_msgs/include/serial_motor_demo_msgs/msg
[4.417s] -- Up-to-date: /home/thanhtan/ros_ws/install/serial_motor_demo_msgs/include/serial_motor_demo_msgs/msg/detail
[4.417s] -- Installing: /home/thanhtan/ros_ws/install/serial_motor_demo_msgs/include/serial_motor_demo_msgs/msg/detail/motor_vels__type_support.cpp
[4.417s] -- Installing: /home/thanhtan/ros_ws/install/serial_motor_demo_msgs/include/serial_motor_demo_msgs/msg/detail/motor_command__type_support.cpp
[4.417s] -- Installing: /home/thanhtan/ros_ws/install/serial_motor_demo_msgs/include/serial_motor_demo_msgs/msg/detail/encoder_vals__type_support.cpp
[4.417s] -- Installing: /home/thanhtan/ros_ws/install/serial_motor_demo_msgs/lib/libserial_motor_demo_msgs__rosidl_typesupport_introspection_cpp.so
[4.417s] -- Set runtime path of "/home/thanhtan/ros_ws/install/serial_motor_demo_msgs/lib/libserial_motor_demo_msgs__rosidl_typesupport_introspection_cpp.so" to ""
[4.418s] -- Installing: /home/thanhtan/ros_ws/install/serial_motor_demo_msgs/lib/libserial_motor_demo_msgs__rosidl_typesupport_cpp.so
[4.418s] -- Set runtime path of "/home/thanhtan/ros_ws/install/serial_motor_demo_msgs/lib/libserial_motor_demo_msgs__rosidl_typesupport_cpp.so" to ""
[4.447s] Compiling '/home/thanhtan/ros_ws/install/serial_motor_demo_msgs/lib/python3.8/site-packages/serial_motor_demo_msgs/__init__.py'...
[4.450s] -- Up-to-date: /home/thanhtan/ros_ws/install/serial_motor_demo_msgs/lib/python3.8/site-packages/serial_motor_demo_msgs/msg
[4.450s] -- Installing: /home/thanhtan/ros_ws/install/serial_motor_demo_msgs/lib/python3.8/site-packages/serial_motor_demo_msgs/msg/_motor_command_s.c
[4.451s] -- Installing: /home/thanhtan/ros_ws/install/serial_motor_demo_msgs/lib/python3.8/site-packages/serial_motor_demo_msgs/msg/_encoder_vals_s.c
[4.451s] -- Installing: /home/thanhtan/ros_ws/install/serial_motor_demo_msgs/lib/python3.8/site-packages/serial_motor_demo_msgs/msg/_motor_vels_s.c
[4.454s] -- Installing: /home/thanhtan/ros_ws/install/serial_motor_demo_msgs/share/serial_motor_demo_msgs/package.dsv
[4.454s] -- Installing: /home/thanhtan/ros_ws/install/serial_motor_demo_msgs/share/serial_motor_demo_msgs/cmake/serial_motor_demo_msgs__rosidl_generator_cExport.cmake
[4.455s] -- Installing: /home/thanhtan/ros_ws/install/serial_motor_demo_msgs/share/serial_motor_demo_msgs/cmake/serial_motor_demo_msgs__rosidl_generator_cExport-noconfig.cmake
[4.455s] -- Installing: /home/thanhtan/ros_ws/install/serial_motor_demo_msgs/share/serial_motor_demo_msgs/cmake/serial_motor_demo_msgs__rosidl_typesupport_introspection_cExport.cmake
[4.455s] -- Installing: /home/thanhtan/ros_ws/install/serial_motor_demo_msgs/share/serial_motor_demo_msgs/cmake/serial_motor_demo_msgs__rosidl_typesupport_introspection_cExport-noconfig.cmake
[4.456s] -- Installing: /home/thanhtan/ros_ws/install/serial_motor_demo_msgs/share/serial_motor_demo_msgs/cmake/serial_motor_demo_msgs__rosidl_typesupport_cExport.cmake
[4.456s] -- Installing: /home/thanhtan/ros_ws/install/serial_motor_demo_msgs/share/serial_motor_demo_msgs/cmake/serial_motor_demo_msgs__rosidl_typesupport_cExport-noconfig.cmake
[4.457s] -- Installing: /home/thanhtan/ros_ws/install/serial_motor_demo_msgs/share/serial_motor_demo_msgs/cmake/serial_motor_demo_msgs__rosidl_generator_cppExport.cmake
[4.457s] -- Installing: /home/thanhtan/ros_ws/install/serial_motor_demo_msgs/share/serial_motor_demo_msgs/cmake/serial_motor_demo_msgs__rosidl_typesupport_introspection_cppExport.cmake
[4.458s] -- Installing: /home/thanhtan/ros_ws/install/serial_motor_demo_msgs/share/serial_motor_demo_msgs/cmake/serial_motor_demo_msgs__rosidl_typesupport_introspection_cppExport-noconfig.cmake
[4.458s] -- Installing: /home/thanhtan/ros_ws/install/serial_motor_demo_msgs/share/serial_motor_demo_msgs/cmake/serial_motor_demo_msgs__rosidl_typesupport_cppExport.cmake
[4.458s] -- Installing: /home/thanhtan/ros_ws/install/serial_motor_demo_msgs/share/serial_motor_demo_msgs/cmake/serial_motor_demo_msgs__rosidl_typesupport_cppExport-noconfig.cmake
[4.462s] Invoked command in '/home/thanhtan/ros_ws/build/serial_motor_demo_msgs' returned '0': CMAKE_PREFIX_PATH=${CMAKE_PREFIX_PATH}:/opt/ros/foxy PS1=\[\e]0;\u@\h: \w\a\]${debian_chroot:+($debian_chroot)}\[\033[01;32m\]\u@\h\[\033[00m\]:\[\033[01;34m\]\w\[\033[00m\]\$ /usr/bin/cmake --install /home/thanhtan/ros_ws/build/serial_motor_demo_msgs
