[0.142s] DEBUG:colcon:Command line arguments: ['/usr/bin/colcon', 'build', '--symlink-install']
[0.142s] DEBUG:colcon:Parsed command line arguments: Namespace(allow_overriding=[], ament_cmake_args=None, base_paths=['.'], build_base='build', catkin_cmake_args=None, catkin_skip_building_tests=False, cmake_args=None, cmake_clean_cache=False, cmake_clean_first=False, cmake_force_configure=False, cmake_target=None, cmake_target_skip_unavailable=False, continue_on_error=False, event_handlers=None, executor='parallel', ignore_user_meta=False, install_base='install', log_base=None, log_level=None, main=<bound method BuildVerb.main of <colcon_core.verb.build.BuildVerb object at 0x7f721b2e5d60>>, merge_install=False, metas=['./colcon.meta'], mixin=None, mixin_files=None, mixin_verb=('build',), packages_above=None, packages_above_and_dependencies=None, packages_above_depth=None, packages_end=None, packages_ignore=None, packages_ignore_regex=None, packages_select=None, packages_select_build_failed=False, packages_select_by_dep=None, packages_select_regex=None, packages_select_test_failures=False, packages_skip=None, packages_skip_build_finished=False, packages_skip_by_dep=None, packages_skip_regex=None, packages_skip_test_passed=False, packages_skip_up_to=None, packages_start=None, packages_up_to=None, packages_up_to_regex=None, parallel_workers=12, paths=None, symlink_install=True, test_result_base=None, verb_extension=<colcon_core.verb.build.BuildVerb object at 0x7f721b2e5d60>, verb_name='build', verb_parser=<colcon_mixin.mixin.mixin_argument.MixinArgumentDecorator object at 0x7f721b2f3280>)
[0.247s] Level 1:colcon.colcon_core.package_discovery:discover_packages(colcon_meta) check parameters
[0.247s] Level 1:colcon.colcon_core.package_discovery:discover_packages(recursive) check parameters
[0.248s] Level 1:colcon.colcon_core.package_discovery:discover_packages(ignore) check parameters
[0.248s] Level 1:colcon.colcon_core.package_discovery:discover_packages(path) check parameters
[0.248s] Level 1:colcon.colcon_core.package_discovery:discover_packages(colcon_meta) discover
[0.248s] Level 1:colcon.colcon_core.package_discovery:discover_packages(recursive) discover
[0.248s] INFO:colcon.colcon_core.package_discovery:Crawling recursively for packages in '/home/thanhtan/ros_ws'
[0.248s] Level 1:colcon.colcon_core.package_identification:_identify(.) by extensions ['ignore', 'ignore_ament_install']
[0.248s] Level 1:colcon.colcon_core.package_identification:_identify(.) by extension 'ignore'
[0.248s] Level 1:colcon.colcon_core.package_identification:_identify(.) by extension 'ignore_ament_install'
[0.248s] Level 1:colcon.colcon_core.package_identification:_identify(.) by extensions ['colcon_pkg']
[0.248s] Level 1:colcon.colcon_core.package_identification:_identify(.) by extension 'colcon_pkg'
[0.248s] Level 1:colcon.colcon_core.package_identification:_identify(.) by extensions ['colcon_meta']
[0.248s] Level 1:colcon.colcon_core.package_identification:_identify(.) by extension 'colcon_meta'
[0.248s] Level 1:colcon.colcon_core.package_identification:_identify(.) by extensions ['ros']
[0.248s] Level 1:colcon.colcon_core.package_identification:_identify(.) by extension 'ros'
[0.260s] Level 1:colcon.colcon_core.package_identification:_identify(.) by extensions ['cmake', 'python']
[0.260s] Level 1:colcon.colcon_core.package_identification:_identify(.) by extension 'cmake'
[0.260s] Level 1:colcon.colcon_core.package_identification:_identify(.) by extension 'python'
[0.260s] Level 1:colcon.colcon_core.package_identification:_identify(.) by extensions ['python_setup_py']
[0.260s] Level 1:colcon.colcon_core.package_identification:_identify(.) by extension 'python_setup_py'
[0.260s] Level 1:colcon.colcon_core.package_identification:_identify(build) by extensions ['ignore', 'ignore_ament_install']
[0.260s] Level 1:colcon.colcon_core.package_identification:_identify(build) by extension 'ignore'
[0.260s] Level 1:colcon.colcon_core.package_identification:_identify(build) ignored
[0.261s] Level 1:colcon.colcon_core.package_identification:_identify(install) by extensions ['ignore', 'ignore_ament_install']
[0.261s] Level 1:colcon.colcon_core.package_identification:_identify(install) by extension 'ignore'
[0.261s] Level 1:colcon.colcon_core.package_identification:_identify(install) ignored
[0.261s] Level 1:colcon.colcon_core.package_identification:_identify(log) by extensions ['ignore', 'ignore_ament_install']
[0.261s] Level 1:colcon.colcon_core.package_identification:_identify(log) by extension 'ignore'
[0.261s] Level 1:colcon.colcon_core.package_identification:_identify(log) ignored
[0.261s] Level 1:colcon.colcon_core.package_identification:_identify(src) by extensions ['ignore', 'ignore_ament_install']
[0.261s] Level 1:colcon.colcon_core.package_identification:_identify(src) by extension 'ignore'
[0.261s] Level 1:colcon.colcon_core.package_identification:_identify(src) by extension 'ignore_ament_install'
[0.261s] Level 1:colcon.colcon_core.package_identification:_identify(src) by extensions ['colcon_pkg']
[0.261s] Level 1:colcon.colcon_core.package_identification:_identify(src) by extension 'colcon_pkg'
[0.261s] Level 1:colcon.colcon_core.package_identification:_identify(src) by extensions ['colcon_meta']
[0.261s] Level 1:colcon.colcon_core.package_identification:_identify(src) by extension 'colcon_meta'
[0.261s] Level 1:colcon.colcon_core.package_identification:_identify(src) by extensions ['ros']
[0.261s] Level 1:colcon.colcon_core.package_identification:_identify(src) by extension 'ros'
[0.261s] Level 1:colcon.colcon_core.package_identification:_identify(src) by extensions ['cmake', 'python']
[0.261s] Level 1:colcon.colcon_core.package_identification:_identify(src) by extension 'cmake'
[0.262s] Level 1:colcon.colcon_core.package_identification:_identify(src) by extension 'python'
[0.262s] Level 1:colcon.colcon_core.package_identification:_identify(src) by extensions ['python_setup_py']
[0.262s] Level 1:colcon.colcon_core.package_identification:_identify(src) by extension 'python_setup_py'
[0.262s] Level 1:colcon.colcon_core.package_identification:_identify(src/diffdrive_arduino) by extensions ['ignore', 'ignore_ament_install']
[0.262s] Level 1:colcon.colcon_core.package_identification:_identify(src/diffdrive_arduino) by extension 'ignore'
[0.262s] Level 1:colcon.colcon_core.package_identification:_identify(src/diffdrive_arduino) by extension 'ignore_ament_install'
[0.262s] Level 1:colcon.colcon_core.package_identification:_identify(src/diffdrive_arduino) by extensions ['colcon_pkg']
[0.262s] Level 1:colcon.colcon_core.package_identification:_identify(src/diffdrive_arduino) by extension 'colcon_pkg'
[0.262s] Level 1:colcon.colcon_core.package_identification:_identify(src/diffdrive_arduino) by extensions ['colcon_meta']
[0.262s] Level 1:colcon.colcon_core.package_identification:_identify(src/diffdrive_arduino) by extension 'colcon_meta'
[0.262s] Level 1:colcon.colcon_core.package_identification:_identify(src/diffdrive_arduino) by extensions ['ros']
[0.262s] Level 1:colcon.colcon_core.package_identification:_identify(src/diffdrive_arduino) by extension 'ros'
[0.264s] DEBUG:colcon.colcon_core.package_identification:Package 'src/diffdrive_arduino' with type 'ros.ament_cmake' and name 'diffdrive_arduino'
[0.264s] Level 1:colcon.colcon_core.package_identification:_identify(src/my_bot) by extensions ['ignore', 'ignore_ament_install']
[0.264s] Level 1:colcon.colcon_core.package_identification:_identify(src/my_bot) by extension 'ignore'
[0.264s] Level 1:colcon.colcon_core.package_identification:_identify(src/my_bot) by extension 'ignore_ament_install'
[0.264s] Level 1:colcon.colcon_core.package_identification:_identify(src/my_bot) by extensions ['colcon_pkg']
[0.264s] Level 1:colcon.colcon_core.package_identification:_identify(src/my_bot) by extension 'colcon_pkg'
[0.265s] Level 1:colcon.colcon_core.package_identification:_identify(src/my_bot) by extensions ['colcon_meta']
[0.265s] Level 1:colcon.colcon_core.package_identification:_identify(src/my_bot) by extension 'colcon_meta'
[0.265s] Level 1:colcon.colcon_core.package_identification:_identify(src/my_bot) by extensions ['ros']
[0.265s] Level 1:colcon.colcon_core.package_identification:_identify(src/my_bot) by extension 'ros'
[0.265s] DEBUG:colcon.colcon_core.package_identification:Package 'src/my_bot' with type 'ros.ament_cmake' and name 'my_bot'
[0.265s] Level 1:colcon.colcon_core.package_identification:_identify(src/serial) by extensions ['ignore', 'ignore_ament_install']
[0.265s] Level 1:colcon.colcon_core.package_identification:_identify(src/serial) by extension 'ignore'
[0.265s] Level 1:colcon.colcon_core.package_identification:_identify(src/serial) by extension 'ignore_ament_install'
[0.265s] Level 1:colcon.colcon_core.package_identification:_identify(src/serial) by extensions ['colcon_pkg']
[0.265s] Level 1:colcon.colcon_core.package_identification:_identify(src/serial) by extension 'colcon_pkg'
[0.265s] Level 1:colcon.colcon_core.package_identification:_identify(src/serial) by extensions ['colcon_meta']
[0.265s] Level 1:colcon.colcon_core.package_identification:_identify(src/serial) by extension 'colcon_meta'
[0.265s] Level 1:colcon.colcon_core.package_identification:_identify(src/serial) by extensions ['ros']
[0.265s] Level 1:colcon.colcon_core.package_identification:_identify(src/serial) by extension 'ros'
[0.266s] DEBUG:colcon.colcon_core.package_identification:Package 'src/serial' with type 'ros.ament_cmake' and name 'serial'
[0.266s] Level 1:colcon.colcon_core.package_identification:_identify(src/serial_motor_demo) by extensions ['ignore', 'ignore_ament_install']
[0.266s] Level 1:colcon.colcon_core.package_identification:_identify(src/serial_motor_demo) by extension 'ignore'
[0.266s] Level 1:colcon.colcon_core.package_identification:_identify(src/serial_motor_demo) by extension 'ignore_ament_install'
[0.266s] Level 1:colcon.colcon_core.package_identification:_identify(src/serial_motor_demo) by extensions ['colcon_pkg']
[0.266s] Level 1:colcon.colcon_core.package_identification:_identify(src/serial_motor_demo) by extension 'colcon_pkg'
[0.266s] Level 1:colcon.colcon_core.package_identification:_identify(src/serial_motor_demo) by extensions ['colcon_meta']
[0.266s] Level 1:colcon.colcon_core.package_identification:_identify(src/serial_motor_demo) by extension 'colcon_meta'
[0.266s] Level 1:colcon.colcon_core.package_identification:_identify(src/serial_motor_demo) by extensions ['ros']
[0.266s] Level 1:colcon.colcon_core.package_identification:_identify(src/serial_motor_demo) by extension 'ros'
[0.266s] Level 1:colcon.colcon_core.package_identification:_identify(src/serial_motor_demo) by extensions ['cmake', 'python']
[0.266s] Level 1:colcon.colcon_core.package_identification:_identify(src/serial_motor_demo) by extension 'cmake'
[0.267s] Level 1:colcon.colcon_core.package_identification:_identify(src/serial_motor_demo) by extension 'python'
[0.267s] Level 1:colcon.colcon_core.package_identification:_identify(src/serial_motor_demo) by extensions ['python_setup_py']
[0.267s] Level 1:colcon.colcon_core.package_identification:_identify(src/serial_motor_demo) by extension 'python_setup_py'
[0.267s] Level 1:colcon.colcon_core.package_identification:_identify(src/serial_motor_demo/serial_motor_demo) by extensions ['ignore', 'ignore_ament_install']
[0.267s] Level 1:colcon.colcon_core.package_identification:_identify(src/serial_motor_demo/serial_motor_demo) by extension 'ignore'
[0.267s] Level 1:colcon.colcon_core.package_identification:_identify(src/serial_motor_demo/serial_motor_demo) by extension 'ignore_ament_install'
[0.267s] Level 1:colcon.colcon_core.package_identification:_identify(src/serial_motor_demo/serial_motor_demo) by extensions ['colcon_pkg']
[0.267s] Level 1:colcon.colcon_core.package_identification:_identify(src/serial_motor_demo/serial_motor_demo) by extension 'colcon_pkg'
[0.267s] Level 1:colcon.colcon_core.package_identification:_identify(src/serial_motor_demo/serial_motor_demo) by extensions ['colcon_meta']
[0.267s] Level 1:colcon.colcon_core.package_identification:_identify(src/serial_motor_demo/serial_motor_demo) by extension 'colcon_meta'
[0.267s] Level 1:colcon.colcon_core.package_identification:_identify(src/serial_motor_demo/serial_motor_demo) by extensions ['ros']
[0.267s] Level 1:colcon.colcon_core.package_identification:_identify(src/serial_motor_demo/serial_motor_demo) by extension 'ros'
[0.268s] DEBUG:colcon.colcon_core.package_identification:Package 'src/serial_motor_demo/serial_motor_demo' with type 'ros.ament_python' and name 'serial_motor_demo'
[0.268s] Level 1:colcon.colcon_core.package_identification:_identify(src/serial_motor_demo/serial_motor_demo_msgs) by extensions ['ignore', 'ignore_ament_install']
[0.268s] Level 1:colcon.colcon_core.package_identification:_identify(src/serial_motor_demo/serial_motor_demo_msgs) by extension 'ignore'
[0.268s] Level 1:colcon.colcon_core.package_identification:_identify(src/serial_motor_demo/serial_motor_demo_msgs) by extension 'ignore_ament_install'
[0.268s] Level 1:colcon.colcon_core.package_identification:_identify(src/serial_motor_demo/serial_motor_demo_msgs) by extensions ['colcon_pkg']
[0.268s] Level 1:colcon.colcon_core.package_identification:_identify(src/serial_motor_demo/serial_motor_demo_msgs) by extension 'colcon_pkg'
[0.268s] Level 1:colcon.colcon_core.package_identification:_identify(src/serial_motor_demo/serial_motor_demo_msgs) by extensions ['colcon_meta']
[0.268s] Level 1:colcon.colcon_core.package_identification:_identify(src/serial_motor_demo/serial_motor_demo_msgs) by extension 'colcon_meta'
[0.268s] Level 1:colcon.colcon_core.package_identification:_identify(src/serial_motor_demo/serial_motor_demo_msgs) by extensions ['ros']
[0.268s] Level 1:colcon.colcon_core.package_identification:_identify(src/serial_motor_demo/serial_motor_demo_msgs) by extension 'ros'
[0.268s] DEBUG:colcon.colcon_core.package_identification:Package 'src/serial_motor_demo/serial_motor_demo_msgs' with type 'ros.ament_cmake' and name 'serial_motor_demo_msgs'
[0.268s] Level 1:colcon.colcon_core.package_discovery:discover_packages(recursive) using defaults
[0.268s] Level 1:colcon.colcon_core.package_discovery:discover_packages(ignore) discover
[0.268s] Level 1:colcon.colcon_core.package_discovery:discover_packages(ignore) using defaults
[0.268s] Level 1:colcon.colcon_core.package_discovery:discover_packages(path) discover
[0.268s] Level 1:colcon.colcon_core.package_discovery:discover_packages(path) using defaults
[0.284s] Level 1:colcon.colcon_core.package_discovery:discover_packages(prefix_path) check parameters
[0.284s] Level 1:colcon.colcon_core.package_discovery:discover_packages(prefix_path) discover
[0.285s] DEBUG:colcon.colcon_installed_package_information.package_discovery:Found 5 installed packages in /home/thanhtan/ros_ws/install
[0.289s] DEBUG:colcon.colcon_installed_package_information.package_discovery:Found 293 installed packages in /opt/ros/foxy
[0.290s] Level 1:colcon.colcon_core.package_discovery:discover_packages(prefix_path) using defaults
[0.340s] Level 5:colcon.colcon_core.verb:set package 'my_bot' build argument 'cmake_args' from command line to 'None'
[0.340s] Level 5:colcon.colcon_core.verb:set package 'my_bot' build argument 'cmake_target' from command line to 'None'
[0.340s] Level 5:colcon.colcon_core.verb:set package 'my_bot' build argument 'cmake_target_skip_unavailable' from command line to 'False'
[0.340s] Level 5:colcon.colcon_core.verb:set package 'my_bot' build argument 'cmake_clean_cache' from command line to 'False'
[0.340s] Level 5:colcon.colcon_core.verb:set package 'my_bot' build argument 'cmake_clean_first' from command line to 'False'
[0.340s] Level 5:colcon.colcon_core.verb:set package 'my_bot' build argument 'cmake_force_configure' from command line to 'False'
[0.340s] Level 5:colcon.colcon_core.verb:set package 'my_bot' build argument 'ament_cmake_args' from command line to 'None'
[0.340s] Level 5:colcon.colcon_core.verb:set package 'my_bot' build argument 'catkin_cmake_args' from command line to 'None'
[0.340s] Level 5:colcon.colcon_core.verb:set package 'my_bot' build argument 'catkin_skip_building_tests' from command line to 'False'
[0.340s] DEBUG:colcon.colcon_core.verb:Building package 'my_bot' with the following arguments: {'ament_cmake_args': None, 'build_base': '/home/thanhtan/ros_ws/build/my_bot', 'catkin_cmake_args': None, 'catkin_skip_building_tests': False, 'cmake_args': None, 'cmake_clean_cache': False, 'cmake_clean_first': False, 'cmake_force_configure': False, 'cmake_target': None, 'cmake_target_skip_unavailable': False, 'install_base': '/home/thanhtan/ros_ws/install/my_bot', 'merge_install': False, 'path': '/home/thanhtan/ros_ws/src/my_bot', 'symlink_install': True, 'test_result_base': None}
[0.340s] Level 5:colcon.colcon_core.verb:set package 'serial' build argument 'cmake_args' from command line to 'None'
[0.340s] Level 5:colcon.colcon_core.verb:set package 'serial' build argument 'cmake_target' from command line to 'None'
[0.340s] Level 5:colcon.colcon_core.verb:set package 'serial' build argument 'cmake_target_skip_unavailable' from command line to 'False'
[0.340s] Level 5:colcon.colcon_core.verb:set package 'serial' build argument 'cmake_clean_cache' from command line to 'False'
[0.340s] Level 5:colcon.colcon_core.verb:set package 'serial' build argument 'cmake_clean_first' from command line to 'False'
[0.340s] Level 5:colcon.colcon_core.verb:set package 'serial' build argument 'cmake_force_configure' from command line to 'False'
[0.340s] Level 5:colcon.colcon_core.verb:set package 'serial' build argument 'ament_cmake_args' from command line to 'None'
[0.340s] Level 5:colcon.colcon_core.verb:set package 'serial' build argument 'catkin_cmake_args' from command line to 'None'
[0.340s] Level 5:colcon.colcon_core.verb:set package 'serial' build argument 'catkin_skip_building_tests' from command line to 'False'
[0.341s] DEBUG:colcon.colcon_core.verb:Building package 'serial' with the following arguments: {'ament_cmake_args': None, 'build_base': '/home/thanhtan/ros_ws/build/serial', 'catkin_cmake_args': None, 'catkin_skip_building_tests': False, 'cmake_args': None, 'cmake_clean_cache': False, 'cmake_clean_first': False, 'cmake_force_configure': False, 'cmake_target': None, 'cmake_target_skip_unavailable': False, 'install_base': '/home/thanhtan/ros_ws/install/serial', 'merge_install': False, 'path': '/home/thanhtan/ros_ws/src/serial', 'symlink_install': True, 'test_result_base': None}
[0.341s] Level 5:colcon.colcon_core.verb:set package 'serial_motor_demo_msgs' build argument 'cmake_args' from command line to 'None'
[0.341s] Level 5:colcon.colcon_core.verb:set package 'serial_motor_demo_msgs' build argument 'cmake_target' from command line to 'None'
[0.341s] Level 5:colcon.colcon_core.verb:set package 'serial_motor_demo_msgs' build argument 'cmake_target_skip_unavailable' from command line to 'False'
[0.341s] Level 5:colcon.colcon_core.verb:set package 'serial_motor_demo_msgs' build argument 'cmake_clean_cache' from command line to 'False'
[0.341s] Level 5:colcon.colcon_core.verb:set package 'serial_motor_demo_msgs' build argument 'cmake_clean_first' from command line to 'False'
[0.341s] Level 5:colcon.colcon_core.verb:set package 'serial_motor_demo_msgs' build argument 'cmake_force_configure' from command line to 'False'
[0.341s] Level 5:colcon.colcon_core.verb:set package 'serial_motor_demo_msgs' build argument 'ament_cmake_args' from command line to 'None'
[0.341s] Level 5:colcon.colcon_core.verb:set package 'serial_motor_demo_msgs' build argument 'catkin_cmake_args' from command line to 'None'
[0.341s] Level 5:colcon.colcon_core.verb:set package 'serial_motor_demo_msgs' build argument 'catkin_skip_building_tests' from command line to 'False'
[0.341s] DEBUG:colcon.colcon_core.verb:Building package 'serial_motor_demo_msgs' with the following arguments: {'ament_cmake_args': None, 'build_base': '/home/thanhtan/ros_ws/build/serial_motor_demo_msgs', 'catkin_cmake_args': None, 'catkin_skip_building_tests': False, 'cmake_args': None, 'cmake_clean_cache': False, 'cmake_clean_first': False, 'cmake_force_configure': False, 'cmake_target': None, 'cmake_target_skip_unavailable': False, 'install_base': '/home/thanhtan/ros_ws/install/serial_motor_demo_msgs', 'merge_install': False, 'path': '/home/thanhtan/ros_ws/src/serial_motor_demo/serial_motor_demo_msgs', 'symlink_install': True, 'test_result_base': None}
[0.341s] Level 5:colcon.colcon_core.verb:set package 'diffdrive_arduino' build argument 'cmake_args' from command line to 'None'
[0.341s] Level 5:colcon.colcon_core.verb:set package 'diffdrive_arduino' build argument 'cmake_target' from command line to 'None'
[0.341s] Level 5:colcon.colcon_core.verb:set package 'diffdrive_arduino' build argument 'cmake_target_skip_unavailable' from command line to 'False'
[0.341s] Level 5:colcon.colcon_core.verb:set package 'diffdrive_arduino' build argument 'cmake_clean_cache' from command line to 'False'
[0.341s] Level 5:colcon.colcon_core.verb:set package 'diffdrive_arduino' build argument 'cmake_clean_first' from command line to 'False'
[0.341s] Level 5:colcon.colcon_core.verb:set package 'diffdrive_arduino' build argument 'cmake_force_configure' from command line to 'False'
[0.341s] Level 5:colcon.colcon_core.verb:set package 'diffdrive_arduino' build argument 'ament_cmake_args' from command line to 'None'
[0.341s] Level 5:colcon.colcon_core.verb:set package 'diffdrive_arduino' build argument 'catkin_cmake_args' from command line to 'None'
[0.342s] Level 5:colcon.colcon_core.verb:set package 'diffdrive_arduino' build argument 'catkin_skip_building_tests' from command line to 'False'
[0.342s] DEBUG:colcon.colcon_core.verb:Building package 'diffdrive_arduino' with the following arguments: {'ament_cmake_args': None, 'build_base': '/home/thanhtan/ros_ws/build/diffdrive_arduino', 'catkin_cmake_args': None, 'catkin_skip_building_tests': False, 'cmake_args': None, 'cmake_clean_cache': False, 'cmake_clean_first': False, 'cmake_force_configure': False, 'cmake_target': None, 'cmake_target_skip_unavailable': False, 'install_base': '/home/thanhtan/ros_ws/install/diffdrive_arduino', 'merge_install': False, 'path': '/home/thanhtan/ros_ws/src/diffdrive_arduino', 'symlink_install': True, 'test_result_base': None}
[0.342s] Level 5:colcon.colcon_core.verb:set package 'serial_motor_demo' build argument 'cmake_args' from command line to 'None'
[0.342s] Level 5:colcon.colcon_core.verb:set package 'serial_motor_demo' build argument 'cmake_target' from command line to 'None'
[0.342s] Level 5:colcon.colcon_core.verb:set package 'serial_motor_demo' build argument 'cmake_target_skip_unavailable' from command line to 'False'
[0.342s] Level 5:colcon.colcon_core.verb:set package 'serial_motor_demo' build argument 'cmake_clean_cache' from command line to 'False'
[0.342s] Level 5:colcon.colcon_core.verb:set package 'serial_motor_demo' build argument 'cmake_clean_first' from command line to 'False'
[0.342s] Level 5:colcon.colcon_core.verb:set package 'serial_motor_demo' build argument 'cmake_force_configure' from command line to 'False'
[0.342s] Level 5:colcon.colcon_core.verb:set package 'serial_motor_demo' build argument 'ament_cmake_args' from command line to 'None'
[0.342s] Level 5:colcon.colcon_core.verb:set package 'serial_motor_demo' build argument 'catkin_cmake_args' from command line to 'None'
[0.342s] Level 5:colcon.colcon_core.verb:set package 'serial_motor_demo' build argument 'catkin_skip_building_tests' from command line to 'False'
[0.342s] DEBUG:colcon.colcon_core.verb:Building package 'serial_motor_demo' with the following arguments: {'ament_cmake_args': None, 'build_base': '/home/thanhtan/ros_ws/build/serial_motor_demo', 'catkin_cmake_args': None, 'catkin_skip_building_tests': False, 'cmake_args': None, 'cmake_clean_cache': False, 'cmake_clean_first': False, 'cmake_force_configure': False, 'cmake_target': None, 'cmake_target_skip_unavailable': False, 'install_base': '/home/thanhtan/ros_ws/install/serial_motor_demo', 'merge_install': False, 'path': '/home/thanhtan/ros_ws/src/serial_motor_demo/serial_motor_demo', 'symlink_install': True, 'test_result_base': None}
[0.342s] INFO:colcon.colcon_core.executor:Executing jobs using 'parallel' executor
[0.343s] DEBUG:colcon.colcon_parallel_executor.executor.parallel:run_until_complete
[0.343s] INFO:colcon.colcon_ros.task.ament_cmake.build:Building ROS package in '/home/thanhtan/ros_ws/src/serial' with build type 'ament_cmake'
[0.343s] INFO:colcon.colcon_cmake.task.cmake.build:Building CMake package in '/home/thanhtan/ros_ws/src/serial'
[0.345s] INFO:colcon.colcon_core.plugin_system:Skipping extension 'colcon_core.shell.bat': Not used on non-Windows systems
[0.345s] INFO:colcon.colcon_core.shell:Skip shell extension 'powershell' for command environment: Not usable outside of PowerShell
[0.345s] DEBUG:colcon.colcon_core.shell:Skip shell extension 'dsv' for command environment
[0.350s] INFO:colcon.colcon_ros.task.ament_cmake.build:Building ROS package in '/home/thanhtan/ros_ws/src/serial_motor_demo/serial_motor_demo_msgs' with build type 'ament_cmake'
[0.350s] INFO:colcon.colcon_cmake.task.cmake.build:Building CMake package in '/home/thanhtan/ros_ws/src/serial_motor_demo/serial_motor_demo_msgs'
[0.350s] INFO:colcon.colcon_core.shell:Skip shell extension 'powershell' for command environment: Not usable outside of PowerShell
[0.350s] DEBUG:colcon.colcon_core.shell:Skip shell extension 'dsv' for command environment
[0.355s] INFO:colcon.colcon_ros.task.ament_cmake.build:Building ROS package in '/home/thanhtan/ros_ws/src/my_bot' with build type 'ament_cmake'
[0.355s] INFO:colcon.colcon_cmake.task.cmake.build:Building CMake package in '/home/thanhtan/ros_ws/src/my_bot'
[0.355s] INFO:colcon.colcon_core.shell:Skip shell extension 'powershell' for command environment: Not usable outside of PowerShell
[0.355s] DEBUG:colcon.colcon_core.shell:Skip shell extension 'dsv' for command environment
[0.366s] DEBUG:colcon.colcon_core.event_handler.log_command:Invoking command in '/home/thanhtan/ros_ws/build/serial': CMAKE_PREFIX_PATH=${CMAKE_PREFIX_PATH}:/home/thanhtan/ros_ws/install/serial_motor_demo:/opt/ros/foxy /usr/bin/cmake --build /home/thanhtan/ros_ws/build/serial -- -j12 -l12
[0.372s] DEBUG:colcon.colcon_core.event_handler.log_command:Invoking command in '/home/thanhtan/ros_ws/build/serial_motor_demo_msgs': CMAKE_PREFIX_PATH=${CMAKE_PREFIX_PATH}:/home/thanhtan/ros_ws/install/serial_motor_demo:/opt/ros/foxy /usr/bin/cmake --build /home/thanhtan/ros_ws/build/serial_motor_demo_msgs -- -j12 -l12
[0.379s] DEBUG:colcon.colcon_core.event_handler.log_command:Invoking command in '/home/thanhtan/ros_ws/build/my_bot': CMAKE_PREFIX_PATH=${CMAKE_PREFIX_PATH}:/home/thanhtan/ros_ws/install/serial_motor_demo:/opt/ros/foxy /usr/bin/cmake --build /home/thanhtan/ros_ws/build/my_bot -- -j12 -l12
[0.421s] DEBUG:colcon.colcon_core.event_handler.log_command:Invoked command in '/home/thanhtan/ros_ws/build/my_bot' returned '0': CMAKE_PREFIX_PATH=${CMAKE_PREFIX_PATH}:/home/thanhtan/ros_ws/install/serial_motor_demo:/opt/ros/foxy /usr/bin/cmake --build /home/thanhtan/ros_ws/build/my_bot -- -j12 -l12
[0.459s] DEBUG:colcon.colcon_core.event_handler.log_command:Invoking command in '/home/thanhtan/ros_ws/build/my_bot': CMAKE_PREFIX_PATH=${CMAKE_PREFIX_PATH}:/home/thanhtan/ros_ws/install/serial_motor_demo:/opt/ros/foxy /usr/bin/cmake --install /home/thanhtan/ros_ws/build/my_bot
[0.463s] DEBUG:colcon.colcon_core.event_handler.log_command:Invoked command in '/home/thanhtan/ros_ws/build/serial' returned '0': CMAKE_PREFIX_PATH=${CMAKE_PREFIX_PATH}:/home/thanhtan/ros_ws/install/serial_motor_demo:/opt/ros/foxy /usr/bin/cmake --build /home/thanhtan/ros_ws/build/serial -- -j12 -l12
[0.497s] Level 1:colcon.colcon_core.environment:create_environment_scripts_only(my_bot)
[0.498s] DEBUG:colcon.colcon_core.event_handler.log_command:Invoked command in '/home/thanhtan/ros_ws/build/my_bot' returned '0': CMAKE_PREFIX_PATH=${CMAKE_PREFIX_PATH}:/home/thanhtan/ros_ws/install/serial_motor_demo:/opt/ros/foxy /usr/bin/cmake --install /home/thanhtan/ros_ws/build/my_bot
[0.501s] Level 1:colcon.colcon_core.environment:checking '/home/thanhtan/ros_ws/install/my_bot' for CMake module files
[0.502s] Level 1:colcon.colcon_core.environment:checking '/home/thanhtan/ros_ws/install/my_bot' for CMake config files
[0.503s] Level 1:colcon.colcon_core.shell:create_environment_hook('my_bot', 'cmake_prefix_path')
[0.503s] INFO:colcon.colcon_core.shell:Creating environment hook '/home/thanhtan/ros_ws/install/my_bot/share/my_bot/hook/cmake_prefix_path.ps1'
[0.504s] INFO:colcon.colcon_core.shell:Creating environment descriptor '/home/thanhtan/ros_ws/install/my_bot/share/my_bot/hook/cmake_prefix_path.dsv'
[0.505s] INFO:colcon.colcon_core.shell:Creating environment hook '/home/thanhtan/ros_ws/install/my_bot/share/my_bot/hook/cmake_prefix_path.sh'
[0.507s] Level 1:colcon.colcon_core.environment:checking '/home/thanhtan/ros_ws/install/my_bot/bin'
[0.507s] Level 1:colcon.colcon_core.environment:checking '/home/thanhtan/ros_ws/install/my_bot/lib/pkgconfig/my_bot.pc'
[0.507s] Level 1:colcon.colcon_core.environment:checking '/home/thanhtan/ros_ws/install/my_bot/lib/python3.8/site-packages'
[0.507s] Level 1:colcon.colcon_core.environment:checking '/home/thanhtan/ros_ws/install/my_bot/bin'
[0.508s] INFO:colcon.colcon_core.shell:Creating package script '/home/thanhtan/ros_ws/install/my_bot/share/my_bot/package.ps1'
[0.508s] INFO:colcon.colcon_core.shell:Creating package descriptor '/home/thanhtan/ros_ws/install/my_bot/share/my_bot/package.dsv'
[0.509s] INFO:colcon.colcon_core.shell:Creating package script '/home/thanhtan/ros_ws/install/my_bot/share/my_bot/package.sh'
[0.509s] INFO:colcon.colcon_core.shell:Creating package script '/home/thanhtan/ros_ws/install/my_bot/share/my_bot/package.bash'
[0.510s] INFO:colcon.colcon_core.shell:Creating package script '/home/thanhtan/ros_ws/install/my_bot/share/my_bot/package.zsh'
[0.510s] Level 1:colcon.colcon_core.environment:create_file_with_runtime_dependencies(/home/thanhtan/ros_ws/install/my_bot/share/colcon-core/packages/my_bot)
[0.516s] DEBUG:colcon.colcon_core.event_handler.log_command:Invoking command in '/home/thanhtan/ros_ws/build/serial': CMAKE_PREFIX_PATH=${CMAKE_PREFIX_PATH}:/home/thanhtan/ros_ws/install/serial_motor_demo:/opt/ros/foxy /usr/bin/cmake --install /home/thanhtan/ros_ws/build/serial
[0.535s] Level 1:colcon.colcon_core.environment:create_environment_scripts_only(my_bot)
[0.535s] Level 1:colcon.colcon_core.environment:checking '/home/thanhtan/ros_ws/install/my_bot' for CMake module files
[0.536s] Level 1:colcon.colcon_core.environment:checking '/home/thanhtan/ros_ws/install/my_bot' for CMake config files
[0.536s] Level 1:colcon.colcon_core.shell:create_environment_hook('my_bot', 'cmake_prefix_path')
[0.536s] INFO:colcon.colcon_core.shell:Creating environment hook '/home/thanhtan/ros_ws/install/my_bot/share/my_bot/hook/cmake_prefix_path.ps1'
[0.536s] INFO:colcon.colcon_core.shell:Creating environment descriptor '/home/thanhtan/ros_ws/install/my_bot/share/my_bot/hook/cmake_prefix_path.dsv'
[0.537s] INFO:colcon.colcon_core.shell:Creating environment hook '/home/thanhtan/ros_ws/install/my_bot/share/my_bot/hook/cmake_prefix_path.sh'
[0.537s] Level 1:colcon.colcon_core.environment:checking '/home/thanhtan/ros_ws/install/my_bot/bin'
[0.537s] Level 1:colcon.colcon_core.environment:checking '/home/thanhtan/ros_ws/install/my_bot/lib/pkgconfig/my_bot.pc'
[0.537s] Level 1:colcon.colcon_core.environment:checking '/home/thanhtan/ros_ws/install/my_bot/lib/python3.8/site-packages'
[0.538s] Level 1:colcon.colcon_core.environment:checking '/home/thanhtan/ros_ws/install/my_bot/bin'
[0.538s] INFO:colcon.colcon_core.shell:Creating package script '/home/thanhtan/ros_ws/install/my_bot/share/my_bot/package.ps1'
[0.539s] INFO:colcon.colcon_core.shell:Creating package descriptor '/home/thanhtan/ros_ws/install/my_bot/share/my_bot/package.dsv'
[0.540s] INFO:colcon.colcon_core.shell:Creating package script '/home/thanhtan/ros_ws/install/my_bot/share/my_bot/package.sh'
[0.540s] INFO:colcon.colcon_core.shell:Creating package script '/home/thanhtan/ros_ws/install/my_bot/share/my_bot/package.bash'
[0.541s] INFO:colcon.colcon_core.shell:Creating package script '/home/thanhtan/ros_ws/install/my_bot/share/my_bot/package.zsh'
[0.541s] Level 1:colcon.colcon_core.environment:create_file_with_runtime_dependencies(/home/thanhtan/ros_ws/install/my_bot/share/colcon-core/packages/my_bot)
[0.542s] Level 1:colcon.colcon_core.environment:create_environment_scripts_only(serial)
[0.542s] Level 1:colcon.colcon_core.environment:checking '/home/thanhtan/ros_ws/install/serial' for CMake module files
[0.542s] DEBUG:colcon.colcon_core.event_handler.log_command:Invoked command in '/home/thanhtan/ros_ws/build/serial' returned '0': CMAKE_PREFIX_PATH=${CMAKE_PREFIX_PATH}:/home/thanhtan/ros_ws/install/serial_motor_demo:/opt/ros/foxy /usr/bin/cmake --install /home/thanhtan/ros_ws/build/serial
[0.543s] Level 1:colcon.colcon_core.environment:checking '/home/thanhtan/ros_ws/install/serial' for CMake config files
[0.543s] Level 1:colcon.colcon_core.shell:create_environment_hook('serial', 'cmake_prefix_path')
[0.543s] INFO:colcon.colcon_core.shell:Creating environment hook '/home/thanhtan/ros_ws/install/serial/share/serial/hook/cmake_prefix_path.ps1'
[0.544s] INFO:colcon.colcon_core.shell:Creating environment descriptor '/home/thanhtan/ros_ws/install/serial/share/serial/hook/cmake_prefix_path.dsv'
[0.544s] INFO:colcon.colcon_core.shell:Creating environment hook '/home/thanhtan/ros_ws/install/serial/share/serial/hook/cmake_prefix_path.sh'
[0.544s] Level 1:colcon.colcon_core.environment:checking '/home/thanhtan/ros_ws/install/serial/lib'
[0.544s] Level 1:colcon.colcon_core.environment:checking '/home/thanhtan/ros_ws/install/serial/bin'
[0.545s] Level 1:colcon.colcon_core.environment:checking '/home/thanhtan/ros_ws/install/serial/lib/pkgconfig/serial.pc'
[0.545s] Level 1:colcon.colcon_core.environment:checking '/home/thanhtan/ros_ws/install/serial/lib/python3.8/site-packages'
[0.545s] Level 1:colcon.colcon_core.environment:checking '/home/thanhtan/ros_ws/install/serial/bin'
[0.545s] INFO:colcon.colcon_core.shell:Creating package script '/home/thanhtan/ros_ws/install/serial/share/serial/package.ps1'
[0.545s] INFO:colcon.colcon_core.shell:Creating package descriptor '/home/thanhtan/ros_ws/install/serial/share/serial/package.dsv'
[0.546s] INFO:colcon.colcon_core.shell:Creating package script '/home/thanhtan/ros_ws/install/serial/share/serial/package.sh'
[0.546s] INFO:colcon.colcon_core.shell:Creating package script '/home/thanhtan/ros_ws/install/serial/share/serial/package.bash'
[0.546s] INFO:colcon.colcon_core.shell:Creating package script '/home/thanhtan/ros_ws/install/serial/share/serial/package.zsh'
[0.546s] Level 1:colcon.colcon_core.environment:create_file_with_runtime_dependencies(/home/thanhtan/ros_ws/install/serial/share/colcon-core/packages/serial)
[0.584s] Level 1:colcon.colcon_core.environment:create_environment_scripts_only(serial)
[0.584s] Level 1:colcon.colcon_core.environment:checking '/home/thanhtan/ros_ws/install/serial' for CMake module files
[0.585s] Level 1:colcon.colcon_core.environment:checking '/home/thanhtan/ros_ws/install/serial' for CMake config files
[0.585s] Level 1:colcon.colcon_core.shell:create_environment_hook('serial', 'cmake_prefix_path')
[0.586s] INFO:colcon.colcon_core.shell:Creating environment hook '/home/thanhtan/ros_ws/install/serial/share/serial/hook/cmake_prefix_path.ps1'
[0.586s] INFO:colcon.colcon_core.shell:Creating environment descriptor '/home/thanhtan/ros_ws/install/serial/share/serial/hook/cmake_prefix_path.dsv'
[0.587s] INFO:colcon.colcon_core.shell:Creating environment hook '/home/thanhtan/ros_ws/install/serial/share/serial/hook/cmake_prefix_path.sh'
[0.587s] Level 1:colcon.colcon_core.environment:checking '/home/thanhtan/ros_ws/install/serial/lib'
[0.587s] Level 1:colcon.colcon_core.environment:checking '/home/thanhtan/ros_ws/install/serial/bin'
[0.587s] Level 1:colcon.colcon_core.environment:checking '/home/thanhtan/ros_ws/install/serial/lib/pkgconfig/serial.pc'
[0.588s] Level 1:colcon.colcon_core.environment:checking '/home/thanhtan/ros_ws/install/serial/lib/python3.8/site-packages'
[0.588s] Level 1:colcon.colcon_core.environment:checking '/home/thanhtan/ros_ws/install/serial/bin'
[0.588s] INFO:colcon.colcon_core.shell:Creating package script '/home/thanhtan/ros_ws/install/serial/share/serial/package.ps1'
[0.589s] INFO:colcon.colcon_core.shell:Creating package descriptor '/home/thanhtan/ros_ws/install/serial/share/serial/package.dsv'
[0.589s] INFO:colcon.colcon_core.shell:Creating package script '/home/thanhtan/ros_ws/install/serial/share/serial/package.sh'
[0.589s] INFO:colcon.colcon_core.shell:Creating package script '/home/thanhtan/ros_ws/install/serial/share/serial/package.bash'
[0.590s] INFO:colcon.colcon_core.shell:Creating package script '/home/thanhtan/ros_ws/install/serial/share/serial/package.zsh'
[0.590s] Level 1:colcon.colcon_core.environment:create_file_with_runtime_dependencies(/home/thanhtan/ros_ws/install/serial/share/colcon-core/packages/serial)
[0.591s] INFO:colcon.colcon_ros.task.ament_cmake.build:Building ROS package in '/home/thanhtan/ros_ws/src/diffdrive_arduino' with build type 'ament_cmake'
[0.591s] INFO:colcon.colcon_cmake.task.cmake.build:Building CMake package in '/home/thanhtan/ros_ws/src/diffdrive_arduino'
[0.591s] INFO:colcon.colcon_core.shell:Skip shell extension 'powershell' for command environment: Not usable outside of PowerShell
[0.591s] DEBUG:colcon.colcon_core.shell:Skip shell extension 'dsv' for command environment
[0.609s] DEBUG:colcon.colcon_core.event_handler.log_command:Invoking command in '/home/thanhtan/ros_ws/build/diffdrive_arduino': CMAKE_PREFIX_PATH=/home/thanhtan/ros_ws/install/serial:/home/thanhtan/ros_ws/install/diffdrive_arduino:/home/thanhtan/ros_ws/install/serial_motor_demo_msgs:/home/thanhtan/ros_ws/install/my_bot:/home/thanhtan/ros_ws/install/serial_motor_demo:/opt/ros/foxy /usr/bin/cmake --build /home/thanhtan/ros_ws/build/diffdrive_arduino -- -j12 -l12
[0.610s] DEBUG:colcon.colcon_core.event_handler.log_command:Invoked command in '/home/thanhtan/ros_ws/build/serial_motor_demo_msgs' returned '0': CMAKE_PREFIX_PATH=${CMAKE_PREFIX_PATH}:/home/thanhtan/ros_ws/install/serial_motor_demo:/opt/ros/foxy /usr/bin/cmake --build /home/thanhtan/ros_ws/build/serial_motor_demo_msgs -- -j12 -l12
[0.689s] DEBUG:colcon.colcon_core.event_handler.log_command:Invoked command in '/home/thanhtan/ros_ws/build/diffdrive_arduino' returned '0': CMAKE_PREFIX_PATH=/home/thanhtan/ros_ws/install/serial:/home/thanhtan/ros_ws/install/diffdrive_arduino:/home/thanhtan/ros_ws/install/serial_motor_demo_msgs:/home/thanhtan/ros_ws/install/my_bot:/home/thanhtan/ros_ws/install/serial_motor_demo:/opt/ros/foxy /usr/bin/cmake --build /home/thanhtan/ros_ws/build/diffdrive_arduino -- -j12 -l12
[0.701s] DEBUG:colcon.colcon_core.event_handler.log_command:Invoking command in '/home/thanhtan/ros_ws/build/serial_motor_demo_msgs': CMAKE_PREFIX_PATH=${CMAKE_PREFIX_PATH}:/home/thanhtan/ros_ws/install/serial_motor_demo:/opt/ros/foxy /usr/bin/cmake --install /home/thanhtan/ros_ws/build/serial_motor_demo_msgs
[0.727s] DEBUG:colcon.colcon_core.event_handler.log_command:Invoking command in '/home/thanhtan/ros_ws/build/diffdrive_arduino': CMAKE_PREFIX_PATH=/home/thanhtan/ros_ws/install/serial:/home/thanhtan/ros_ws/install/diffdrive_arduino:/home/thanhtan/ros_ws/install/serial_motor_demo_msgs:/home/thanhtan/ros_ws/install/my_bot:/home/thanhtan/ros_ws/install/serial_motor_demo:/opt/ros/foxy /usr/bin/cmake --install /home/thanhtan/ros_ws/build/diffdrive_arduino
[0.754s] Level 1:colcon.colcon_core.environment:create_environment_scripts_only(diffdrive_arduino)
[0.754s] Level 1:colcon.colcon_core.environment:checking '/home/thanhtan/ros_ws/install/diffdrive_arduino' for CMake module files
[0.755s] DEBUG:colcon.colcon_core.event_handler.log_command:Invoked command in '/home/thanhtan/ros_ws/build/diffdrive_arduino' returned '0': CMAKE_PREFIX_PATH=/home/thanhtan/ros_ws/install/serial:/home/thanhtan/ros_ws/install/diffdrive_arduino:/home/thanhtan/ros_ws/install/serial_motor_demo_msgs:/home/thanhtan/ros_ws/install/my_bot:/home/thanhtan/ros_ws/install/serial_motor_demo:/opt/ros/foxy /usr/bin/cmake --install /home/thanhtan/ros_ws/build/diffdrive_arduino
[0.755s] Level 1:colcon.colcon_core.environment:checking '/home/thanhtan/ros_ws/install/diffdrive_arduino' for CMake config files
[0.755s] Level 1:colcon.colcon_core.shell:create_environment_hook('diffdrive_arduino', 'cmake_prefix_path')
[0.756s] INFO:colcon.colcon_core.shell:Creating environment hook '/home/thanhtan/ros_ws/install/diffdrive_arduino/share/diffdrive_arduino/hook/cmake_prefix_path.ps1'
[0.756s] INFO:colcon.colcon_core.shell:Creating environment descriptor '/home/thanhtan/ros_ws/install/diffdrive_arduino/share/diffdrive_arduino/hook/cmake_prefix_path.dsv'
[0.757s] INFO:colcon.colcon_core.shell:Creating environment hook '/home/thanhtan/ros_ws/install/diffdrive_arduino/share/diffdrive_arduino/hook/cmake_prefix_path.sh'
[0.757s] Level 1:colcon.colcon_core.environment:checking '/home/thanhtan/ros_ws/install/diffdrive_arduino/lib'
[0.757s] Level 1:colcon.colcon_core.shell:create_environment_hook('diffdrive_arduino', 'ld_library_path_lib')
[0.758s] INFO:colcon.colcon_core.shell:Creating environment hook '/home/thanhtan/ros_ws/install/diffdrive_arduino/share/diffdrive_arduino/hook/ld_library_path_lib.ps1'
[0.758s] INFO:colcon.colcon_core.shell:Creating environment descriptor '/home/thanhtan/ros_ws/install/diffdrive_arduino/share/diffdrive_arduino/hook/ld_library_path_lib.dsv'
[0.758s] INFO:colcon.colcon_core.shell:Creating environment hook '/home/thanhtan/ros_ws/install/diffdrive_arduino/share/diffdrive_arduino/hook/ld_library_path_lib.sh'
[0.759s] Level 1:colcon.colcon_core.environment:checking '/home/thanhtan/ros_ws/install/diffdrive_arduino/bin'
[0.759s] Level 1:colcon.colcon_core.environment:checking '/home/thanhtan/ros_ws/install/diffdrive_arduino/lib/pkgconfig/diffdrive_arduino.pc'
[0.759s] Level 1:colcon.colcon_core.environment:checking '/home/thanhtan/ros_ws/install/diffdrive_arduino/lib/python3.8/site-packages'
[0.759s] Level 1:colcon.colcon_core.environment:checking '/home/thanhtan/ros_ws/install/diffdrive_arduino/bin'
[0.759s] INFO:colcon.colcon_core.shell:Creating package script '/home/thanhtan/ros_ws/install/diffdrive_arduino/share/diffdrive_arduino/package.ps1'
[0.760s] INFO:colcon.colcon_core.shell:Creating package descriptor '/home/thanhtan/ros_ws/install/diffdrive_arduino/share/diffdrive_arduino/package.dsv'
[0.760s] INFO:colcon.colcon_core.shell:Creating package script '/home/thanhtan/ros_ws/install/diffdrive_arduino/share/diffdrive_arduino/package.sh'
[0.761s] INFO:colcon.colcon_core.shell:Creating package script '/home/thanhtan/ros_ws/install/diffdrive_arduino/share/diffdrive_arduino/package.bash'
[0.761s] INFO:colcon.colcon_core.shell:Creating package script '/home/thanhtan/ros_ws/install/diffdrive_arduino/share/diffdrive_arduino/package.zsh'
[0.762s] Level 1:colcon.colcon_core.environment:create_file_with_runtime_dependencies(/home/thanhtan/ros_ws/install/diffdrive_arduino/share/colcon-core/packages/diffdrive_arduino)
[0.785s] Level 1:colcon.colcon_core.environment:create_environment_scripts_only(serial_motor_demo_msgs)
[0.786s] Level 1:colcon.colcon_core.environment:checking '/home/thanhtan/ros_ws/install/serial_motor_demo_msgs' for CMake module files
[0.786s] DEBUG:colcon.colcon_core.event_handler.log_command:Invoked command in '/home/thanhtan/ros_ws/build/serial_motor_demo_msgs' returned '0': CMAKE_PREFIX_PATH=${CMAKE_PREFIX_PATH}:/home/thanhtan/ros_ws/install/serial_motor_demo:/opt/ros/foxy /usr/bin/cmake --install /home/thanhtan/ros_ws/build/serial_motor_demo_msgs
[0.787s] Level 1:colcon.colcon_core.environment:checking '/home/thanhtan/ros_ws/install/serial_motor_demo_msgs' for CMake config files
[0.787s] Level 1:colcon.colcon_core.shell:create_environment_hook('serial_motor_demo_msgs', 'cmake_prefix_path')
[0.788s] INFO:colcon.colcon_core.shell:Creating environment hook '/home/thanhtan/ros_ws/install/serial_motor_demo_msgs/share/serial_motor_demo_msgs/hook/cmake_prefix_path.ps1'
[0.789s] INFO:colcon.colcon_core.shell:Creating environment descriptor '/home/thanhtan/ros_ws/install/serial_motor_demo_msgs/share/serial_motor_demo_msgs/hook/cmake_prefix_path.dsv'
[0.789s] INFO:colcon.colcon_core.shell:Creating environment hook '/home/thanhtan/ros_ws/install/serial_motor_demo_msgs/share/serial_motor_demo_msgs/hook/cmake_prefix_path.sh'
[0.790s] Level 1:colcon.colcon_core.environment:checking '/home/thanhtan/ros_ws/install/serial_motor_demo_msgs/lib'
[0.790s] Level 1:colcon.colcon_core.shell:create_environment_hook('serial_motor_demo_msgs', 'ld_library_path_lib')
[0.790s] INFO:colcon.colcon_core.shell:Creating environment hook '/home/thanhtan/ros_ws/install/serial_motor_demo_msgs/share/serial_motor_demo_msgs/hook/ld_library_path_lib.ps1'
[0.790s] INFO:colcon.colcon_core.shell:Creating environment descriptor '/home/thanhtan/ros_ws/install/serial_motor_demo_msgs/share/serial_motor_demo_msgs/hook/ld_library_path_lib.dsv'
[0.791s] INFO:colcon.colcon_core.shell:Creating environment hook '/home/thanhtan/ros_ws/install/serial_motor_demo_msgs/share/serial_motor_demo_msgs/hook/ld_library_path_lib.sh'
[0.791s] Level 1:colcon.colcon_core.environment:checking '/home/thanhtan/ros_ws/install/serial_motor_demo_msgs/bin'
[0.791s] Level 1:colcon.colcon_core.environment:checking '/home/thanhtan/ros_ws/install/serial_motor_demo_msgs/lib/pkgconfig/serial_motor_demo_msgs.pc'
[0.791s] Level 1:colcon.colcon_core.environment:checking '/home/thanhtan/ros_ws/install/serial_motor_demo_msgs/lib/python3.8/site-packages'
[0.791s] Level 1:colcon.colcon_core.shell:create_environment_hook('serial_motor_demo_msgs', 'pythonpath')
[0.792s] INFO:colcon.colcon_core.shell:Creating environment hook '/home/thanhtan/ros_ws/install/serial_motor_demo_msgs/share/serial_motor_demo_msgs/hook/pythonpath.ps1'
[0.792s] INFO:colcon.colcon_core.shell:Creating environment descriptor '/home/thanhtan/ros_ws/install/serial_motor_demo_msgs/share/serial_motor_demo_msgs/hook/pythonpath.dsv'
[0.792s] INFO:colcon.colcon_core.shell:Creating environment hook '/home/thanhtan/ros_ws/install/serial_motor_demo_msgs/share/serial_motor_demo_msgs/hook/pythonpath.sh'
[0.792s] Level 1:colcon.colcon_core.environment:checking '/home/thanhtan/ros_ws/install/serial_motor_demo_msgs/bin'
[0.793s] INFO:colcon.colcon_core.shell:Creating package script '/home/thanhtan/ros_ws/install/serial_motor_demo_msgs/share/serial_motor_demo_msgs/package.ps1'
[0.793s] INFO:colcon.colcon_core.shell:Creating package descriptor '/home/thanhtan/ros_ws/install/serial_motor_demo_msgs/share/serial_motor_demo_msgs/package.dsv'
[0.794s] INFO:colcon.colcon_core.shell:Creating package script '/home/thanhtan/ros_ws/install/serial_motor_demo_msgs/share/serial_motor_demo_msgs/package.sh'
[0.794s] INFO:colcon.colcon_core.shell:Creating package script '/home/thanhtan/ros_ws/install/serial_motor_demo_msgs/share/serial_motor_demo_msgs/package.bash'
[0.794s] INFO:colcon.colcon_core.shell:Creating package script '/home/thanhtan/ros_ws/install/serial_motor_demo_msgs/share/serial_motor_demo_msgs/package.zsh'
[0.795s] Level 1:colcon.colcon_core.environment:create_file_with_runtime_dependencies(/home/thanhtan/ros_ws/install/serial_motor_demo_msgs/share/colcon-core/packages/serial_motor_demo_msgs)
[0.799s] Level 1:colcon.colcon_core.environment:create_environment_scripts_only(diffdrive_arduino)
[0.800s] Level 1:colcon.colcon_core.environment:checking '/home/thanhtan/ros_ws/install/diffdrive_arduino' for CMake module files
[0.800s] Level 1:colcon.colcon_core.environment:checking '/home/thanhtan/ros_ws/install/diffdrive_arduino' for CMake config files
[0.800s] Level 1:colcon.colcon_core.shell:create_environment_hook('diffdrive_arduino', 'cmake_prefix_path')
[0.801s] INFO:colcon.colcon_core.shell:Creating environment hook '/home/thanhtan/ros_ws/install/diffdrive_arduino/share/diffdrive_arduino/hook/cmake_prefix_path.ps1'
[0.801s] INFO:colcon.colcon_core.shell:Creating environment descriptor '/home/thanhtan/ros_ws/install/diffdrive_arduino/share/diffdrive_arduino/hook/cmake_prefix_path.dsv'
[0.801s] INFO:colcon.colcon_core.shell:Creating environment hook '/home/thanhtan/ros_ws/install/diffdrive_arduino/share/diffdrive_arduino/hook/cmake_prefix_path.sh'
[0.802s] Level 1:colcon.colcon_core.environment:checking '/home/thanhtan/ros_ws/install/diffdrive_arduino/lib'
[0.802s] Level 1:colcon.colcon_core.shell:create_environment_hook('diffdrive_arduino', 'ld_library_path_lib')
[0.802s] INFO:colcon.colcon_core.shell:Creating environment hook '/home/thanhtan/ros_ws/install/diffdrive_arduino/share/diffdrive_arduino/hook/ld_library_path_lib.ps1'
[0.802s] INFO:colcon.colcon_core.shell:Creating environment descriptor '/home/thanhtan/ros_ws/install/diffdrive_arduino/share/diffdrive_arduino/hook/ld_library_path_lib.dsv'
[0.803s] INFO:colcon.colcon_core.shell:Creating environment hook '/home/thanhtan/ros_ws/install/diffdrive_arduino/share/diffdrive_arduino/hook/ld_library_path_lib.sh'
[0.803s] Level 1:colcon.colcon_core.environment:checking '/home/thanhtan/ros_ws/install/diffdrive_arduino/bin'
[0.803s] Level 1:colcon.colcon_core.environment:checking '/home/thanhtan/ros_ws/install/diffdrive_arduino/lib/pkgconfig/diffdrive_arduino.pc'
[0.803s] Level 1:colcon.colcon_core.environment:checking '/home/thanhtan/ros_ws/install/diffdrive_arduino/lib/python3.8/site-packages'
[0.803s] Level 1:colcon.colcon_core.environment:checking '/home/thanhtan/ros_ws/install/diffdrive_arduino/bin'
[0.804s] INFO:colcon.colcon_core.shell:Creating package script '/home/thanhtan/ros_ws/install/diffdrive_arduino/share/diffdrive_arduino/package.ps1'
[0.804s] INFO:colcon.colcon_core.shell:Creating package descriptor '/home/thanhtan/ros_ws/install/diffdrive_arduino/share/diffdrive_arduino/package.dsv'
[0.804s] INFO:colcon.colcon_core.shell:Creating package script '/home/thanhtan/ros_ws/install/diffdrive_arduino/share/diffdrive_arduino/package.sh'
[0.805s] INFO:colcon.colcon_core.shell:Creating package script '/home/thanhtan/ros_ws/install/diffdrive_arduino/share/diffdrive_arduino/package.bash'
[0.805s] INFO:colcon.colcon_core.shell:Creating package script '/home/thanhtan/ros_ws/install/diffdrive_arduino/share/diffdrive_arduino/package.zsh'
[0.805s] Level 1:colcon.colcon_core.environment:create_file_with_runtime_dependencies(/home/thanhtan/ros_ws/install/diffdrive_arduino/share/colcon-core/packages/diffdrive_arduino)
[0.887s] Level 1:colcon.colcon_core.environment:create_environment_scripts_only(serial_motor_demo_msgs)
[0.887s] Level 1:colcon.colcon_core.environment:checking '/home/thanhtan/ros_ws/install/serial_motor_demo_msgs' for CMake module files
[0.888s] Level 1:colcon.colcon_core.environment:checking '/home/thanhtan/ros_ws/install/serial_motor_demo_msgs' for CMake config files
[0.888s] Level 1:colcon.colcon_core.shell:create_environment_hook('serial_motor_demo_msgs', 'cmake_prefix_path')
[0.889s] INFO:colcon.colcon_core.shell:Creating environment hook '/home/thanhtan/ros_ws/install/serial_motor_demo_msgs/share/serial_motor_demo_msgs/hook/cmake_prefix_path.ps1'
[0.889s] INFO:colcon.colcon_core.shell:Creating environment descriptor '/home/thanhtan/ros_ws/install/serial_motor_demo_msgs/share/serial_motor_demo_msgs/hook/cmake_prefix_path.dsv'
[0.889s] INFO:colcon.colcon_core.shell:Creating environment hook '/home/thanhtan/ros_ws/install/serial_motor_demo_msgs/share/serial_motor_demo_msgs/hook/cmake_prefix_path.sh'
[0.890s] Level 1:colcon.colcon_core.environment:checking '/home/thanhtan/ros_ws/install/serial_motor_demo_msgs/lib'
[0.890s] Level 1:colcon.colcon_core.shell:create_environment_hook('serial_motor_demo_msgs', 'ld_library_path_lib')
[0.891s] INFO:colcon.colcon_core.shell:Creating environment hook '/home/thanhtan/ros_ws/install/serial_motor_demo_msgs/share/serial_motor_demo_msgs/hook/ld_library_path_lib.ps1'
[0.891s] INFO:colcon.colcon_core.shell:Creating environment descriptor '/home/thanhtan/ros_ws/install/serial_motor_demo_msgs/share/serial_motor_demo_msgs/hook/ld_library_path_lib.dsv'
[0.892s] INFO:colcon.colcon_core.shell:Creating environment hook '/home/thanhtan/ros_ws/install/serial_motor_demo_msgs/share/serial_motor_demo_msgs/hook/ld_library_path_lib.sh'
[0.893s] Level 1:colcon.colcon_core.environment:checking '/home/thanhtan/ros_ws/install/serial_motor_demo_msgs/bin'
[0.893s] Level 1:colcon.colcon_core.environment:checking '/home/thanhtan/ros_ws/install/serial_motor_demo_msgs/lib/pkgconfig/serial_motor_demo_msgs.pc'
[0.894s] Level 1:colcon.colcon_core.environment:checking '/home/thanhtan/ros_ws/install/serial_motor_demo_msgs/lib/python3.8/site-packages'
[0.894s] Level 1:colcon.colcon_core.shell:create_environment_hook('serial_motor_demo_msgs', 'pythonpath')
[0.894s] INFO:colcon.colcon_core.shell:Creating environment hook '/home/thanhtan/ros_ws/install/serial_motor_demo_msgs/share/serial_motor_demo_msgs/hook/pythonpath.ps1'
[0.895s] INFO:colcon.colcon_core.shell:Creating environment descriptor '/home/thanhtan/ros_ws/install/serial_motor_demo_msgs/share/serial_motor_demo_msgs/hook/pythonpath.dsv'
[0.895s] INFO:colcon.colcon_core.shell:Creating environment hook '/home/thanhtan/ros_ws/install/serial_motor_demo_msgs/share/serial_motor_demo_msgs/hook/pythonpath.sh'
[0.895s] Level 1:colcon.colcon_core.environment:checking '/home/thanhtan/ros_ws/install/serial_motor_demo_msgs/bin'
[0.896s] INFO:colcon.colcon_core.shell:Creating package script '/home/thanhtan/ros_ws/install/serial_motor_demo_msgs/share/serial_motor_demo_msgs/package.ps1'
[0.896s] INFO:colcon.colcon_core.shell:Creating package descriptor '/home/thanhtan/ros_ws/install/serial_motor_demo_msgs/share/serial_motor_demo_msgs/package.dsv'
[0.897s] INFO:colcon.colcon_core.shell:Creating package script '/home/thanhtan/ros_ws/install/serial_motor_demo_msgs/share/serial_motor_demo_msgs/package.sh'
[0.897s] INFO:colcon.colcon_core.shell:Creating package script '/home/thanhtan/ros_ws/install/serial_motor_demo_msgs/share/serial_motor_demo_msgs/package.bash'
[0.897s] INFO:colcon.colcon_core.shell:Creating package script '/home/thanhtan/ros_ws/install/serial_motor_demo_msgs/share/serial_motor_demo_msgs/package.zsh'
[0.898s] Level 1:colcon.colcon_core.environment:create_file_with_runtime_dependencies(/home/thanhtan/ros_ws/install/serial_motor_demo_msgs/share/colcon-core/packages/serial_motor_demo_msgs)
[0.898s] INFO:colcon.colcon_ros.task.ament_python.build:Building ROS package in '/home/thanhtan/ros_ws/src/serial_motor_demo/serial_motor_demo' with build type 'ament_python'
[0.898s] Level 1:colcon.colcon_core.shell:create_environment_hook('serial_motor_demo', 'ament_prefix_path')
[0.898s] INFO:colcon.colcon_core.shell:Creating environment hook '/home/thanhtan/ros_ws/install/serial_motor_demo/share/serial_motor_demo/hook/ament_prefix_path.ps1'
[0.899s] INFO:colcon.colcon_core.shell:Creating environment descriptor '/home/thanhtan/ros_ws/install/serial_motor_demo/share/serial_motor_demo/hook/ament_prefix_path.dsv'
[0.899s] INFO:colcon.colcon_core.shell:Creating environment hook '/home/thanhtan/ros_ws/install/serial_motor_demo/share/serial_motor_demo/hook/ament_prefix_path.sh'
[0.900s] INFO:colcon.colcon_core.shell:Skip shell extension 'powershell' for command environment: Not usable outside of PowerShell
[0.900s] DEBUG:colcon.colcon_core.shell:Skip shell extension 'dsv' for command environment
[1.141s] INFO:colcon.colcon_core.task.python.build:Building Python package in '/home/thanhtan/ros_ws/src/serial_motor_demo/serial_motor_demo'
[1.142s] INFO:colcon.colcon_core.shell:Skip shell extension 'powershell' for command environment: Not usable outside of PowerShell
[1.142s] DEBUG:colcon.colcon_core.shell:Skip shell extension 'dsv' for command environment
[1.600s] DEBUG:colcon.colcon_core.event_handler.log_command:Invoking command in '/home/thanhtan/ros_ws/build/serial_motor_demo': CMAKE_PREFIX_PATH=/home/thanhtan/ros_ws/install/serial_motor_demo_msgs:/home/thanhtan/ros_ws/install/diffdrive_arduino:/home/thanhtan/ros_ws/install/serial:/home/thanhtan/ros_ws/install/my_bot LD_LIBRARY_PATH=/home/thanhtan/ros_ws/install/serial_motor_demo_msgs/lib:/home/thanhtan/ros_ws/install/diffdrive_arduino/lib:/home/thanhtan/ros_ws/install/serial/lib:/usr/lib/x86_64-linux-gnu/gazebo-11/plugins:/opt/ros/foxy/opt/yaml_cpp_vendor/lib:/opt/ros/foxy/opt/rviz_ogre_vendor/lib:/opt/ros/foxy/lib/x86_64-linux-gnu:/opt/ros/foxy/lib PYTHONPATH=/home/thanhtan/ros_ws/build/serial_motor_demo/prefix_override:/usr/lib/python3/dist-packages/colcon_core/task/python/colcon_distutils_commands:/home/thanhtan/ros_ws/install/serial_motor_demo/lib/python3.8/site-packages:/home/thanhtan/ros_ws/install/serial_motor_demo_msgs/lib/python3.8/site-packages:/home/thanhtan/ros_ws/build/serial_motor_demo:/home/thanhtan/ros_ws/install/serial_motor_demo/lib/python3.8/site-packages:/opt/ros/foxy/lib/python3.8/site-packages /usr/bin/python3 -W ignore:setup.py install is deprecated setup.py develop --editable --build-directory /home/thanhtan/ros_ws/build/serial_motor_demo/build --no-deps symlink_data
[2.079s] Level 1:colcon.colcon_core.shell:create_environment_hook('serial_motor_demo', 'pythonpath_develop')
[2.079s] INFO:colcon.colcon_core.shell:Creating environment hook '/home/thanhtan/ros_ws/build/serial_motor_demo/share/serial_motor_demo/hook/pythonpath_develop.ps1'
[2.080s] DEBUG:colcon.colcon_core.event_handler.log_command:Invoked command in '/home/thanhtan/ros_ws/build/serial_motor_demo' returned '0': CMAKE_PREFIX_PATH=/home/thanhtan/ros_ws/install/serial_motor_demo_msgs:/home/thanhtan/ros_ws/install/diffdrive_arduino:/home/thanhtan/ros_ws/install/serial:/home/thanhtan/ros_ws/install/my_bot LD_LIBRARY_PATH=/home/thanhtan/ros_ws/install/serial_motor_demo_msgs/lib:/home/thanhtan/ros_ws/install/diffdrive_arduino/lib:/home/thanhtan/ros_ws/install/serial/lib:/usr/lib/x86_64-linux-gnu/gazebo-11/plugins:/opt/ros/foxy/opt/yaml_cpp_vendor/lib:/opt/ros/foxy/opt/rviz_ogre_vendor/lib:/opt/ros/foxy/lib/x86_64-linux-gnu:/opt/ros/foxy/lib PYTHONPATH=/home/thanhtan/ros_ws/build/serial_motor_demo/prefix_override:/usr/lib/python3/dist-packages/colcon_core/task/python/colcon_distutils_commands:/home/thanhtan/ros_ws/install/serial_motor_demo/lib/python3.8/site-packages:/home/thanhtan/ros_ws/install/serial_motor_demo_msgs/lib/python3.8/site-packages:/home/thanhtan/ros_ws/build/serial_motor_demo:/home/thanhtan/ros_ws/install/serial_motor_demo/lib/python3.8/site-packages:/opt/ros/foxy/lib/python3.8/site-packages /usr/bin/python3 -W ignore:setup.py install is deprecated setup.py develop --editable --build-directory /home/thanhtan/ros_ws/build/serial_motor_demo/build --no-deps symlink_data
[2.081s] INFO:colcon.colcon_core.shell:Creating environment descriptor '/home/thanhtan/ros_ws/build/serial_motor_demo/share/serial_motor_demo/hook/pythonpath_develop.dsv'
[2.081s] INFO:colcon.colcon_core.shell:Creating environment hook '/home/thanhtan/ros_ws/build/serial_motor_demo/share/serial_motor_demo/hook/pythonpath_develop.sh'
[2.082s] Level 1:colcon.colcon_core.environment:checking '/home/thanhtan/ros_ws/install/serial_motor_demo' for CMake module files
[2.083s] Level 1:colcon.colcon_core.environment:checking '/home/thanhtan/ros_ws/install/serial_motor_demo' for CMake config files
[2.084s] Level 1:colcon.colcon_core.environment:checking '/home/thanhtan/ros_ws/install/serial_motor_demo/lib'
[2.084s] Level 1:colcon.colcon_core.environment:checking '/home/thanhtan/ros_ws/install/serial_motor_demo/bin'
[2.084s] Level 1:colcon.colcon_core.environment:checking '/home/thanhtan/ros_ws/install/serial_motor_demo/lib/pkgconfig/serial_motor_demo.pc'
[2.084s] Level 1:colcon.colcon_core.environment:checking '/home/thanhtan/ros_ws/install/serial_motor_demo/lib/python3.8/site-packages'
[2.085s] Level 1:colcon.colcon_core.shell:create_environment_hook('serial_motor_demo', 'pythonpath')
[2.085s] INFO:colcon.colcon_core.shell:Creating environment hook '/home/thanhtan/ros_ws/install/serial_motor_demo/share/serial_motor_demo/hook/pythonpath.ps1'
[2.085s] INFO:colcon.colcon_core.shell:Creating environment descriptor '/home/thanhtan/ros_ws/install/serial_motor_demo/share/serial_motor_demo/hook/pythonpath.dsv'
[2.086s] INFO:colcon.colcon_core.shell:Creating environment hook '/home/thanhtan/ros_ws/install/serial_motor_demo/share/serial_motor_demo/hook/pythonpath.sh'
[2.087s] Level 1:colcon.colcon_core.environment:checking '/home/thanhtan/ros_ws/install/serial_motor_demo/bin'
[2.087s] Level 1:colcon.colcon_core.environment:create_environment_scripts_only(serial_motor_demo)
[2.087s] INFO:colcon.colcon_core.shell:Creating package script '/home/thanhtan/ros_ws/install/serial_motor_demo/share/serial_motor_demo/package.ps1'
[2.088s] INFO:colcon.colcon_core.shell:Creating package descriptor '/home/thanhtan/ros_ws/install/serial_motor_demo/share/serial_motor_demo/package.dsv'
[2.089s] INFO:colcon.colcon_core.shell:Creating package script '/home/thanhtan/ros_ws/install/serial_motor_demo/share/serial_motor_demo/package.sh'
[2.089s] INFO:colcon.colcon_core.shell:Creating package script '/home/thanhtan/ros_ws/install/serial_motor_demo/share/serial_motor_demo/package.bash'
[2.090s] INFO:colcon.colcon_core.shell:Creating package script '/home/thanhtan/ros_ws/install/serial_motor_demo/share/serial_motor_demo/package.zsh'
[2.090s] Level 1:colcon.colcon_core.environment:create_file_with_runtime_dependencies(/home/thanhtan/ros_ws/install/serial_motor_demo/share/colcon-core/packages/serial_motor_demo)
[2.091s] DEBUG:colcon.colcon_parallel_executor.executor.parallel:closing loop
[2.091s] DEBUG:colcon.colcon_parallel_executor.executor.parallel:loop closed
[2.091s] DEBUG:colcon.colcon_parallel_executor.executor.parallel:run_until_complete finished with '0'
[2.091s] DEBUG:colcon.colcon_core.event_reactor:joining thread
[2.098s] INFO:colcon.colcon_core.plugin_system:Skipping extension 'colcon_notification.desktop_notification.terminal_notifier': Not used on non-Darwin systems
[2.098s] INFO:colcon.colcon_core.plugin_system:Skipping extension 'colcon_notification.desktop_notification.win32': Not used on non-Windows systems
[2.098s] INFO:colcon.colcon_notification.desktop_notification:Sending desktop notification using 'notify2'
[2.112s] DEBUG:colcon.colcon_core.event_reactor:joined thread
[2.112s] INFO:colcon.colcon_core.shell:Creating prefix script '/home/thanhtan/ros_ws/install/local_setup.ps1'
[2.113s] INFO:colcon.colcon_core.shell:Creating prefix util module '/home/thanhtan/ros_ws/install/_local_setup_util_ps1.py'
[2.114s] INFO:colcon.colcon_core.shell:Creating prefix chain script '/home/thanhtan/ros_ws/install/setup.ps1'
[2.115s] INFO:colcon.colcon_core.shell:Creating prefix script '/home/thanhtan/ros_ws/install/local_setup.sh'
[2.115s] INFO:colcon.colcon_core.shell:Creating prefix util module '/home/thanhtan/ros_ws/install/_local_setup_util_sh.py'
[2.116s] INFO:colcon.colcon_core.shell:Creating prefix chain script '/home/thanhtan/ros_ws/install/setup.sh'
[2.116s] INFO:colcon.colcon_core.shell:Creating prefix script '/home/thanhtan/ros_ws/install/local_setup.bash'
[2.117s] INFO:colcon.colcon_core.shell:Creating prefix chain script '/home/thanhtan/ros_ws/install/setup.bash'
[2.118s] INFO:colcon.colcon_core.shell:Creating prefix script '/home/thanhtan/ros_ws/install/local_setup.zsh'
[2.118s] INFO:colcon.colcon_core.shell:Creating prefix chain script '/home/thanhtan/ros_ws/install/setup.zsh'
