[0.024s] Invoking command in '/home/thanhtan/ros_ws/build/serial': CMAKE_PREFIX_PATH=${CMAKE_PREFIX_PATH}:/home/thanhtan/ros_ws/install/serial_motor_demo:/opt/ros/foxy /usr/bin/cmake /home/thanhtan/ros_ws/src/serial -DAMENT_CMAKE_SYMLINK_INSTALL=1 -DCMAKE_INSTALL_PREFIX=/home/thanhtan/ros_ws/install/serial
[0.127s] -- The C compiler identification is GNU 9.4.0
[0.223s] -- The CXX compiler identification is GNU 9.4.0
[0.228s] -- Check for working C compiler: /usr/bin/cc
[0.297s] -- Check for working C compiler: /usr/bin/cc -- works
[0.299s] -- Detecting C compiler ABI info
[0.374s] -- Detecting C compiler ABI info - done
[0.387s] -- Detecting C compile features
[0.387s] -- Detecting C compile features - done
[0.390s] -- Check for working CXX compiler: /usr/bin/c++
[0.476s] -- Check for working CXX compiler: /usr/bin/c++ -- works
[0.476s] -- Detecting CXX compiler ABI info
[0.565s] -- Detecting CXX compiler ABI info - done
[0.574s] -- Detecting CXX compile features
[0.574s] -- Detecting CXX compile features - done
[0.577s] -- Found ament_cmake: 0.9.12 (/opt/ros/foxy/share/ament_cmake/cmake)
[0.600s] -- Found PythonInterp: /usr/bin/python3 (found suitable version "3.8.10", minimum required is "3") 
[0.600s] -- Using PYTHON_EXECUTABLE: /usr/bin/python3
[0.745s] -- Override CMake install command with custom implementation using symlinks instead of copying resources
[0.784s] -- Found ament_cmake_gtest: 0.9.12 (/opt/ros/foxy/share/ament_cmake_gtest/cmake)
[0.795s] -- Found Boost: /usr/lib/x86_64-linux-gnu/cmake/Boost-1.71.0/BoostConfig.cmake (found version "1.71.0")  
[0.798s] -- Found gtest sources under '/opt/ros/foxy/src/gtest_vendor': C++ tests using 'Google Test' will be built
[0.801s] -- Looking for pthread.h
[0.885s] -- Looking for pthread.h - found
[0.885s] -- Performing Test CMAKE_HAVE_LIBC_PTHREAD
[0.968s] -- Performing Test CMAKE_HAVE_LIBC_PTHREAD - Failed
[0.968s] -- Check if compiler accepts -pthread
[1.049s] -- Check if compiler accepts -pthread - yes
[1.050s] -- Found Threads: TRUE  
[1.108s] -- Configuring done
[1.118s] -- Generating done
[1.119s] -- Build files have been written to: /home/thanhtan/ros_ws/build/serial
[1.123s] Invoked command in '/home/thanhtan/ros_ws/build/serial' returned '0': CMAKE_PREFIX_PATH=${CMAKE_PREFIX_PATH}:/home/thanhtan/ros_ws/install/serial_motor_demo:/opt/ros/foxy /usr/bin/cmake /home/thanhtan/ros_ws/src/serial -DAMENT_CMAKE_SYMLINK_INSTALL=1 -DCMAKE_INSTALL_PREFIX=/home/thanhtan/ros_ws/install/serial
[1.127s] Invoking command in '/home/thanhtan/ros_ws/build/serial': CMAKE_PREFIX_PATH=${CMAKE_PREFIX_PATH}:/home/thanhtan/ros_ws/install/serial_motor_demo:/opt/ros/foxy /usr/bin/cmake --build /home/thanhtan/ros_ws/build/serial -- -j12 -l12
[1.169s] [35m[1mScanning dependencies of target gtest_main[0m
[1.169s] [35m[1mScanning dependencies of target gtest[0m
[1.169s] [35m[1mScanning dependencies of target serial[0m
[1.184s] [  7%] [32mBuilding CXX object CMakeFiles/serial.dir/src/impl/unix.cc.o[0m
[1.184s] [ 21%] [32mBuilding CXX object CMakeFiles/serial.dir/src/impl/list_ports/list_ports_linux.cc.o[0m
[1.185s] [ 21%] [32mBuilding CXX object CMakeFiles/serial.dir/src/serial.cc.o[0m
[1.189s] [ 28%] [32mBuilding CXX object gtest/CMakeFiles/gtest_main.dir/src/gtest_main.cc.o[0m
[1.190s] [ 35%] [32mBuilding CXX object gtest/CMakeFiles/gtest.dir/src/gtest-all.cc.o[0m
[1.679s] [ 42%] [32m[1mLinking CXX static library libserial.a[0m
[1.724s] [ 42%] Built target serial
[1.735s] [35m[1mScanning dependencies of target serial_example[0m
[1.750s] [ 50%] [32mBuilding CXX object CMakeFiles/serial_example.dir/examples/serial_example.cc.o[0m
[1.844s] [ 57%] [32m[1mLinking CXX static library libgtest_main.a[0m
[1.882s] [ 57%] Built target gtest_main
[2.048s] [ 64%] [32m[1mLinking CXX executable serial_example[0m
[2.120s] [ 64%] Built target serial_example
[3.843s] [ 71%] [32m[1mLinking CXX static library libgtest.a[0m
[3.913s] [ 71%] Built target gtest
[3.930s] [35m[1mScanning dependencies of target serial-test-timer[0m
[3.930s] [35m[1mScanning dependencies of target serial-test[0m
[3.945s] [ 85%] [32mBuilding CXX object tests/CMakeFiles/serial-test.dir/unix_serial_tests.cc.o[0m
[3.945s] [ 85%] [32mBuilding CXX object tests/CMakeFiles/serial-test-timer.dir/unit/unix_timer_tests.cc.o[0m
[4.551s] [ 92%] [32m[1mLinking CXX executable serial-test-timer[0m
[4.643s] [100%] [32m[1mLinking CXX executable serial-test[0m
[4.666s] [100%] Built target serial-test-timer
[4.763s] [100%] Built target serial-test
[4.773s] Invoked command in '/home/thanhtan/ros_ws/build/serial' returned '0': CMAKE_PREFIX_PATH=${CMAKE_PREFIX_PATH}:/home/thanhtan/ros_ws/install/serial_motor_demo:/opt/ros/foxy /usr/bin/cmake --build /home/thanhtan/ros_ws/build/serial -- -j12 -l12
[4.816s] Invoking command in '/home/thanhtan/ros_ws/build/serial': CMAKE_PREFIX_PATH=${CMAKE_PREFIX_PATH}:/home/thanhtan/ros_ws/install/serial_motor_demo:/opt/ros/foxy /usr/bin/cmake --install /home/thanhtan/ros_ws/build/serial
[4.824s] -- Install configuration: ""
[4.824s] -- Execute custom install script
[4.825s] -- Symlinking: /home/thanhtan/ros_ws/install/serial/lib/libserial.a
[4.838s] -- Symlinking: /home/thanhtan/ros_ws/install/serial/include/serial/serial.h
[4.853s] -- Symlinking: /home/thanhtan/ros_ws/install/serial/include/serial/v8stdint.h
[4.867s] -- Symlinking: /home/thanhtan/ros_ws/install/serial/share/serial/environment/library_path.sh
[4.883s] -- Symlinking: /home/thanhtan/ros_ws/install/serial/share/serial/environment/library_path.dsv
[4.891s] -- Symlinking: /home/thanhtan/ros_ws/install/serial/share/ament_index/resource_index/package_run_dependencies/serial
[4.898s] -- Symlinking: /home/thanhtan/ros_ws/install/serial/share/ament_index/resource_index/parent_prefix_path/serial
[4.911s] -- Symlinking: /home/thanhtan/ros_ws/install/serial/share/serial/environment/ament_prefix_path.sh
[4.920s] -- Symlinking: /home/thanhtan/ros_ws/install/serial/share/serial/environment/ament_prefix_path.dsv
[4.929s] -- Symlinking: /home/thanhtan/ros_ws/install/serial/share/serial/environment/path.sh
[4.937s] -- Symlinking: /home/thanhtan/ros_ws/install/serial/share/serial/environment/path.dsv
[4.946s] -- Symlinking: /home/thanhtan/ros_ws/install/serial/share/serial/local_setup.bash
[4.960s] -- Symlinking: /home/thanhtan/ros_ws/install/serial/share/serial/local_setup.sh
[4.970s] -- Symlinking: /home/thanhtan/ros_ws/install/serial/share/serial/local_setup.zsh
[4.978s] -- Symlinking: /home/thanhtan/ros_ws/install/serial/share/serial/local_setup.dsv
[4.986s] -- Symlinking: /home/thanhtan/ros_ws/install/serial/share/serial/package.dsv
[4.995s] -- Symlinking: /home/thanhtan/ros_ws/install/serial/share/ament_index/resource_index/packages/serial
[5.003s] -- Symlinking: /home/thanhtan/ros_ws/install/serial/share/serial/cmake/ament_cmake_export_include_directories-extras.cmake
[5.018s] -- Symlinking: /home/thanhtan/ros_ws/install/serial/share/serial/cmake/ament_cmake_export_libraries-extras.cmake
[5.026s] -- Symlinking: /home/thanhtan/ros_ws/install/serial/share/serial/cmake/serialConfig.cmake
[5.034s] -- Symlinking: /home/thanhtan/ros_ws/install/serial/share/serial/cmake/serialConfig-version.cmake
[5.045s] -- Symlinking: /home/thanhtan/ros_ws/install/serial/share/serial/package.xml
[5.056s] Invoked command in '/home/thanhtan/ros_ws/build/serial' returned '0': CMAKE_PREFIX_PATH=${CMAKE_PREFIX_PATH}:/home/thanhtan/ros_ws/install/serial_motor_demo:/opt/ros/foxy /usr/bin/cmake --install /home/thanhtan/ros_ws/build/serial
